Using pre-set license
Built from '2020.3/staging' branch; Version is '2020.3.9f1 (108be757e447) revision 1084391'; Using compiler version '192528614'; Build Type 'Release'
OS: 'Windows 10 Home Single Language; OS build 19043.1526; Version 2009; 64bit' Language: 'ru' Physical Memory: 11663 MB
BatchMode: 1, IsHumanControllingUs: 0, StartBugReporterOnCrash: 0, Is64bit: 1, IsPro: 0

 COMMAND LINE ARGUMENTS:
C:\Program Files\Unity\Hub\Editor\2019.4.24f1\Editor\Unity.exe
-adb2
-batchMode
-noUpm
-name
AssetImportWorker1
-projectPath
D:/unityD/GB/2D_Shooting/2D_Shooting
-logFile
Logs/AssetImportWorker1.log
-srvPort
59209
Successfully changed project path to: D:/unityD/GB/2D_Shooting/2D_Shooting
D:/unityD/GB/2D_Shooting/2D_Shooting
Using Asset Import Pipeline V2.
Refreshing native plugins compatible for Editor in 174.79 ms, found 1 plugins.
Preloading 0 native plugins for Editor in 0.00 ms.
Initialize engine version: 2020.3.9f1 (108be757e447)
[Subsystems] Discovering subsystems at path C:/Program Files/Unity/Hub/Editor/2019.4.24f1/Editor/Data/Resources/UnitySubsystems
[Subsystems] Discovering subsystems at path D:/unityD/GB/2D_Shooting/2D_Shooting/Assets
GfxDevice: creating device client; threaded=0
Direct3D:
    Version:  Direct3D 11.0 [level 11.1]
    Renderer: AMD Radeon R5 Graphics (ID=0x9874)
    Vendor:   
    VRAM:     5831 MB
    Driver:   27.20.1034.6
Initialize mono
Mono path[0] = 'C:/Program Files/Unity/Hub/Editor/2019.4.24f1/Editor/Data/Managed'
Mono path[1] = 'C:/Program Files/Unity/Hub/Editor/2019.4.24f1/Editor/Data/MonoBleedingEdge/lib/mono/unityjit'
Mono config path = 'C:/Program Files/Unity/Hub/Editor/2019.4.24f1/Editor/Data/MonoBleedingEdge/etc'
Using monoOptions --debugger-agent=transport=dt_socket,embedding=1,server=y,suspend=n,address=127.0.0.1:56736
Begin MonoManager ReloadAssembly
Registering precompiled unity dll's ...
Register platform support module: C:/Program Files/Unity/Hub/Editor/2019.4.24f1/Editor/Data/PlaybackEngines/MacStandaloneSupport/UnityEditor.OSXStandalone.Extensions.dll
Register platform support module: C:/Program Files/Unity/Hub/Editor/2019.4.24f1/Editor/Data/PlaybackEngines/WindowsStandaloneSupport/UnityEditor.WindowsStandalone.Extensions.dll
Register platform support module: C:/Program Files/Unity/Hub/Editor/2019.4.24f1/Editor/Data/PlaybackEngines/LinuxStandaloneSupport/UnityEditor.LinuxStandalone.Extensions.dll
Registered in 0.010319 seconds.
Native extension for LinuxStandalone target not found
Native extension for WindowsStandalone target not found
Native extension for OSXStandalone target not found
Refreshing native plugins compatible for Editor in 148.16 ms, found 1 plugins.
Preloading 0 native plugins for Editor in 0.00 ms.
Mono: successfully reloaded assembly
- Completed reload, in  5.693 seconds
Platform modules already initialized, skipping
Registering precompiled user dll's ...
Registered in 0.003262 seconds.
Begin MonoManager ReloadAssembly
Native extension for LinuxStandalone target not found
Native extension for WindowsStandalone target not found
Native extension for OSXStandalone target not found
Refreshing native plugins compatible for Editor in 175.89 ms, found 1 plugins.
Preloading 0 native plugins for Editor in 0.00 ms.
Mono: successfully reloaded assembly
- Completed reload, in  4.204 seconds
Platform modules already initialized, skipping
========================================================================
Worker process is ready to serve import requests
Launched and connected shader compiler UnityShaderCompiler.exe after 0.23 seconds
Refreshing native plugins compatible for Editor in 5.32 ms, found 1 plugins.
Preloading 0 native plugins for Editor in 0.00 ms.
Unloading 1808 Unused Serialized files (Serialized files now loaded: 0)
System memory in use before: 85.0 MB.
System memory in use after: 84.9 MB.

Unloading 24 unused Assets to reduce memory usage. Loaded Objects now: 2250.
Total: 7.891600 ms (FindLiveObjects: 0.543200 ms CreateObjectMapping: 0.361300 ms MarkObjects: 6.361900 ms  DeleteObjects: 0.620200 ms)

========================================================================
Received Import Request.
  path: Assets/Image
  artifactKey: Guid(df22125171ce2a04cb181477481123ff) Importer(815301076,1909f56bfc062723c751e8b465ee728b)
Start importing Assets/Image using Guid(df22125171ce2a04cb181477481123ff) Importer(815301076,1909f56bfc062723c751e8b465ee728b)  -> (artifact id: '7c0c5f8147e6bd5829275c9d4a78f1b2') in 0.015255 seconds
  Import took 0.053292 seconds .

========================================================================
Received Import Request.
  Time since last request: 0.849715 seconds.
  path: Assets/Scripts
  artifactKey: Guid(fed1c946a69af95448e0b6888e833598) Importer(815301076,1909f56bfc062723c751e8b465ee728b)
Start importing Assets/Scripts using Guid(fed1c946a69af95448e0b6888e833598) Importer(815301076,1909f56bfc062723c751e8b465ee728b)  -> (artifact id: 'c3fd5acebcf63da00c961aa1e68b63d0') in 0.011069 seconds
  Import took 0.054247 seconds .

========================================================================
Received Import Request.
  Time since last request: 0.019430 seconds.
  path: Assets/Scripts
  artifactKey: Guid(fed1c946a69af95448e0b6888e833598) Importer(815301076,1909f56bfc062723c751e8b465ee728b)
Start importing Assets/Scripts using Guid(fed1c946a69af95448e0b6888e833598) Importer(815301076,1909f56bfc062723c751e8b465ee728b)  -> (artifact id: 'c3fd5acebcf63da00c961aa1e68b63d0') in 0.008203 seconds
  Import took 0.053656 seconds .

========================================================================
Received Import Request.
  Time since last request: 10.000522 seconds.
  path: Assets/Scripts/Player
  artifactKey: Guid(f7435405bb7c4424fba7b44f7bba1401) Importer(815301076,1909f56bfc062723c751e8b465ee728b)
Start importing Assets/Scripts/Player using Guid(f7435405bb7c4424fba7b44f7bba1401) Importer(815301076,1909f56bfc062723c751e8b465ee728b)  -> (artifact id: 'cba0bc561bf7d5782637d5d5469eeccd') in 0.006197 seconds
  Import took 0.014087 seconds .

========================================================================
Received Import Request.
  Time since last request: 13.340307 seconds.
  path: Assets/Scripts/System
  artifactKey: Guid(28c5db0e638fd4b45a36f84e746124e3) Importer(815301076,1909f56bfc062723c751e8b465ee728b)
Start importing Assets/Scripts/System using Guid(28c5db0e638fd4b45a36f84e746124e3) Importer(815301076,1909f56bfc062723c751e8b465ee728b)  -> (artifact id: 'd9cd9652e463cb4472a8fcf843d2a2e7') in 0.028843 seconds
  Import took 0.046254 seconds .

========================================================================
Received Import Request.
  Time since last request: 23.113730 seconds.
  path: Assets/Image/Spite
  artifactKey: Guid(7f2fea8eff9169b4f8b03a44d5636021) Importer(815301076,1909f56bfc062723c751e8b465ee728b)
Start importing Assets/Image/Spite using Guid(7f2fea8eff9169b4f8b03a44d5636021) Importer(815301076,1909f56bfc062723c751e8b465ee728b)  -> (artifact id: '2129cb6a2035d0b820a55dfd1842fae5') in 0.010776 seconds
  Import took 0.079445 seconds .

========================================================================
Received Import Request.
  Time since last request: 35.168307 seconds.
  path: Assets/Image/Spite/Char
  artifactKey: Guid(f8356d7e6d57cbd4da347420f28ae6e7) Importer(815301076,1909f56bfc062723c751e8b465ee728b)
Start importing Assets/Image/Spite/Char using Guid(f8356d7e6d57cbd4da347420f28ae6e7) Importer(815301076,1909f56bfc062723c751e8b465ee728b)  -> (artifact id: '36baa62920161eeb08b61ce7ea073481') in 0.006561 seconds
  Import took 0.144320 seconds .

========================================================================
Received Import Request.
  Time since last request: 13.972051 seconds.
  path: Assets/Image/Spite/Fon
  artifactKey: Guid(4e43988018833f74eadef470b1d89ca9) Importer(815301076,1909f56bfc062723c751e8b465ee728b)
Start importing Assets/Image/Spite/Fon using Guid(4e43988018833f74eadef470b1d89ca9) Importer(815301076,1909f56bfc062723c751e8b465ee728b)  -> (artifact id: 'd1d95189af65b2e61096c100ceda8f09') in 0.007715 seconds
  Import took 0.016327 seconds .

========================================================================
Received Import Request.
  Time since last request: 22.586340 seconds.
  path: Assets/Image/Spite/Character
  artifactKey: Guid(f8356d7e6d57cbd4da347420f28ae6e7) Importer(815301076,1909f56bfc062723c751e8b465ee728b)
Start importing Assets/Image/Spite/Character using Guid(f8356d7e6d57cbd4da347420f28ae6e7) Importer(815301076,1909f56bfc062723c751e8b465ee728b)  -> (artifact id: 'd41ed3d09114738fae4a1bbb60854428') in 0.007356 seconds
  Import took 0.066629 seconds .

========================================================================
Received Import Request.
  Time since last request: 12.168622 seconds.
  path: Assets/Image/Spite/Background
  artifactKey: Guid(4e43988018833f74eadef470b1d89ca9) Importer(815301076,1909f56bfc062723c751e8b465ee728b)
Start importing Assets/Image/Spite/Background using Guid(4e43988018833f74eadef470b1d89ca9) Importer(815301076,1909f56bfc062723c751e8b465ee728b)  -> (artifact id: '1d06c242be47e8207c08abc45b874ec0') in 0.016358 seconds
  Import took 0.032331 seconds .

========================================================================
Received Import Request.
  Time since last request: 99.942510 seconds.
  path: Assets/Image/Spite/Background/1620310745_20-phonoteka_org-p-sprait-fon-24.jpg
  artifactKey: Guid(98edf89f647824747b87f5fb62f8e63b) Importer(815301076,1909f56bfc062723c751e8b465ee728b)
Start importing Assets/Image/Spite/Background/1620310745_20-phonoteka_org-p-sprait-fon-24.jpg using Guid(98edf89f647824747b87f5fb62f8e63b) Importer(815301076,1909f56bfc062723c751e8b465ee728b)  -> (artifact id: '5d9a9059e48c3cb078ee87f123948f78') in 0.373822 seconds
  Import took 0.381310 seconds .

========================================================================
Received Import Request.
  Time since last request: 0.000499 seconds.
  path: Assets/Image/Spite/Background/1620310795_27-phonoteka_org-p-sprait-fon-31.png
  artifactKey: Guid(5b76e4c56817e38409716041c34f36db) Importer(815301076,1909f56bfc062723c751e8b465ee728b)
Start importing Assets/Image/Spite/Background/1620310795_27-phonoteka_org-p-sprait-fon-31.png using Guid(5b76e4c56817e38409716041c34f36db) Importer(815301076,1909f56bfc062723c751e8b465ee728b)  -> (artifact id: '21582ca14e59c3b8068f875c6a425228') in 0.089272 seconds
  Import took 0.096134 seconds .

========================================================================
Received Import Request.
  Time since last request: 0.000522 seconds.
  path: Assets/Image/Spite/Background/tumblr_m2l7zaKwpW1qbzzgco1_1280.png
  artifactKey: Guid(57896b365ac4ac64c828a862c7893acf) Importer(815301076,1909f56bfc062723c751e8b465ee728b)
Start importing Assets/Image/Spite/Background/tumblr_m2l7zaKwpW1qbzzgco1_1280.png using Guid(57896b365ac4ac64c828a862c7893acf) Importer(815301076,1909f56bfc062723c751e8b465ee728b)  -> (artifact id: '1e85eac57e141557ad55304202598625') in 0.036402 seconds
  Import took 0.058090 seconds .

========================================================================
Received Import Request.
  Time since last request: 0.000632 seconds.
  path: Assets/Image/Spite/Background/1620310795_27-phonoteka_org-p-sprait-fon-31.png
  artifactKey: Guid(5b76e4c56817e38409716041c34f36db) Importer(815301076,1909f56bfc062723c751e8b465ee728b)
Start importing Assets/Image/Spite/Background/1620310795_27-phonoteka_org-p-sprait-fon-31.png using Guid(5b76e4c56817e38409716041c34f36db) Importer(815301076,1909f56bfc062723c751e8b465ee728b)  -> (artifact id: '21582ca14e59c3b8068f875c6a425228') in 0.053589 seconds
  Import took 0.061206 seconds .

========================================================================
Received Import Request.
  Time since last request: 0.000435 seconds.
  path: Assets/Image/Spite/Background/rafael-fonseca-tilemap-forest128x.jpg
  artifactKey: Guid(f6aaf570b14bb304ab84c2c79099c2da) Importer(815301076,1909f56bfc062723c751e8b465ee728b)
Start importing Assets/Image/Spite/Background/rafael-fonseca-tilemap-forest128x.jpg using Guid(f6aaf570b14bb304ab84c2c79099c2da) Importer(815301076,1909f56bfc062723c751e8b465ee728b)  -> (artifact id: 'e4aa1377c84217075ec8e5d3d4deddb0') in 0.035540 seconds
  Import took 0.085309 seconds .

========================================================================
Received Import Request.
  Time since last request: 0.000546 seconds.
  path: Assets/Image/Spite/Background/1620310856_51-phonoteka_org-p-sprait-fon-59.jpg
  artifactKey: Guid(8b899ee8cbaa8fd478ff5045ade78d3f) Importer(815301076,1909f56bfc062723c751e8b465ee728b)
Start importing Assets/Image/Spite/Background/1620310856_51-phonoteka_org-p-sprait-fon-59.jpg using Guid(8b899ee8cbaa8fd478ff5045ade78d3f) Importer(815301076,1909f56bfc062723c751e8b465ee728b)  -> (artifact id: '83ac336cc3d1c6919a56184052e07095') in 0.033966 seconds
  Import took 0.041804 seconds .

========================================================================
Received Import Request.
  Time since last request: 7.433706 seconds.
  path: Assets/Image/Spite/Character/goldenarmy.png
  artifactKey: Guid(661da28e67e719f40818bfdc6594b7df) Importer(815301076,1909f56bfc062723c751e8b465ee728b)
Start importing Assets/Image/Spite/Character/goldenarmy.png using Guid(661da28e67e719f40818bfdc6594b7df) Importer(815301076,1909f56bfc062723c751e8b465ee728b)  -> (artifact id: 'fcbbdfbf8bb83ee7a5eff59ef84b1eae') in 0.056280 seconds
  Import took 0.221214 seconds .

========================================================================
Received Import Request.
  Time since last request: 0.000675 seconds.
  path: Assets/Image/Spite/Character/Neo Geo NGCD - Metal Slug 3 - Locust.png
  artifactKey: Guid(38f9738d4d9318348aced6fd36da7f31) Importer(815301076,1909f56bfc062723c751e8b465ee728b)
Start importing Assets/Image/Spite/Character/Neo Geo NGCD - Metal Slug 3 - Locust.png using Guid(38f9738d4d9318348aced6fd36da7f31) Importer(815301076,1909f56bfc062723c751e8b465ee728b)  -> (artifact id: 'a6d5b8908a8c63bac76bb8ed5bbaec83') in 0.085362 seconds
  Import took 0.187594 seconds .

========================================================================
Received Import Request.
  Time since last request: 0.000751 seconds.
  path: Assets/Image/Spite/Character/zombie.png
  artifactKey: Guid(0e2a70b0f71579e4b9b27440ceccce64) Importer(815301076,1909f56bfc062723c751e8b465ee728b)
Start importing Assets/Image/Spite/Character/zombie.png using Guid(0e2a70b0f71579e4b9b27440ceccce64) Importer(815301076,1909f56bfc062723c751e8b465ee728b)  -> (artifact id: 'a47407dc3b9613615c9e1726c7123758') in 0.031338 seconds
  Import took 0.135307 seconds .

========================================================================
Received Import Request.
  Time since last request: 0.000669 seconds.
  path: Assets/Image/Spite/Character/klipartz2.com.png
  artifactKey: Guid(6ff92fd2a3f821c43a32955c2cf0cd33) Importer(815301076,1909f56bfc062723c751e8b465ee728b)
Start importing Assets/Image/Spite/Character/klipartz2.com.png using Guid(6ff92fd2a3f821c43a32955c2cf0cd33) Importer(815301076,1909f56bfc062723c751e8b465ee728b)  -> (artifact id: 'e94a62569383678a3a8e1af8dad5e2dd') in 0.047674 seconds
  Import took 0.056558 seconds .

========================================================================
Received Import Request.
  Time since last request: 0.000730 seconds.
  path: Assets/Image/Spite/Character/Neo Geo NGCD - Metal Slug 3 - Clones.png
  artifactKey: Guid(9e19462771526ff4c98580b03d9c2681) Importer(815301076,1909f56bfc062723c751e8b465ee728b)
Start importing Assets/Image/Spite/Character/Neo Geo NGCD - Metal Slug 3 - Clones.png using Guid(9e19462771526ff4c98580b03d9c2681) Importer(815301076,1909f56bfc062723c751e8b465ee728b)  -> (artifact id: 'c82ac1868202ab507c8b4b8794c6bd6e') in 0.052563 seconds
  Import took 0.135662 seconds .

========================================================================
Received Import Request.
  Time since last request: 0.000863 seconds.
  path: Assets/Image/Spite/Character/klipartz3.com.png
  artifactKey: Guid(eadf35ecdc8327d48bbdda0e8d29ac98) Importer(815301076,1909f56bfc062723c751e8b465ee728b)
Start importing Assets/Image/Spite/Character/klipartz3.com.png using Guid(eadf35ecdc8327d48bbdda0e8d29ac98) Importer(815301076,1909f56bfc062723c751e8b465ee728b)  -> (artifact id: '71b311fc2aeb63a9a5f96e78fc688704') in 0.052105 seconds
  Import took 0.121103 seconds .

========================================================================
Received Import Request.
  Time since last request: 0.000840 seconds.
  path: Assets/Image/Spite/Character/Neo Geo NGCD - Metal Slug 3 - Zombie Clones.png
  artifactKey: Guid(dbf2f1c42fde4a441accd3261130838c) Importer(815301076,1909f56bfc062723c751e8b465ee728b)
Start importing Assets/Image/Spite/Character/Neo Geo NGCD - Metal Slug 3 - Zombie Clones.png using Guid(dbf2f1c42fde4a441accd3261130838c) Importer(815301076,1909f56bfc062723c751e8b465ee728b)  -> (artifact id: '078da358ebe97ca9607c5ec5be081f66') in 0.042573 seconds
  Import took 0.097421 seconds .

========================================================================
Received Import Request.
  Time since last request: 0.000605 seconds.
  path: Assets/Image/Spite/Character/Neo Geo NGCD - Metal Slug 3 - Chowmein Conga.png
  artifactKey: Guid(40235eddaca390849b8cc88db36232e7) Importer(815301076,1909f56bfc062723c751e8b465ee728b)
Start importing Assets/Image/Spite/Character/Neo Geo NGCD - Metal Slug 3 - Chowmein Conga.png using Guid(40235eddaca390849b8cc88db36232e7) Importer(815301076,1909f56bfc062723c751e8b465ee728b)  -> (artifact id: '1493c6b099b4c358b19a3e0e2f50f3c5') in 0.047504 seconds
  Import took 0.120738 seconds .

========================================================================
Received Import Request.
  Time since last request: 0.000553 seconds.
  path: Assets/Image/Spite/Character/Neo Geo NGCD - Metal Slug 3 - Ohumein Conga.png
  artifactKey: Guid(eb2fce876532e97488e1b864981da3c3) Importer(815301076,1909f56bfc062723c751e8b465ee728b)
Start importing Assets/Image/Spite/Character/Neo Geo NGCD - Metal Slug 3 - Ohumein Conga.png using Guid(eb2fce876532e97488e1b864981da3c3) Importer(815301076,1909f56bfc062723c751e8b465ee728b)  -> (artifact id: '2968951874f2c66da923ecd43bedae49') in 2.320484 seconds
  Import took 2.782771 seconds .

========================================================================
Received Import Request.
  Time since last request: 0.088027 seconds.
  path: Assets/Image/Spite/Character/Neo Geo NGCD - Metal Slug 3 - Rebel Soldier Rifle.png
  artifactKey: Guid(96d83191435e62042b18376b9454f149) Importer(815301076,1909f56bfc062723c751e8b465ee728b)
Start importing Assets/Image/Spite/Character/Neo Geo NGCD - Metal Slug 3 - Rebel Soldier Rifle.png using Guid(96d83191435e62042b18376b9454f149) Importer(815301076,1909f56bfc062723c751e8b465ee728b)  -> (artifact id: '6b21764cbb8c36ba5e35c5cb758739a0') in 0.208604 seconds
  Import took 0.257264 seconds .

========================================================================
Received Import Request.
  Time since last request: 0.049980 seconds.
  path: Assets/Image/Spite/Character/klipartz1.com.png
  artifactKey: Guid(c7287c0b5875e4b4c85e388d529c3657) Importer(815301076,1909f56bfc062723c751e8b465ee728b)
Start importing Assets/Image/Spite/Character/klipartz1.com.png using Guid(c7287c0b5875e4b4c85e388d529c3657) Importer(815301076,1909f56bfc062723c751e8b465ee728b)  -> (artifact id: '414adb6ca2f05b163381d084be1a5455') in 0.157165 seconds
  Import took 0.177857 seconds .

========================================================================
Received Import Request.
  Time since last request: 19080.469880 seconds.
  path: Assets/Image/Spite/Character/goldenarmy.png
  artifactKey: Guid(661da28e67e719f40818bfdc6594b7df) Importer(815301076,1909f56bfc062723c751e8b465ee728b)
Start importing Assets/Image/Spite/Character/goldenarmy.png using Guid(661da28e67e719f40818bfdc6594b7df) Importer(815301076,1909f56bfc062723c751e8b465ee728b)  -> (artifact id: '421e67ea566ce4dc03b117c51b9e65ee') in 0.118976 seconds
  Import took 0.178562 seconds .

========================================================================
Received Import Request.
  Time since last request: 491.040100 seconds.
  path: Assets/Image/Spite/Character/klipartz3.com.png
  artifactKey: Guid(eadf35ecdc8327d48bbdda0e8d29ac98) Importer(815301076,1909f56bfc062723c751e8b465ee728b)
Start importing Assets/Image/Spite/Character/klipartz3.com.png using Guid(eadf35ecdc8327d48bbdda0e8d29ac98) Importer(815301076,1909f56bfc062723c751e8b465ee728b)  -> (artifact id: '65498254ef3ba9d336e7f9cbb17da72a') in 0.140738 seconds
  Import took 0.217944 seconds .

========================================================================
Received Import Request.
  Time since last request: 164.976361 seconds.
  path: Assets/Image/Spite/Character/Neo Geo NGCD - Metal Slug 3 - Clones.png
  artifactKey: Guid(9e19462771526ff4c98580b03d9c2681) Importer(815301076,1909f56bfc062723c751e8b465ee728b)
Start importing Assets/Image/Spite/Character/Neo Geo NGCD - Metal Slug 3 - Clones.png using Guid(9e19462771526ff4c98580b03d9c2681) Importer(815301076,1909f56bfc062723c751e8b465ee728b)  -> (artifact id: 'b8a79451c08ff9f2a6a8587ca5c63efd') in 0.173369 seconds
  Import took 0.254751 seconds .

========================================================================
Received Import Request.
  Time since last request: 127.097306 seconds.
  path: Assets/Image/Spite/Character/Neo Geo NGCD - Metal Slug 3 - Rebel Soldier Rifle.png
  artifactKey: Guid(96d83191435e62042b18376b9454f149) Importer(815301076,1909f56bfc062723c751e8b465ee728b)
Start importing Assets/Image/Spite/Character/Neo Geo NGCD - Metal Slug 3 - Rebel Soldier Rifle.png using Guid(96d83191435e62042b18376b9454f149) Importer(815301076,1909f56bfc062723c751e8b465ee728b)  -> (artifact id: 'a56c3f27b56530e76a2a2067299cee3c') in 0.111308 seconds
  Import took 0.123327 seconds .

========================================================================
Received Import Request.
  Time since last request: 0.005590 seconds.
  path: Assets/Image/Spite/Character/Neo Geo NGCD - Metal Slug 3 - Rebel Soldier Rifle.png
  artifactKey: Guid(96d83191435e62042b18376b9454f149) Importer(815301076,1909f56bfc062723c751e8b465ee728b)
Start importing Assets/Image/Spite/Character/Neo Geo NGCD - Metal Slug 3 - Rebel Soldier Rifle.png using Guid(96d83191435e62042b18376b9454f149) Importer(815301076,1909f56bfc062723c751e8b465ee728b)  -> (artifact id: 'a56c3f27b56530e76a2a2067299cee3c') in 0.050403 seconds
  Import took 0.058823 seconds .

========================================================================
Received Import Request.
  Time since last request: 44.456399 seconds.
  path: Assets/Image/Spite/Character/Neo Geo NGCD - Metal Slug 3 - Zombie Clones.png
  artifactKey: Guid(dbf2f1c42fde4a441accd3261130838c) Importer(815301076,1909f56bfc062723c751e8b465ee728b)
Start importing Assets/Image/Spite/Character/Neo Geo NGCD - Metal Slug 3 - Zombie Clones.png using Guid(dbf2f1c42fde4a441accd3261130838c) Importer(815301076,1909f56bfc062723c751e8b465ee728b)  -> (artifact id: '430643585aa671dff509d94c1f5c465c') in 0.107772 seconds
  Import took 0.169187 seconds .

========================================================================
Received Import Request.
  Time since last request: 1150.261425 seconds.
  path: Assets/Image/Spite/Background/1620310856_51-phonoteka_org-p-sprait-fon-59.png
  artifactKey: Guid(1c58deb23a534254d978f66d8221ca14) Importer(815301076,1909f56bfc062723c751e8b465ee728b)
Start importing Assets/Image/Spite/Background/1620310856_51-phonoteka_org-p-sprait-fon-59.png using Guid(1c58deb23a534254d978f66d8221ca14) Importer(815301076,1909f56bfc062723c751e8b465ee728b)  -> (artifact id: '62c5f1cf37c204d8f5a18681aac125f9') in 0.219608 seconds
  Import took 0.281833 seconds .

========================================================================
Received Import Request.
  Time since last request: 103.030869 seconds.
  path: Assets/Image/Spite/Background/rafael-fonseca-tilemap-forest128x.png
  artifactKey: Guid(36513800c7ba1bb41bc87b9d8f3d95ae) Importer(815301076,1909f56bfc062723c751e8b465ee728b)
Start importing Assets/Image/Spite/Background/rafael-fonseca-tilemap-forest128x.png using Guid(36513800c7ba1bb41bc87b9d8f3d95ae) Importer(815301076,1909f56bfc062723c751e8b465ee728b)  -> (artifact id: 'd6c52fed2a1b69c4840b684e514e0a9a') in 0.120743 seconds
  Import took 0.191152 seconds .

========================================================================
Received Import Request.
  Time since last request: 1618.000825 seconds.
  path: Assets/Image/Spite/Background/rafael-fonseca-tilemap-forest128x.png
  artifactKey: Guid(36513800c7ba1bb41bc87b9d8f3d95ae) Importer(815301076,1909f56bfc062723c751e8b465ee728b)
Start importing Assets/Image/Spite/Background/rafael-fonseca-tilemap-forest128x.png using Guid(36513800c7ba1bb41bc87b9d8f3d95ae) Importer(815301076,1909f56bfc062723c751e8b465ee728b)  -> (artifact id: 'cfd82c1870bd147ca0c9412d67285ea1') in 0.168169 seconds
  Import took 0.348199 seconds .

========================================================================
Received Import Request.
  Time since last request: 9.215589 seconds.
  path: Assets/Image/Spite/Background/1620310856_51-phonoteka_org-p-sprait-fon-59.png
  artifactKey: Guid(1c58deb23a534254d978f66d8221ca14) Importer(815301076,1909f56bfc062723c751e8b465ee728b)
Start importing Assets/Image/Spite/Background/1620310856_51-phonoteka_org-p-sprait-fon-59.png using Guid(1c58deb23a534254d978f66d8221ca14) Importer(815301076,1909f56bfc062723c751e8b465ee728b)  -> (artifact id: '20ddf43e18c796915fd25f85e785ef5a') in 0.189416 seconds
  Import took 0.227191 seconds .

========================================================================
Received Import Request.
  Time since last request: 739.096616 seconds.
  path: Assets/Image/Spite/Background/1620310856_51-phonoteka_org-p-sprait-fon-59.png
  artifactKey: Guid(1c58deb23a534254d978f66d8221ca14) Importer(815301076,1909f56bfc062723c751e8b465ee728b)
Start importing Assets/Image/Spite/Background/1620310856_51-phonoteka_org-p-sprait-fon-59.png using Guid(1c58deb23a534254d978f66d8221ca14) Importer(815301076,1909f56bfc062723c751e8b465ee728b)  -> (artifact id: '963ca589235a0a26349363dfb7194d93') in 0.067817 seconds
  Import took 0.284105 seconds .

========================================================================
Received Import Request.
  Time since last request: 79.790545 seconds.
  path: Assets/Image/Spite/Background/1620310745_20-phonoteka_org-p-sprait-fon-24.jpg
  artifactKey: Guid(98edf89f647824747b87f5fb62f8e63b) Importer(815301076,1909f56bfc062723c751e8b465ee728b)
Start importing Assets/Image/Spite/Background/1620310745_20-phonoteka_org-p-sprait-fon-24.jpg using Guid(98edf89f647824747b87f5fb62f8e63b) Importer(815301076,1909f56bfc062723c751e8b465ee728b)  -> (artifact id: '6407c768c52e558f0a779a7a0a2f5dcc') in 0.330612 seconds
  Import took 0.339749 seconds .

========================================================================
Received Import Request.
  Time since last request: 11.307647 seconds.
  path: Assets/Image/Spite/Background/1620310745_20-phonoteka_org-p-sprait-fon-24.jpg
  artifactKey: Guid(98edf89f647824747b87f5fb62f8e63b) Importer(815301076,1909f56bfc062723c751e8b465ee728b)
Start importing Assets/Image/Spite/Background/1620310745_20-phonoteka_org-p-sprait-fon-24.jpg using Guid(98edf89f647824747b87f5fb62f8e63b) Importer(815301076,1909f56bfc062723c751e8b465ee728b)  -> (artifact id: 'db36b5b5ff05062ce2343159aaa077f1') in 0.280324 seconds
  Import took 0.341430 seconds .

========================================================================
Received Import Request.
  Time since last request: 18.307450 seconds.
  path: Assets/Image/Spite/Background/1620310745_20-phonoteka_org-p-sprait-fon-24.jpg
  artifactKey: Guid(98edf89f647824747b87f5fb62f8e63b) Importer(815301076,1909f56bfc062723c751e8b465ee728b)
Start importing Assets/Image/Spite/Background/1620310745_20-phonoteka_org-p-sprait-fon-24.jpg using Guid(98edf89f647824747b87f5fb62f8e63b) Importer(815301076,1909f56bfc062723c751e8b465ee728b)  -> (artifact id: '9adb83c25da6f1c8e308fc002ae99f64') in 0.261082 seconds
  Import took 0.377637 seconds .

========================================================================
Received Prepare
Registering precompiled user dll's ...
Registered in 0.008487 seconds.
Begin MonoManager ReloadAssembly
Native extension for LinuxStandalone target not found
Native extension for WindowsStandalone target not found
Native extension for OSXStandalone target not found
Refreshing native plugins compatible for Editor in 3.83 ms, found 1 plugins.
Preloading 0 native plugins for Editor in 0.00 ms.
Mono: successfully reloaded assembly
- Completed reload, in  6.190 seconds
Platform modules already initialized, skipping
Switching build target platform(19) subTarget(0) extendedPlatform(0) -> platform(21) subTarget(0) extendedPlatform(0)
Refreshing native plugins compatible for Editor in 0.75 ms, found 1 plugins.
Preloading 0 native plugins for Editor in 0.00 ms.
Unloading 1807 Unused Serialized files (Serialized files now loaded: 0)
System memory in use before: 88.1 MB.
System memory in use after: 88.1 MB.

Unloading 12 unused Assets to reduce memory usage. Loaded Objects now: 2288.
Total: 5.503200 ms (FindLiveObjects: 0.534700 ms CreateObjectMapping: 0.147300 ms MarkObjects: 4.191900 ms  DeleteObjects: 0.625200 ms)

========================================================================
Received Prepare
Refreshing native plugins compatible for Editor in 5.38 ms, found 1 plugins.
Preloading 0 native plugins for Editor in 0.00 ms.
Unloading 10 Unused Serialized files (Serialized files now loaded: 0)
System memory in use before: 52.6 MB.
System memory in use after: 52.5 MB.

Unloading 10 unused Assets to reduce memory usage. Loaded Objects now: 2288.
Total: 4.959800 ms (FindLiveObjects: 0.552300 ms CreateObjectMapping: 0.149400 ms MarkObjects: 3.973900 ms  DeleteObjects: 0.282000 ms)

========================================================================
Received Import Request.
  Time since last request: 712.466493 seconds.
  path: Assets/Image/Spite/Background/1620310795_27-phonoteka_org-p-sprait-fon-31.png
  artifactKey: Guid(5b76e4c56817e38409716041c34f36db) Importer(815301076,1909f56bfc062723c751e8b465ee728b)
Start importing Assets/Image/Spite/Background/1620310795_27-phonoteka_org-p-sprait-fon-31.png using Guid(5b76e4c56817e38409716041c34f36db) Importer(815301076,1909f56bfc062723c751e8b465ee728b)  -> (artifact id: 'a95ee301b0caf5ec820d165c13b6e4ab') in 0.273869 seconds
  Import took 0.281464 seconds .

========================================================================
Received Import Request.
  Time since last request: 0.000892 seconds.
  path: Assets/Image/Spite/Background/1620310745_20-phonoteka_org-p-sprait-fon-24.jpg
  artifactKey: Guid(98edf89f647824747b87f5fb62f8e63b) Importer(815301076,1909f56bfc062723c751e8b465ee728b)
Start importing Assets/Image/Spite/Background/1620310745_20-phonoteka_org-p-sprait-fon-24.jpg using Guid(98edf89f647824747b87f5fb62f8e63b) Importer(815301076,1909f56bfc062723c751e8b465ee728b)  -> (artifact id: 'af42889d17f8194a350e7290775654d8') in 0.125486 seconds
  Import took 0.136088 seconds .

========================================================================
Received Import Request.
  Time since last request: 0.000204 seconds.
  path: Assets/Image/Spite/Background/rafael-fonseca-tilemap-forest128x.png
  artifactKey: Guid(36513800c7ba1bb41bc87b9d8f3d95ae) Importer(815301076,1909f56bfc062723c751e8b465ee728b)
Start importing Assets/Image/Spite/Background/rafael-fonseca-tilemap-forest128x.png using Guid(36513800c7ba1bb41bc87b9d8f3d95ae) Importer(815301076,1909f56bfc062723c751e8b465ee728b)  -> (artifact id: 'e7d31818c8cbd071cf282846b1d27fb1') in 0.098072 seconds
  Import took 0.120206 seconds .

========================================================================
Received Import Request.
  Time since last request: 0.000695 seconds.
  path: Assets/Image/Spite/Background/1620310856_51-phonoteka_org-p-sprait-fon-59.png
  artifactKey: Guid(1c58deb23a534254d978f66d8221ca14) Importer(815301076,1909f56bfc062723c751e8b465ee728b)
Start importing Assets/Image/Spite/Background/1620310856_51-phonoteka_org-p-sprait-fon-59.png using Guid(1c58deb23a534254d978f66d8221ca14) Importer(815301076,1909f56bfc062723c751e8b465ee728b)  -> (artifact id: '0c7289af0070e869398ff4a3a4585dff') in 0.068328 seconds
  Import took 0.080133 seconds .

========================================================================
Received Import Request.
  Time since last request: 0.001129 seconds.
  path: Assets/Image/Spite/Background/tumblr_m2l7zaKwpW1qbzzgco1_1280.png
  artifactKey: Guid(57896b365ac4ac64c828a862c7893acf) Importer(815301076,1909f56bfc062723c751e8b465ee728b)
Start importing Assets/Image/Spite/Background/tumblr_m2l7zaKwpW1qbzzgco1_1280.png using Guid(57896b365ac4ac64c828a862c7893acf) Importer(815301076,1909f56bfc062723c751e8b465ee728b)  -> (artifact id: 'cf7676690e14d9f0634f719e4a1ec750') in 0.050222 seconds
  Import took 0.060528 seconds .

========================================================================
Received Import Request.
  Time since last request: 0.000766 seconds.
  path: Assets/Image/Spite/Background/rafael-fonseca-tilemap-forest128x.jpg
  artifactKey: Guid(f6aaf570b14bb304ab84c2c79099c2da) Importer(815301076,1909f56bfc062723c751e8b465ee728b)
Start importing Assets/Image/Spite/Background/rafael-fonseca-tilemap-forest128x.jpg using Guid(f6aaf570b14bb304ab84c2c79099c2da) Importer(815301076,1909f56bfc062723c751e8b465ee728b)  -> (artifact id: '6283ec60b332c782a18298e10b13f1b0') in 0.035331 seconds
  Import took 0.046769 seconds .

========================================================================
Received Import Request.
  Time since last request: 0.000573 seconds.
  path: Assets/Image/Spite/Background/1620310856_51-phonoteka_org-p-sprait-fon-59.jpg
  artifactKey: Guid(8b899ee8cbaa8fd478ff5045ade78d3f) Importer(815301076,1909f56bfc062723c751e8b465ee728b)
Start importing Assets/Image/Spite/Background/1620310856_51-phonoteka_org-p-sprait-fon-59.jpg using Guid(8b899ee8cbaa8fd478ff5045ade78d3f) Importer(815301076,1909f56bfc062723c751e8b465ee728b)  -> (artifact id: 'ed4b44c89e93bf2c46382a3e4a1526e0') in 0.092995 seconds
  Import took 0.108216 seconds .

========================================================================
Received Import Request.
  Time since last request: 396.450775 seconds.
  path: Assets/Image/Spite/Background/rafael-fonseca-tilemap-forest128x.png
  artifactKey: Guid(36513800c7ba1bb41bc87b9d8f3d95ae) Importer(815301076,1909f56bfc062723c751e8b465ee728b)
Start importing Assets/Image/Spite/Background/rafael-fonseca-tilemap-forest128x.png using Guid(36513800c7ba1bb41bc87b9d8f3d95ae) Importer(815301076,1909f56bfc062723c751e8b465ee728b)  -> (artifact id: '63657778b2fb62f4d5759c1d337729a4') in 0.789915 seconds
  Import took 0.808886 seconds .

========================================================================
Received Import Request.
  Time since last request: 121.628551 seconds.
  path: Assets/Image/Spite/Background/1620310856_51-phonoteka_org-p-sprait-fon-59.png
  artifactKey: Guid(1c58deb23a534254d978f66d8221ca14) Importer(815301076,1909f56bfc062723c751e8b465ee728b)
Start importing Assets/Image/Spite/Background/1620310856_51-phonoteka_org-p-sprait-fon-59.png using Guid(1c58deb23a534254d978f66d8221ca14) Importer(815301076,1909f56bfc062723c751e8b465ee728b)  -> (artifact id: 'eee2f646bf8f8edfe762be915b57a39a') in 2.331998 seconds
  Import took 2.368877 seconds .

========================================================================
Received Import Request.
  Time since last request: 241.240754 seconds.
  path: Assets/Image/Spite/Character/goldenarmy.png
  artifactKey: Guid(661da28e67e719f40818bfdc6594b7df) Importer(815301076,1909f56bfc062723c751e8b465ee728b)
Start importing Assets/Image/Spite/Character/goldenarmy.png using Guid(661da28e67e719f40818bfdc6594b7df) Importer(815301076,1909f56bfc062723c751e8b465ee728b)  -> (artifact id: '8f667d00fc5a947a149c4d02d0e53f42') in 0.052290 seconds
  Import took 0.059499 seconds .

========================================================================
Received Import Request.
  Time since last request: 0.000580 seconds.
  path: Assets/Image/Spite/Character/Neo Geo NGCD - Metal Slug 3 - Locust.png
  artifactKey: Guid(38f9738d4d9318348aced6fd36da7f31) Importer(815301076,1909f56bfc062723c751e8b465ee728b)
Start importing Assets/Image/Spite/Character/Neo Geo NGCD - Metal Slug 3 - Locust.png using Guid(38f9738d4d9318348aced6fd36da7f31) Importer(815301076,1909f56bfc062723c751e8b465ee728b)  -> (artifact id: 'f98dd5953ccb37e478e781ae621eccc5') in 0.108292 seconds
  Import took 0.115099 seconds .

========================================================================
Received Import Request.
  Time since last request: 0.000588 seconds.
  path: Assets/Image/Spite/Character/zombie.png
  artifactKey: Guid(0e2a70b0f71579e4b9b27440ceccce64) Importer(815301076,1909f56bfc062723c751e8b465ee728b)
Start importing Assets/Image/Spite/Character/zombie.png using Guid(0e2a70b0f71579e4b9b27440ceccce64) Importer(815301076,1909f56bfc062723c751e8b465ee728b)  -> (artifact id: '4a6b66f3b4e515516502bf0b0d202ae3') in 0.045819 seconds
  Import took 0.065229 seconds .

========================================================================
Received Import Request.
  Time since last request: 0.012476 seconds.
  path: Assets/Image/Spite/Character/klipartz2.com.png
  artifactKey: Guid(6ff92fd2a3f821c43a32955c2cf0cd33) Importer(815301076,1909f56bfc062723c751e8b465ee728b)
Start importing Assets/Image/Spite/Character/klipartz2.com.png using Guid(6ff92fd2a3f821c43a32955c2cf0cd33) Importer(815301076,1909f56bfc062723c751e8b465ee728b)  -> (artifact id: '5d6d69b39dc975e6bb4684e3f7cada94') in 0.056793 seconds
  Import took 0.072384 seconds .

========================================================================
Received Import Request.
  Time since last request: 0.000549 seconds.
  path: Assets/Image/Spite/Character/Neo Geo NGCD - Metal Slug 3 - Clones.png
  artifactKey: Guid(9e19462771526ff4c98580b03d9c2681) Importer(815301076,1909f56bfc062723c751e8b465ee728b)
Start importing Assets/Image/Spite/Character/Neo Geo NGCD - Metal Slug 3 - Clones.png using Guid(9e19462771526ff4c98580b03d9c2681) Importer(815301076,1909f56bfc062723c751e8b465ee728b)  -> (artifact id: '90b99d049a96b8e557780c9b93468f1c') in 0.077958 seconds
  Import took 0.096253 seconds .

========================================================================
Received Import Request.
  Time since last request: 0.000641 seconds.
  path: Assets/Image/Spite/Character/klipartz3.com.png
  artifactKey: Guid(eadf35ecdc8327d48bbdda0e8d29ac98) Importer(815301076,1909f56bfc062723c751e8b465ee728b)
Start importing Assets/Image/Spite/Character/klipartz3.com.png using Guid(eadf35ecdc8327d48bbdda0e8d29ac98) Importer(815301076,1909f56bfc062723c751e8b465ee728b)  -> (artifact id: 'b4b7a39da2a7496f47ed7635b83d70c9') in 0.097571 seconds
  Import took 0.110803 seconds .

========================================================================
Received Import Request.
  Time since last request: 0.000691 seconds.
  path: Assets/Image/Spite/Character/Neo Geo NGCD - Metal Slug 3 - Zombie Clones.png
  artifactKey: Guid(dbf2f1c42fde4a441accd3261130838c) Importer(815301076,1909f56bfc062723c751e8b465ee728b)
Start importing Assets/Image/Spite/Character/Neo Geo NGCD - Metal Slug 3 - Zombie Clones.png using Guid(dbf2f1c42fde4a441accd3261130838c) Importer(815301076,1909f56bfc062723c751e8b465ee728b)  -> (artifact id: '65b6dc0e89035b7344c4e61356844a20') in 0.038124 seconds
  Import took 0.050215 seconds .

========================================================================
Received Import Request.
  Time since last request: 0.001190 seconds.
  path: Assets/Image/Spite/Character/Neo Geo NGCD - Metal Slug 3 - Chowmein Conga.png
  artifactKey: Guid(40235eddaca390849b8cc88db36232e7) Importer(815301076,1909f56bfc062723c751e8b465ee728b)
Start importing Assets/Image/Spite/Character/Neo Geo NGCD - Metal Slug 3 - Chowmein Conga.png using Guid(40235eddaca390849b8cc88db36232e7) Importer(815301076,1909f56bfc062723c751e8b465ee728b)  -> (artifact id: '479479d8f4b81dcbf2c460a8afa7bab0') in 0.092124 seconds
  Import took 0.100444 seconds .

========================================================================
Received Import Request.
  Time since last request: 0.000584 seconds.
  path: Assets/Image/Spite/Character/Neo Geo NGCD - Metal Slug 3 - Ohumein Conga.png
  artifactKey: Guid(eb2fce876532e97488e1b864981da3c3) Importer(815301076,1909f56bfc062723c751e8b465ee728b)
Start importing Assets/Image/Spite/Character/Neo Geo NGCD - Metal Slug 3 - Ohumein Conga.png using Guid(eb2fce876532e97488e1b864981da3c3) Importer(815301076,1909f56bfc062723c751e8b465ee728b)  -> (artifact id: 'b4ba10981c6c64c34e5c179130a76ff8') in 0.148040 seconds
  Import took 0.160356 seconds .

========================================================================
Received Import Request.
  Time since last request: 0.001142 seconds.
  path: Assets/Image/Spite/Character/Neo Geo NGCD - Metal Slug 3 - Rebel Soldier Rifle.png
  artifactKey: Guid(96d83191435e62042b18376b9454f149) Importer(815301076,1909f56bfc062723c751e8b465ee728b)
Start importing Assets/Image/Spite/Character/Neo Geo NGCD - Metal Slug 3 - Rebel Soldier Rifle.png using Guid(96d83191435e62042b18376b9454f149) Importer(815301076,1909f56bfc062723c751e8b465ee728b)  -> (artifact id: '7a53f99eba4e9429b61bb720052fc059') in 0.154307 seconds
  Import took 0.165153 seconds .

========================================================================
Received Import Request.
  Time since last request: 0.000610 seconds.
  path: Assets/Image/Spite/Character/klipartz1.com.png
  artifactKey: Guid(c7287c0b5875e4b4c85e388d529c3657) Importer(815301076,1909f56bfc062723c751e8b465ee728b)
Start importing Assets/Image/Spite/Character/klipartz1.com.png using Guid(c7287c0b5875e4b4c85e388d529c3657) Importer(815301076,1909f56bfc062723c751e8b465ee728b)  -> (artifact id: '5d9dfd5399ffcff9805482dfd396a4db') in 0.392057 seconds
  Import took 0.402516 seconds .

========================================================================
Received Import Request.
  Time since last request: 77.198940 seconds.
  path: Assets/Image/Spite/Character/goldenarmy.png
  artifactKey: Guid(661da28e67e719f40818bfdc6594b7df) Importer(815301076,1909f56bfc062723c751e8b465ee728b)
Start importing Assets/Image/Spite/Character/goldenarmy.png using Guid(661da28e67e719f40818bfdc6594b7df) Importer(815301076,1909f56bfc062723c751e8b465ee728b)  -> (artifact id: '11e89072ebd04f38cfe3781b0e698b6e') in 0.057271 seconds
  Import took 0.083682 seconds .

========================================================================
Received Import Request.
  Time since last request: 0.034607 seconds.
  path: Assets/Image/Spite/Character/goldenarmy.png
  artifactKey: Guid(661da28e67e719f40818bfdc6594b7df) Importer(815301076,1909f56bfc062723c751e8b465ee728b)
Start importing Assets/Image/Spite/Character/goldenarmy.png using Guid(661da28e67e719f40818bfdc6594b7df) Importer(815301076,1909f56bfc062723c751e8b465ee728b)  -> (artifact id: '11e89072ebd04f38cfe3781b0e698b6e') in 0.127730 seconds
  Import took 0.148627 seconds .

========================================================================
Received Import Request.
  Time since last request: 53.553156 seconds.
  path: Assets/Image/Spite/Character/goldenarmy.png
  artifactKey: Guid(661da28e67e719f40818bfdc6594b7df) Importer(815301076,1909f56bfc062723c751e8b465ee728b)
Start importing Assets/Image/Spite/Character/goldenarmy.png using Guid(661da28e67e719f40818bfdc6594b7df) Importer(815301076,1909f56bfc062723c751e8b465ee728b)  -> (artifact id: '2af36c2c82700e413cd57986cf39dbec') in 3.026389 seconds
  Import took 3.037353 seconds .

========================================================================
Received Import Request.
  Time since last request: 120.016813 seconds.
  path: Assets/Image/Spite/Character/klipartz1.com.png
  artifactKey: Guid(c7287c0b5875e4b4c85e388d529c3657) Importer(815301076,1909f56bfc062723c751e8b465ee728b)
Start importing Assets/Image/Spite/Character/klipartz1.com.png using Guid(c7287c0b5875e4b4c85e388d529c3657) Importer(815301076,1909f56bfc062723c751e8b465ee728b)  -> (artifact id: '4196c82bdc543c41dfa850a0b5b224c9') in 0.098377 seconds
  Import took 0.113400 seconds .

========================================================================
Received Import Request.
  Time since last request: 193.594741 seconds.
  path: Assets/Image/Spite/Character/klipartz1.com.png
  artifactKey: Guid(c7287c0b5875e4b4c85e388d529c3657) Importer(815301076,1909f56bfc062723c751e8b465ee728b)
Start importing Assets/Image/Spite/Character/klipartz1.com.png using Guid(c7287c0b5875e4b4c85e388d529c3657) Importer(815301076,1909f56bfc062723c751e8b465ee728b)  -> (artifact id: '1a709bebb09df6b0c8329d3cc0b23219') in 1.821021 seconds
  Import took 1.835444 seconds .

========================================================================
Received Import Request.
  Time since last request: 21.566568 seconds.
  path: Assets/Image/Spite/Character/klipartz2.com.png
  artifactKey: Guid(6ff92fd2a3f821c43a32955c2cf0cd33) Importer(815301076,1909f56bfc062723c751e8b465ee728b)
Start importing Assets/Image/Spite/Character/klipartz2.com.png using Guid(6ff92fd2a3f821c43a32955c2cf0cd33) Importer(815301076,1909f56bfc062723c751e8b465ee728b)  -> (artifact id: '52d9640133253265ba7e7fea718e69a6') in 0.101001 seconds
  Import took 0.113835 seconds .

========================================================================
Received Import Request.
  Time since last request: 68.875066 seconds.
  path: Assets/Image/Spite/Character/klipartz2.com.png
  artifactKey: Guid(6ff92fd2a3f821c43a32955c2cf0cd33) Importer(815301076,1909f56bfc062723c751e8b465ee728b)
Start importing Assets/Image/Spite/Character/klipartz2.com.png using Guid(6ff92fd2a3f821c43a32955c2cf0cd33) Importer(815301076,1909f56bfc062723c751e8b465ee728b)  -> (artifact id: 'baa77de2871c93f1bb44c788fb888da5') in 0.136110 seconds
  Import took 0.143453 seconds .

========================================================================
Received Import Request.
  Time since last request: 18.561732 seconds.
  path: Assets/Image/Spite/Character/klipartz3.com.png
  artifactKey: Guid(eadf35ecdc8327d48bbdda0e8d29ac98) Importer(815301076,1909f56bfc062723c751e8b465ee728b)
Start importing Assets/Image/Spite/Character/klipartz3.com.png using Guid(eadf35ecdc8327d48bbdda0e8d29ac98) Importer(815301076,1909f56bfc062723c751e8b465ee728b)  -> (artifact id: 'b9199d265bfa0db213e2b468f8ee5602') in 0.069985 seconds
  Import took 0.078897 seconds .

========================================================================
Received Import Request.
  Time since last request: 156.373769 seconds.
  path: Assets/Image/Spite/Character/klipartz3.com.png
  artifactKey: Guid(eadf35ecdc8327d48bbdda0e8d29ac98) Importer(815301076,1909f56bfc062723c751e8b465ee728b)
Start importing Assets/Image/Spite/Character/klipartz3.com.png using Guid(eadf35ecdc8327d48bbdda0e8d29ac98) Importer(815301076,1909f56bfc062723c751e8b465ee728b)  -> (artifact id: '4c39b3cdf893bf3ab9d639c1e812b148') in 1.515221 seconds
  Import took 1.535793 seconds .

========================================================================
Received Import Request.
  Time since last request: 40.121285 seconds.
  path: Assets/Image/Spite/Character/Neo Geo NGCD - Metal Slug 3 - Chowmein Conga.png
  artifactKey: Guid(40235eddaca390849b8cc88db36232e7) Importer(815301076,1909f56bfc062723c751e8b465ee728b)
Start importing Assets/Image/Spite/Character/Neo Geo NGCD - Metal Slug 3 - Chowmein Conga.png using Guid(40235eddaca390849b8cc88db36232e7) Importer(815301076,1909f56bfc062723c751e8b465ee728b)  -> (artifact id: '924b20801a63e29f351d3073def39cbd') in 0.116082 seconds
  Import took 0.128282 seconds .

========================================================================
Received Import Request.
  Time since last request: 0.044515 seconds.
  path: Assets/Image/Spite/Character/Neo Geo NGCD - Metal Slug 3 - Chowmein Conga.png
  artifactKey: Guid(40235eddaca390849b8cc88db36232e7) Importer(815301076,1909f56bfc062723c751e8b465ee728b)
Start importing Assets/Image/Spite/Character/Neo Geo NGCD - Metal Slug 3 - Chowmein Conga.png using Guid(40235eddaca390849b8cc88db36232e7) Importer(815301076,1909f56bfc062723c751e8b465ee728b)  -> (artifact id: '924b20801a63e29f351d3073def39cbd') in 0.043310 seconds
  Import took 0.051706 seconds .

========================================================================
Received Import Request.
  Time since last request: 19.309176 seconds.
  path: Assets/Image/Spite/Character/Neo Geo NGCD - Metal Slug 3 - Chowmein Conga.png
  artifactKey: Guid(40235eddaca390849b8cc88db36232e7) Importer(815301076,1909f56bfc062723c751e8b465ee728b)
Start importing Assets/Image/Spite/Character/Neo Geo NGCD - Metal Slug 3 - Chowmein Conga.png using Guid(40235eddaca390849b8cc88db36232e7) Importer(815301076,1909f56bfc062723c751e8b465ee728b)  -> (artifact id: '621e99f2100526accc0c33647f6eef96') in 2.723347 seconds
  Import took 2.736172 seconds .

========================================================================
Received Import Request.
  Time since last request: 28.178825 seconds.
  path: Assets/Image/Spite/Character/Neo Geo NGCD - Metal Slug 3 - Chowmein Conga.png
  artifactKey: Guid(40235eddaca390849b8cc88db36232e7) Importer(815301076,1909f56bfc062723c751e8b465ee728b)
Start importing Assets/Image/Spite/Character/Neo Geo NGCD - Metal Slug 3 - Chowmein Conga.png using Guid(40235eddaca390849b8cc88db36232e7) Importer(815301076,1909f56bfc062723c751e8b465ee728b)  -> (artifact id: '23464e6dc0222331c49b43e0a01b3f50') in 1.538487 seconds
  Import took 1.550293 seconds .

========================================================================
Received Import Request.
  Time since last request: 31.703680 seconds.
  path: Assets/Image/Spite/Character/Neo Geo NGCD - Metal Slug 3 - Chowmein Conga.png
  artifactKey: Guid(40235eddaca390849b8cc88db36232e7) Importer(815301076,1909f56bfc062723c751e8b465ee728b)
Start importing Assets/Image/Spite/Character/Neo Geo NGCD - Metal Slug 3 - Chowmein Conga.png using Guid(40235eddaca390849b8cc88db36232e7) Importer(815301076,1909f56bfc062723c751e8b465ee728b)  -> (artifact id: 'd56f948cc8f7e53dc4aa1c60dba0a249') in 0.051948 seconds
  Import took 0.060315 seconds .

========================================================================
Received Import Request.
  Time since last request: 45.354355 seconds.
  path: Assets/Image/Spite/Character/Neo Geo NGCD - Metal Slug 3 - Clones.png
  artifactKey: Guid(9e19462771526ff4c98580b03d9c2681) Importer(815301076,1909f56bfc062723c751e8b465ee728b)
Start importing Assets/Image/Spite/Character/Neo Geo NGCD - Metal Slug 3 - Clones.png using Guid(9e19462771526ff4c98580b03d9c2681) Importer(815301076,1909f56bfc062723c751e8b465ee728b)  -> (artifact id: 'cff93d27ba43b132a8f4cd1ed6129942') in 0.038002 seconds
  Import took 0.046074 seconds .

========================================================================
Received Import Request.
  Time since last request: 40.050884 seconds.
  path: Assets/Image/Spite/Character/Neo Geo NGCD - Metal Slug 3 - Locust.png
  artifactKey: Guid(38f9738d4d9318348aced6fd36da7f31) Importer(815301076,1909f56bfc062723c751e8b465ee728b)
Start importing Assets/Image/Spite/Character/Neo Geo NGCD - Metal Slug 3 - Locust.png using Guid(38f9738d4d9318348aced6fd36da7f31) Importer(815301076,1909f56bfc062723c751e8b465ee728b)  -> (artifact id: '349ac2fd4e8464063c24ecdb0406add8') in 0.230955 seconds
  Import took 0.245028 seconds .

========================================================================
Received Import Request.
  Time since last request: 755.939457 seconds.
  path: Assets/Image/Spite/Character/Neo Geo NGCD - Metal Slug 3 - Locust.png
  artifactKey: Guid(38f9738d4d9318348aced6fd36da7f31) Importer(815301076,1909f56bfc062723c751e8b465ee728b)
Start importing Assets/Image/Spite/Character/Neo Geo NGCD - Metal Slug 3 - Locust.png using Guid(38f9738d4d9318348aced6fd36da7f31) Importer(815301076,1909f56bfc062723c751e8b465ee728b)  -> (artifact id: '4ccbc48ea1f66c5c271a2b47b7e65453') in 2.172625 seconds
  Import took 2.196397 seconds .

========================================================================
Received Import Request.
  Time since last request: 332.354696 seconds.
  path: Assets/Image/Spite/Character/Neo Geo NGCD - Metal Slug 3 - Locust.png
  artifactKey: Guid(38f9738d4d9318348aced6fd36da7f31) Importer(815301076,1909f56bfc062723c751e8b465ee728b)
Start importing Assets/Image/Spite/Character/Neo Geo NGCD - Metal Slug 3 - Locust.png using Guid(38f9738d4d9318348aced6fd36da7f31) Importer(815301076,1909f56bfc062723c751e8b465ee728b)  -> (artifact id: '9f17b681840720646cb66eed612f682e') in 1.519423 seconds
  Import took 1.553232 seconds .

========================================================================
Received Import Request.
  Time since last request: 36.613411 seconds.
  path: Assets/Image/Spite/Character/Neo Geo NGCD - Metal Slug 3 - Ohumein Conga.png
  artifactKey: Guid(eb2fce876532e97488e1b864981da3c3) Importer(815301076,1909f56bfc062723c751e8b465ee728b)
Start importing Assets/Image/Spite/Character/Neo Geo NGCD - Metal Slug 3 - Ohumein Conga.png using Guid(eb2fce876532e97488e1b864981da3c3) Importer(815301076,1909f56bfc062723c751e8b465ee728b)  -> (artifact id: 'a74a012d9ce2eceec527c7b8e8fa2de8') in 0.215702 seconds
  Import took 0.240045 seconds .

========================================================================
Received Import Request.
  Time since last request: 0.001897 seconds.
  path: Assets/Image/Spite/Character/Neo Geo NGCD - Metal Slug 3 - Ohumein Conga.png
  artifactKey: Guid(eb2fce876532e97488e1b864981da3c3) Importer(815301076,1909f56bfc062723c751e8b465ee728b)
Start importing Assets/Image/Spite/Character/Neo Geo NGCD - Metal Slug 3 - Ohumein Conga.png using Guid(eb2fce876532e97488e1b864981da3c3) Importer(815301076,1909f56bfc062723c751e8b465ee728b)  -> (artifact id: 'a74a012d9ce2eceec527c7b8e8fa2de8') in 0.106174 seconds
  Import took 0.151521 seconds .

========================================================================
Received Import Request.
  Time since last request: 390.679040 seconds.
  path: Assets/Image/Spite/Character/Neo Geo NGCD - Metal Slug 3 - Ohumein Conga.png
  artifactKey: Guid(eb2fce876532e97488e1b864981da3c3) Importer(815301076,1909f56bfc062723c751e8b465ee728b)
Start importing Assets/Image/Spite/Character/Neo Geo NGCD - Metal Slug 3 - Ohumein Conga.png using Guid(eb2fce876532e97488e1b864981da3c3) Importer(815301076,1909f56bfc062723c751e8b465ee728b)  -> (artifact id: '1885cf3256c41dcad7484a31d5f747aa') in 1.346769 seconds
  Import took 1.357089 seconds .

========================================================================
Received Import Request.
  Time since last request: 184.961809 seconds.
  path: Assets/Image/Spite/Character/Neo Geo NGCD - Metal Slug 3 - Ohumein Conga.png
  artifactKey: Guid(eb2fce876532e97488e1b864981da3c3) Importer(815301076,1909f56bfc062723c751e8b465ee728b)
Start importing Assets/Image/Spite/Character/Neo Geo NGCD - Metal Slug 3 - Ohumein Conga.png using Guid(eb2fce876532e97488e1b864981da3c3) Importer(815301076,1909f56bfc062723c751e8b465ee728b)  -> (artifact id: 'd6239afff7ae38bbe8eba044699ef6d3') in 1.019420 seconds
  Import took 1.032875 seconds .

========================================================================
Received Import Request.
  Time since last request: 26.926705 seconds.
  path: Assets/Image/Spite/Character/Neo Geo NGCD - Metal Slug 3 - Rebel Soldier Rifle.png
  artifactKey: Guid(96d83191435e62042b18376b9454f149) Importer(815301076,1909f56bfc062723c751e8b465ee728b)
Start importing Assets/Image/Spite/Character/Neo Geo NGCD - Metal Slug 3 - Rebel Soldier Rifle.png using Guid(96d83191435e62042b18376b9454f149) Importer(815301076,1909f56bfc062723c751e8b465ee728b)  -> (artifact id: 'a10cef3c154a62764f00f24408884fb9') in 0.042181 seconds
  Import took 0.049605 seconds .

========================================================================
Received Import Request.
  Time since last request: 342.868978 seconds.
  path: Assets/Image/Spite/Character/Neo Geo NGCD - Metal Slug 3 - Rebel Soldier Rifle.png
  artifactKey: Guid(96d83191435e62042b18376b9454f149) Importer(815301076,1909f56bfc062723c751e8b465ee728b)
Start importing Assets/Image/Spite/Character/Neo Geo NGCD - Metal Slug 3 - Rebel Soldier Rifle.png using Guid(96d83191435e62042b18376b9454f149) Importer(815301076,1909f56bfc062723c751e8b465ee728b)  -> (artifact id: 'ef767260ff94247ca13cf810a838bf3a') in 1.183268 seconds
  Import took 1.194223 seconds .

========================================================================
Received Import Request.
  Time since last request: 30.994133 seconds.
  path: Assets/Image/Spite/Character/Neo Geo NGCD - Metal Slug 3 - Zombie Clones.png
  artifactKey: Guid(dbf2f1c42fde4a441accd3261130838c) Importer(815301076,1909f56bfc062723c751e8b465ee728b)
Start importing Assets/Image/Spite/Character/Neo Geo NGCD - Metal Slug 3 - Zombie Clones.png using Guid(dbf2f1c42fde4a441accd3261130838c) Importer(815301076,1909f56bfc062723c751e8b465ee728b)  -> (artifact id: '26ad20267d023450632b59df29c40824') in 0.048518 seconds
  Import took 0.082344 seconds .

========================================================================
Received Import Request.
  Time since last request: 20.893460 seconds.
  path: Assets/Image/Spite/Character/zombie.png
  artifactKey: Guid(0e2a70b0f71579e4b9b27440ceccce64) Importer(815301076,1909f56bfc062723c751e8b465ee728b)
Start importing Assets/Image/Spite/Character/zombie.png using Guid(0e2a70b0f71579e4b9b27440ceccce64) Importer(815301076,1909f56bfc062723c751e8b465ee728b)  -> (artifact id: '036a9334bd8e36790b876951400988d7') in 0.031925 seconds
  Import took 0.052267 seconds .

========================================================================
Received Import Request.
  Time since last request: 332.891152 seconds.
  path: Assets/Image/Spite/Character/Neo Geo NGCD - Metal Slug 3 - Rebel Soldier Rifle.png
  artifactKey: Guid(96d83191435e62042b18376b9454f149) Importer(815301076,1909f56bfc062723c751e8b465ee728b)
Start importing Assets/Image/Spite/Character/Neo Geo NGCD - Metal Slug 3 - Rebel Soldier Rifle.png using Guid(96d83191435e62042b18376b9454f149) Importer(815301076,1909f56bfc062723c751e8b465ee728b)  -> (artifact id: '7b1aeb50ff5847d568c5e014c5708c5d') in 1.084497 seconds
  Import took 1.095216 seconds .

========================================================================
Received Import Request.
  Time since last request: 217.682247 seconds.
  path: Assets/Image/Spite/Character/Neo Geo NGCD - Metal Slug 3 - Rebel Soldier Rifle.png
  artifactKey: Guid(96d83191435e62042b18376b9454f149) Importer(815301076,1909f56bfc062723c751e8b465ee728b)
Start importing Assets/Image/Spite/Character/Neo Geo NGCD - Metal Slug 3 - Rebel Soldier Rifle.png using Guid(96d83191435e62042b18376b9454f149) Importer(815301076,1909f56bfc062723c751e8b465ee728b)  -> (artifact id: '39ffce6f937c6b9f36c126392a3c95f6') in 0.929515 seconds
  Import took 0.949303 seconds .

========================================================================
Received Import Request.
  Time since last request: 19.926089 seconds.
  path: Assets/Image/Spite/Character/Neo Geo NGCD - Metal Slug 3 - Rebel Soldier Rifle.png
  artifactKey: Guid(96d83191435e62042b18376b9454f149) Importer(815301076,1909f56bfc062723c751e8b465ee728b)
Start importing Assets/Image/Spite/Character/Neo Geo NGCD - Metal Slug 3 - Rebel Soldier Rifle.png using Guid(96d83191435e62042b18376b9454f149) Importer(815301076,1909f56bfc062723c751e8b465ee728b)  -> (artifact id: 'a32936803b3b84b4e98e8ca822dac8b9') in 0.951871 seconds
  Import took 0.962379 seconds .

========================================================================
Received Import Request.
  Time since last request: 1974.072756 seconds.
  path: Assets/Image/Spite/Character/zombie.png
  artifactKey: Guid(0e2a70b0f71579e4b9b27440ceccce64) Importer(815301076,1909f56bfc062723c751e8b465ee728b)
Start importing Assets/Image/Spite/Character/zombie.png using Guid(0e2a70b0f71579e4b9b27440ceccce64) Importer(815301076,1909f56bfc062723c751e8b465ee728b)  -> (artifact id: '5edf5b609b92b457a28e468b189c688d') in 1.264018 seconds
  Import took 1.284658 seconds .

========================================================================
Received Import Request.
  Time since last request: 78.483937 seconds.
  path: Assets/Image/Spite/Character/zombie.png
  artifactKey: Guid(0e2a70b0f71579e4b9b27440ceccce64) Importer(815301076,1909f56bfc062723c751e8b465ee728b)
Start importing Assets/Image/Spite/Character/zombie.png using Guid(0e2a70b0f71579e4b9b27440ceccce64) Importer(815301076,1909f56bfc062723c751e8b465ee728b)  -> (artifact id: 'daebf2e73be713f422fa49d840d91dd9') in 1.114520 seconds
  Import took 1.138655 seconds .

========================================================================
Received Import Request.
  Time since last request: 378.870686 seconds.
  path: Assets/Image/Spite/Background/1620310856_51-phonoteka_org-p-sprait-fon-59.png
  artifactKey: Guid(1c58deb23a534254d978f66d8221ca14) Importer(815301076,1909f56bfc062723c751e8b465ee728b)
Start importing Assets/Image/Spite/Background/1620310856_51-phonoteka_org-p-sprait-fon-59.png using Guid(1c58deb23a534254d978f66d8221ca14) Importer(815301076,1909f56bfc062723c751e8b465ee728b)  -> (artifact id: 'b9e42f2db18382a75f85e5bc38787506') in 2.748327 seconds
  Import took 2.771241 seconds .

========================================================================
Received Import Request.
  Time since last request: 129.157204 seconds.
  path: Assets/Image/Spite/Background/rafael-fonseca-tilemap-forest128x.png
  artifactKey: Guid(36513800c7ba1bb41bc87b9d8f3d95ae) Importer(815301076,1909f56bfc062723c751e8b465ee728b)
Start importing Assets/Image/Spite/Background/rafael-fonseca-tilemap-forest128x.png using Guid(36513800c7ba1bb41bc87b9d8f3d95ae) Importer(815301076,1909f56bfc062723c751e8b465ee728b)  -> (artifact id: '080dac562183aa29f7cdbe09055e9978') in 1.501494 seconds
  Import took 1.520317 seconds .

========================================================================
Received Import Request.
  Time since last request: 24.205409 seconds.
  path: Assets/Image/Spite/Background/rafael-fonseca-tilemap-forest128x.png
  artifactKey: Guid(36513800c7ba1bb41bc87b9d8f3d95ae) Importer(815301076,1909f56bfc062723c751e8b465ee728b)
Start importing Assets/Image/Spite/Background/rafael-fonseca-tilemap-forest128x.png using Guid(36513800c7ba1bb41bc87b9d8f3d95ae) Importer(815301076,1909f56bfc062723c751e8b465ee728b)  -> (artifact id: '3be28257211bced160a609fb4eca380b') in 1.687547 seconds
  Import took 1.702575 seconds .

========================================================================
Received Import Request.
  Time since last request: 54.584402 seconds.
  path: Assets/Image/Spite/Background/rafael-fonseca-tilemap-forest128x.png
  artifactKey: Guid(36513800c7ba1bb41bc87b9d8f3d95ae) Importer(815301076,1909f56bfc062723c751e8b465ee728b)
Start importing Assets/Image/Spite/Background/rafael-fonseca-tilemap-forest128x.png using Guid(36513800c7ba1bb41bc87b9d8f3d95ae) Importer(815301076,1909f56bfc062723c751e8b465ee728b)  -> (artifact id: '39d134ce51104b9b20f3684aa7bb258f') in 1.585610 seconds
  Import took 1.595683 seconds .

========================================================================
Received Import Request.
  Time since last request: 44.378101 seconds.
  path: Assets/Image/Spite/Background/rafael-fonseca-tilemap-forest128x.png
  artifactKey: Guid(36513800c7ba1bb41bc87b9d8f3d95ae) Importer(815301076,1909f56bfc062723c751e8b465ee728b)
Start importing Assets/Image/Spite/Background/rafael-fonseca-tilemap-forest128x.png using Guid(36513800c7ba1bb41bc87b9d8f3d95ae) Importer(815301076,1909f56bfc062723c751e8b465ee728b)  -> (artifact id: 'ab6a3833771c02d8427cfd8523b37755') in 1.417783 seconds
  Import took 1.439921 seconds .

========================================================================
Received Import Request.
  Time since last request: 13.721777 seconds.
  path: Assets/Image/Spite/Background/rafael-fonseca-tilemap-forest128x.png
  artifactKey: Guid(36513800c7ba1bb41bc87b9d8f3d95ae) Importer(815301076,1909f56bfc062723c751e8b465ee728b)
Start importing Assets/Image/Spite/Background/rafael-fonseca-tilemap-forest128x.png using Guid(36513800c7ba1bb41bc87b9d8f3d95ae) Importer(815301076,1909f56bfc062723c751e8b465ee728b)  -> (artifact id: '1ea42bd569281d60ca23769ec70a54e0') in 2.017350 seconds
  Import took 2.059423 seconds .

========================================================================
Received Import Request.
  Time since last request: 1283.975222 seconds.
  path: Assets
  artifactKey: Guid(00000000000000001000000000000000) Importer(815301076,1909f56bfc062723c751e8b465ee728b)
Start importing Assets using Guid(00000000000000001000000000000000) Importer(815301076,1909f56bfc062723c751e8b465ee728b)  -> (artifact id: '42d402b061de3733987d63b9cc3b64de') in 0.024092 seconds
  Import took 0.039247 seconds .

========================================================================
Received Import Request.
  Time since last request: 2.489934 seconds.
  path: Assets
  artifactKey: Guid(00000000000000001000000000000000) Importer(815301076,1909f56bfc062723c751e8b465ee728b)
Start importing Assets using Guid(00000000000000001000000000000000) Importer(815301076,1909f56bfc062723c751e8b465ee728b)  -> (artifact id: '42d402b061de3733987d63b9cc3b64de') in 0.020658 seconds
  Import took 0.034631 seconds .

========================================================================
Received Import Request.
  Time since last request: 14.995676 seconds.
  path: Assets/Atlases
  artifactKey: Guid(6bca216f01c789a4286c33d1875197d7) Importer(815301076,1909f56bfc062723c751e8b465ee728b)
Start importing Assets/Atlases using Guid(6bca216f01c789a4286c33d1875197d7) Importer(815301076,1909f56bfc062723c751e8b465ee728b)  -> (artifact id: '9b7666a34d00e3bb9f2c468ae3c0e4a3') in 0.013685 seconds
  Import took 0.025838 seconds .

========================================================================
Received Prepare
Registering precompiled user dll's ...
Registered in 0.081099 seconds.
Begin MonoManager ReloadAssembly
Native extension for LinuxStandalone target not found
Native extension for WindowsStandalone target not found
Native extension for OSXStandalone target not found
Refreshing native plugins compatible for Editor in 0.94 ms, found 1 plugins.
Preloading 0 native plugins for Editor in 0.00 ms.
Mono: successfully reloaded assembly
- Completed reload, in  5.200 seconds
Platform modules already initialized, skipping
Switching build target platform(19) subTarget(0) extendedPlatform(0) -> platform(21) subTarget(0) extendedPlatform(0)
Refreshing native plugins compatible for Editor in 1.10 ms, found 1 plugins.
Preloading 0 native plugins for Editor in 0.00 ms.
Unloading 1807 Unused Serialized files (Serialized files now loaded: 0)
System memory in use before: 91.8 MB.
System memory in use after: 91.9 MB.

Unloading 12 unused Assets to reduce memory usage. Loaded Objects now: 4263.
Total: 6.886400 ms (FindLiveObjects: 0.806700 ms CreateObjectMapping: 0.211600 ms MarkObjects: 5.046500 ms  DeleteObjects: 0.817300 ms)

========================================================================
Received Prepare
Registering precompiled user dll's ...
Registered in 0.003296 seconds.
Begin MonoManager ReloadAssembly
Native extension for LinuxStandalone target not found
Native extension for WindowsStandalone target not found
Native extension for OSXStandalone target not found
Refreshing native plugins compatible for Editor in 0.91 ms, found 1 plugins.
Preloading 0 native plugins for Editor in 0.00 ms.
Mono: successfully reloaded assembly
- Completed reload, in  4.262 seconds
Platform modules already initialized, skipping
Switching build target platform(19) subTarget(0) extendedPlatform(0) -> platform(21) subTarget(0) extendedPlatform(0)
Refreshing native plugins compatible for Editor in 1.01 ms, found 1 plugins.
Preloading 0 native plugins for Editor in 0.00 ms.
Unloading 1807 Unused Serialized files (Serialized files now loaded: 0)
System memory in use before: 91.9 MB.
System memory in use after: 92.0 MB.

Unloading 12 unused Assets to reduce memory usage. Loaded Objects now: 4267.
Total: 6.146200 ms (FindLiveObjects: 0.837400 ms CreateObjectMapping: 0.237300 ms MarkObjects: 4.704900 ms  DeleteObjects: 0.362600 ms)

========================================================================
Received Prepare
Registering precompiled user dll's ...
Registered in 0.002908 seconds.
Begin MonoManager ReloadAssembly
Native extension for LinuxStandalone target not found
Native extension for WindowsStandalone target not found
Native extension for OSXStandalone target not found
Refreshing native plugins compatible for Editor in 0.99 ms, found 1 plugins.
Preloading 0 native plugins for Editor in 0.00 ms.
Mono: successfully reloaded assembly
- Completed reload, in  3.863 seconds
Platform modules already initialized, skipping
Switching build target platform(19) subTarget(0) extendedPlatform(0) -> platform(21) subTarget(0) extendedPlatform(0)
Refreshing native plugins compatible for Editor in 1.01 ms, found 1 plugins.
Preloading 0 native plugins for Editor in 0.00 ms.
Unloading 1807 Unused Serialized files (Serialized files now loaded: 0)
System memory in use before: 91.9 MB.
System memory in use after: 92.0 MB.

Unloading 12 unused Assets to reduce memory usage. Loaded Objects now: 4271.
Total: 6.713000 ms (FindLiveObjects: 1.150200 ms CreateObjectMapping: 0.745300 ms MarkObjects: 4.414300 ms  DeleteObjects: 0.398800 ms)

========================================================================
Received Prepare
Registering precompiled user dll's ...
Registered in 0.003838 seconds.
Begin MonoManager ReloadAssembly
Native extension for LinuxStandalone target not found
Native extension for WindowsStandalone target not found
Native extension for OSXStandalone target not found
Refreshing native plugins compatible for Editor in 1.02 ms, found 1 plugins.
Preloading 0 native plugins for Editor in 0.00 ms.
Mono: successfully reloaded assembly
- Completed reload, in  2.669 seconds
Platform modules already initialized, skipping
Switching build target platform(19) subTarget(0) extendedPlatform(0) -> platform(21) subTarget(0) extendedPlatform(0)
Refreshing native plugins compatible for Editor in 1.11 ms, found 1 plugins.
Preloading 0 native plugins for Editor in 0.00 ms.
Unloading 1807 Unused Serialized files (Serialized files now loaded: 0)
System memory in use before: 92.0 MB.
System memory in use after: 92.1 MB.

Unloading 12 unused Assets to reduce memory usage. Loaded Objects now: 4275.
Total: 20.483300 ms (FindLiveObjects: 2.110300 ms CreateObjectMapping: 0.426500 ms MarkObjects: 16.406000 ms  DeleteObjects: 1.535000 ms)

========================================================================
Received Import Request.
  Time since last request: 12820.937695 seconds.
  path: Assets/Image/Spite/Character/goldenarmy.png
  artifactKey: Guid(661da28e67e719f40818bfdc6594b7df) Importer(815301076,1909f56bfc062723c751e8b465ee728b)
Start importing Assets/Image/Spite/Character/goldenarmy.png using Guid(661da28e67e719f40818bfdc6594b7df) Importer(815301076,1909f56bfc062723c751e8b465ee728b)  -> (artifact id: '6df130510c2c468ab45b89d57224d11f') in 2.223789 seconds
  Import took 2.243171 seconds .

========================================================================
Received Import Request.
  Time since last request: 16.139594 seconds.
  path: Assets/Image/Spite/Character/goldenarmy.png
  artifactKey: Guid(661da28e67e719f40818bfdc6594b7df) Importer(815301076,1909f56bfc062723c751e8b465ee728b)
Start importing Assets/Image/Spite/Character/goldenarmy.png using Guid(661da28e67e719f40818bfdc6594b7df) Importer(815301076,1909f56bfc062723c751e8b465ee728b)  -> (artifact id: 'a0536f8f754f05494c329b81e0b6b5a5') in 1.326991 seconds
  Import took 1.337422 seconds .

========================================================================
Received Prepare
Registering precompiled user dll's ...
Registered in 0.002582 seconds.
Begin MonoManager ReloadAssembly
Native extension for LinuxStandalone target not found
Native extension for WindowsStandalone target not found
Native extension for OSXStandalone target not found
Refreshing native plugins compatible for Editor in 0.91 ms, found 1 plugins.
Preloading 0 native plugins for Editor in 0.00 ms.
Mono: successfully reloaded assembly
- Completed reload, in  3.915 seconds
Platform modules already initialized, skipping
Switching build target platform(19) subTarget(0) extendedPlatform(0) -> platform(21) subTarget(0) extendedPlatform(0)
Refreshing native plugins compatible for Editor in 1.81 ms, found 1 plugins.
Preloading 0 native plugins for Editor in 0.00 ms.
Unloading 1807 Unused Serialized files (Serialized files now loaded: 0)
System memory in use before: 92.0 MB.
System memory in use after: 92.1 MB.

Unloading 12 unused Assets to reduce memory usage. Loaded Objects now: 4280.
Total: 15.058100 ms (FindLiveObjects: 1.519400 ms CreateObjectMapping: 0.453800 ms MarkObjects: 12.746500 ms  DeleteObjects: 0.333400 ms)

========================================================================
Received Prepare
Registering precompiled user dll's ...
Registered in 0.003391 seconds.
Begin MonoManager ReloadAssembly
Native extension for LinuxStandalone target not found
Native extension for WindowsStandalone target not found
Native extension for OSXStandalone target not found
Refreshing native plugins compatible for Editor in 0.87 ms, found 1 plugins.
Preloading 0 native plugins for Editor in 0.00 ms.
Mono: successfully reloaded assembly
- Completed reload, in  3.341 seconds
Platform modules already initialized, skipping
Switching build target platform(19) subTarget(0) extendedPlatform(0) -> platform(21) subTarget(0) extendedPlatform(0)
Refreshing native plugins compatible for Editor in 1.18 ms, found 1 plugins.
Preloading 0 native plugins for Editor in 0.00 ms.
Unloading 1807 Unused Serialized files (Serialized files now loaded: 0)
System memory in use before: 92.0 MB.
System memory in use after: 92.1 MB.

Unloading 12 unused Assets to reduce memory usage. Loaded Objects now: 4284.
Total: 10.759800 ms (FindLiveObjects: 2.032900 ms CreateObjectMapping: 0.702200 ms MarkObjects: 7.256900 ms  DeleteObjects: 0.763200 ms)

========================================================================
Received Prepare
Registering precompiled user dll's ...
Registered in 0.002433 seconds.
Begin MonoManager ReloadAssembly
Native extension for LinuxStandalone target not found
Native extension for WindowsStandalone target not found
Native extension for OSXStandalone target not found
Refreshing native plugins compatible for Editor in 0.90 ms, found 1 plugins.
Preloading 0 native plugins for Editor in 0.00 ms.
Mono: successfully reloaded assembly
- Completed reload, in  3.154 seconds
Platform modules already initialized, skipping
Switching build target platform(19) subTarget(0) extendedPlatform(0) -> platform(21) subTarget(0) extendedPlatform(0)
Refreshing native plugins compatible for Editor in 1.11 ms, found 1 plugins.
Preloading 0 native plugins for Editor in 0.00 ms.
Unloading 1807 Unused Serialized files (Serialized files now loaded: 0)
System memory in use before: 92.0 MB.
System memory in use after: 92.1 MB.

Unloading 12 unused Assets to reduce memory usage. Loaded Objects now: 4288.
Total: 7.400800 ms (FindLiveObjects: 1.702100 ms CreateObjectMapping: 0.348900 ms MarkObjects: 4.992900 ms  DeleteObjects: 0.352500 ms)

========================================================================
Received Prepare
Registering precompiled user dll's ...
Registered in 0.003495 seconds.
Begin MonoManager ReloadAssembly
Native extension for LinuxStandalone target not found
Native extension for WindowsStandalone target not found
Native extension for OSXStandalone target not found
Refreshing native plugins compatible for Editor in 1.16 ms, found 1 plugins.
Preloading 0 native plugins for Editor in 0.00 ms.
Mono: successfully reloaded assembly
- Completed reload, in 13.447 seconds
Platform modules already initialized, skipping
Switching build target platform(19) subTarget(0) extendedPlatform(0) -> platform(21) subTarget(0) extendedPlatform(0)
Refreshing native plugins compatible for Editor in 0.90 ms, found 1 plugins.
Preloading 0 native plugins for Editor in 0.00 ms.
Unloading 1807 Unused Serialized files (Serialized files now loaded: 0)
System memory in use before: 92.0 MB.
System memory in use after: 92.1 MB.

Unloading 12 unused Assets to reduce memory usage. Loaded Objects now: 4292.
Total: 66.145100 ms (FindLiveObjects: 10.065000 ms CreateObjectMapping: 2.518200 ms MarkObjects: 51.953900 ms  DeleteObjects: 1.601600 ms)

========================================================================
Received Prepare
Registering precompiled user dll's ...
Registered in 0.199908 seconds.
Begin MonoManager ReloadAssembly
Native extension for LinuxStandalone target not found
Native extension for WindowsStandalone target not found
Native extension for OSXStandalone target not found
Refreshing native plugins compatible for Editor in 6.55 ms, found 1 plugins.
Preloading 0 native plugins for Editor in 0.00 ms.
Mono: successfully reloaded assembly
- Completed reload, in  6.134 seconds
Platform modules already initialized, skipping
Switching build target platform(19) subTarget(0) extendedPlatform(0) -> platform(21) subTarget(0) extendedPlatform(0)
Refreshing native plugins compatible for Editor in 0.79 ms, found 1 plugins.
Preloading 0 native plugins for Editor in 0.00 ms.
Unloading 1807 Unused Serialized files (Serialized files now loaded: 0)
System memory in use before: 92.0 MB.
System memory in use after: 92.1 MB.

Unloading 12 unused Assets to reduce memory usage. Loaded Objects now: 4296.
Total: 13.017700 ms (FindLiveObjects: 2.464100 ms CreateObjectMapping: 0.322000 ms MarkObjects: 5.956400 ms  DeleteObjects: 4.269800 ms)

========================================================================
Received Prepare
Registering precompiled user dll's ...
Registered in 0.002828 seconds.
Begin MonoManager ReloadAssembly
Native extension for LinuxStandalone target not found
Native extension for WindowsStandalone target not found
Native extension for OSXStandalone target not found
Refreshing native plugins compatible for Editor in 0.97 ms, found 1 plugins.
Preloading 0 native plugins for Editor in 0.00 ms.
Mono: successfully reloaded assembly
- Completed reload, in  3.503 seconds
Platform modules already initialized, skipping
Switching build target platform(19) subTarget(0) extendedPlatform(0) -> platform(21) subTarget(0) extendedPlatform(0)
Refreshing native plugins compatible for Editor in 0.85 ms, found 1 plugins.
Preloading 0 native plugins for Editor in 0.00 ms.
Unloading 1807 Unused Serialized files (Serialized files now loaded: 0)
System memory in use before: 92.0 MB.
System memory in use after: 92.1 MB.

Unloading 12 unused Assets to reduce memory usage. Loaded Objects now: 4300.
Total: 5.514500 ms (FindLiveObjects: 0.820700 ms CreateObjectMapping: 0.230600 ms MarkObjects: 4.152700 ms  DeleteObjects: 0.307800 ms)

AssetImportWorkerClient::OnTransportError - code=2 error=End of file
