Using pre-set license
Built from '2020.3/staging' branch; Version is '2020.3.9f1 (108be757e447) revision 1084391'; Using compiler version '192528614'; Build Type 'Release'
OS: 'Windows 10 Home Single Language; OS build 19043.1526; Version 2009; 64bit' Language: 'ru' Physical Memory: 11663 MB
BatchMode: 1, IsHumanControllingUs: 0, StartBugReporterOnCrash: 0, Is64bit: 1, IsPro: 0

 COMMAND LINE ARGUMENTS:
C:\Program Files\Unity\Hub\Editor\2020.3.9f1\Editor\Unity.exe
-adb2
-batchMode
-noUpm
-name
AssetImportWorker5
-projectPath
D:/unityD/GB/2DShooting/2D_Shooting
-logFile
Logs/AssetImportWorker5.log
-srvPort
53461
Successfully changed project path to: D:/unityD/GB/2DShooting/2D_Shooting
D:/unityD/GB/2DShooting/2D_Shooting
Using Asset Import Pipeline V2.
Refreshing native plugins compatible for Editor in 134.01 ms, found 1 plugins.
Preloading 0 native plugins for Editor in 0.00 ms.
Initialize engine version: 2020.3.9f1 (108be757e447)
[Subsystems] Discovering subsystems at path C:/Program Files/Unity/Hub/Editor/2020.3.9f1/Editor/Data/Resources/UnitySubsystems
[Subsystems] Discovering subsystems at path D:/unityD/GB/2DShooting/2D_Shooting/Assets
GfxDevice: creating device client; threaded=0
Direct3D:
    Version:  Direct3D 11.0 [level 11.1]
    Renderer: AMD Radeon R5 Graphics (ID=0x9874)
    Vendor:   
    VRAM:     5831 MB
    Driver:   27.20.1034.6
Initialize mono
Mono path[0] = 'C:/Program Files/Unity/Hub/Editor/2020.3.9f1/Editor/Data/Managed'
Mono path[1] = 'C:/Program Files/Unity/Hub/Editor/2020.3.9f1/Editor/Data/MonoBleedingEdge/lib/mono/unityjit'
Mono config path = 'C:/Program Files/Unity/Hub/Editor/2020.3.9f1/Editor/Data/MonoBleedingEdge/etc'
Using monoOptions --debugger-agent=transport=dt_socket,embedding=1,server=y,suspend=n,address=127.0.0.1:56544
Begin MonoManager ReloadAssembly
Registering precompiled unity dll's ...
Register platform support module: C:/Program Files/Unity/Hub/Editor/2020.3.9f1/Editor/Data/PlaybackEngines/MacStandaloneSupport/UnityEditor.OSXStandalone.Extensions.dll
Register platform support module: C:/Program Files/Unity/Hub/Editor/2020.3.9f1/Editor/Data/PlaybackEngines/WindowsStandaloneSupport/UnityEditor.WindowsStandalone.Extensions.dll
Register platform support module: C:/Program Files/Unity/Hub/Editor/2020.3.9f1/Editor/Data/PlaybackEngines/LinuxStandaloneSupport/UnityEditor.LinuxStandalone.Extensions.dll
Registered in 0.015836 seconds.
Native extension for LinuxStandalone target not found
Native extension for WindowsStandalone target not found
Native extension for OSXStandalone target not found
Refreshing native plugins compatible for Editor in 143.69 ms, found 1 plugins.
Preloading 0 native plugins for Editor in 0.00 ms.
Mono: successfully reloaded assembly
- Completed reload, in 14.211 seconds
Platform modules already initialized, skipping
Registering precompiled user dll's ...
Registered in 0.012481 seconds.
Begin MonoManager ReloadAssembly
Native extension for LinuxStandalone target not found
Native extension for WindowsStandalone target not found
Native extension for OSXStandalone target not found
Refreshing native plugins compatible for Editor in 267.04 ms, found 1 plugins.
Preloading 0 native plugins for Editor in 0.00 ms.
Mono: successfully reloaded assembly
- Completed reload, in  7.120 seconds
Platform modules already initialized, skipping
========================================================================
Worker process is ready to serve import requests
Launched and connected shader compiler UnityShaderCompiler.exe after 0.34 seconds
Refreshing native plugins compatible for Editor in 6.74 ms, found 1 plugins.
Preloading 0 native plugins for Editor in 0.00 ms.
Unloading 1819 Unused Serialized files (Serialized files now loaded: 0)
System memory in use before: 85.2 MB.
System memory in use after: 85.2 MB.

Unloading 24 unused Assets to reduce memory usage. Loaded Objects now: 2262.
Total: 19.150600 ms (FindLiveObjects: 0.506900 ms CreateObjectMapping: 0.806800 ms MarkObjects: 16.647400 ms  DeleteObjects: 1.185300 ms)

========================================================================
Received Import Request.
  path: Assets/PhysicMaterial/New Physics Material 2D.physicsMaterial2D
  artifactKey: Guid(48c4050c875e8f441a23030a213e382f) Importer(815301076,1909f56bfc062723c751e8b465ee728b)
Start importing Assets/PhysicMaterial/New Physics Material 2D.physicsMaterial2D using Guid(48c4050c875e8f441a23030a213e382f) Importer(815301076,1909f56bfc062723c751e8b465ee728b)  -> (artifact id: '86d3f3768a2204904508775bb4c1690c') in 0.295031 seconds
  Import took 0.307112 seconds .

========================================================================
Received Import Request.
  Time since last request: 70.146128 seconds.
  path: Assets/PhysicMaterial
  artifactKey: Guid(ddc91f82b87f7224ebdaeb293a547970) Importer(815301076,1909f56bfc062723c751e8b465ee728b)
Start importing Assets/PhysicMaterial using Guid(ddc91f82b87f7224ebdaeb293a547970) Importer(815301076,1909f56bfc062723c751e8b465ee728b)  -> (artifact id: '49f2bb182d1cad6f251dc63ffa55b8f3') in 0.012106 seconds
  Import took 0.022468 seconds .

========================================================================
Received Import Request.
  Time since last request: 24.043989 seconds.
  path: Assets/PhysicMaterial/BlockPhysics Material 2D 1.physicsMaterial2D
  artifactKey: Guid(bdbe9dcb6b289074ba8594f4d85183e5) Importer(815301076,1909f56bfc062723c751e8b465ee728b)
Start importing Assets/PhysicMaterial/BlockPhysics Material 2D 1.physicsMaterial2D using Guid(bdbe9dcb6b289074ba8594f4d85183e5) Importer(815301076,1909f56bfc062723c751e8b465ee728b)  -> (artifact id: '6231fb4ecd5294ee98d4f363dee958b8') in 0.047247 seconds
  Import took 0.055154 seconds .

========================================================================
Received Import Request.
  Time since last request: 39.530990 seconds.
  path: Assets/Prefabs/StaticObj/Blocks/rafael-fonseca-tilemap-forest128x_3.prefab
  artifactKey: Guid(ad18e63c8fe4a2d48aa79a5d5c4ea135) Importer(815301076,1909f56bfc062723c751e8b465ee728b)
Start importing Assets/Prefabs/StaticObj/Blocks/rafael-fonseca-tilemap-forest128x_3.prefab using Guid(ad18e63c8fe4a2d48aa79a5d5c4ea135) Importer(815301076,1909f56bfc062723c751e8b465ee728b)  -> (artifact id: '8e8dd98de1d903238418f935483964f0') in 0.523407 seconds
  Import took 0.546005 seconds .

========================================================================
Received Import Request.
  Time since last request: 0.000537 seconds.
  path: Assets/Prefabs/StaticObj/Blocks/rafael-fonseca-tilemap-forest128x_4.prefab
  artifactKey: Guid(f8772a8396ed22441b21aa4a731414b9) Importer(815301076,1909f56bfc062723c751e8b465ee728b)
Start importing Assets/Prefabs/StaticObj/Blocks/rafael-fonseca-tilemap-forest128x_4.prefab using Guid(f8772a8396ed22441b21aa4a731414b9) Importer(815301076,1909f56bfc062723c751e8b465ee728b)  -> (artifact id: '42a9d9c666bd2d1211109af56c6eab5d') in 0.052265 seconds
  Import took 0.060518 seconds .

========================================================================
Received Import Request.
  Time since last request: 0.000720 seconds.
  path: Assets/Prefabs/StaticObj/Blocks/rafael-fonseca-tilemap-forest128x_5.prefab
  artifactKey: Guid(5617be08824d3d04fb19caf83fd11e63) Importer(815301076,1909f56bfc062723c751e8b465ee728b)
Start importing Assets/Prefabs/StaticObj/Blocks/rafael-fonseca-tilemap-forest128x_5.prefab using Guid(5617be08824d3d04fb19caf83fd11e63) Importer(815301076,1909f56bfc062723c751e8b465ee728b)  -> (artifact id: '094013d367a61e292ae2388751ba7dda') in 0.052715 seconds
  Import took 0.066402 seconds .

========================================================================
Received Import Request.
  Time since last request: 0.000649 seconds.
  path: Assets/Prefabs/StaticObj/Blocks/rafael-fonseca-tilemap-forest128x_1.prefab
  artifactKey: Guid(41ad97c3c85ca1547afe89aa8235a729) Importer(815301076,1909f56bfc062723c751e8b465ee728b)
Start importing Assets/Prefabs/StaticObj/Blocks/rafael-fonseca-tilemap-forest128x_1.prefab using Guid(41ad97c3c85ca1547afe89aa8235a729) Importer(815301076,1909f56bfc062723c751e8b465ee728b)  -> (artifact id: 'f98c429261a8f61cbc832e0b8eec6d6c') in 0.066950 seconds
  Import took 0.077612 seconds .

========================================================================
Received Import Request.
  Time since last request: 0.000559 seconds.
  path: Assets/Prefabs/StaticObj/Blocks/rafael-fonseca-tilemap-forest128x_2.prefab
  artifactKey: Guid(bf62e4435d76b1c4b846a08729d5ae10) Importer(815301076,1909f56bfc062723c751e8b465ee728b)
Start importing Assets/Prefabs/StaticObj/Blocks/rafael-fonseca-tilemap-forest128x_2.prefab using Guid(bf62e4435d76b1c4b846a08729d5ae10) Importer(815301076,1909f56bfc062723c751e8b465ee728b)  -> (artifact id: '402f4526999cdfdb0bb8155056ac6170') in 0.110748 seconds
  Import took 0.119595 seconds .

========================================================================
Received Import Request.
  Time since last request: 41.940412 seconds.
  path: Assets/PhysicMaterial/Breach.physicsMaterial2D
  artifactKey: Guid(3d53c8ddf01c9174495e01261969536f) Importer(815301076,1909f56bfc062723c751e8b465ee728b)
Start importing Assets/PhysicMaterial/Breach.physicsMaterial2D using Guid(3d53c8ddf01c9174495e01261969536f) Importer(815301076,1909f56bfc062723c751e8b465ee728b)  -> (artifact id: 'f2bcb25b9b02730bd6c21948c196349d') in 0.041012 seconds
  Import took 0.053670 seconds .

========================================================================
Received Import Request.
  Time since last request: 21.086335 seconds.
  path: Assets/Prefabs/StaticObj/Blocks/rafael-fonseca-tilemap-forest128x_35.prefab
  artifactKey: Guid(cdee09c6d69cfce43ac157212261fa63) Importer(815301076,1909f56bfc062723c751e8b465ee728b)
Start importing Assets/Prefabs/StaticObj/Blocks/rafael-fonseca-tilemap-forest128x_35.prefab using Guid(cdee09c6d69cfce43ac157212261fa63) Importer(815301076,1909f56bfc062723c751e8b465ee728b)  -> (artifact id: 'aaeaa146d7db3f5c0fec51ddcb95e516') in 0.260307 seconds
  Import took 0.290650 seconds .

========================================================================
Received Prepare
Registering precompiled user dll's ...
Registered in 0.002510 seconds.
Begin MonoManager ReloadAssembly
Native extension for LinuxStandalone target not found
Native extension for WindowsStandalone target not found
Native extension for OSXStandalone target not found
Refreshing native plugins compatible for Editor in 0.94 ms, found 1 plugins.
Preloading 0 native plugins for Editor in 0.00 ms.
Mono: successfully reloaded assembly
- Completed reload, in  5.332 seconds
Platform modules already initialized, skipping
Refreshing native plugins compatible for Editor in 1.09 ms, found 1 plugins.
Preloading 0 native plugins for Editor in 0.00 ms.
Unloading 1814 Unused Serialized files (Serialized files now loaded: 0)
System memory in use before: 88.3 MB.
System memory in use after: 88.3 MB.

Unloading 12 unused Assets to reduce memory usage. Loaded Objects now: 2273.
Total: 5.337100 ms (FindLiveObjects: 0.456700 ms CreateObjectMapping: 0.121300 ms MarkObjects: 4.366700 ms  DeleteObjects: 0.389100 ms)

========================================================================
Received Import Request.
  Time since last request: 1005.822224 seconds.
  path: Assets/Scripts/Player/ContactSpoler.cs
  artifactKey: Guid(a3eddcbc3311bb94d980ffda62204d13) Importer(815301076,1909f56bfc062723c751e8b465ee728b)
Start importing Assets/Scripts/Player/ContactSpoler.cs using Guid(a3eddcbc3311bb94d980ffda62204d13) Importer(815301076,1909f56bfc062723c751e8b465ee728b)  -> (artifact id: '28072a5ab381fe3a201d8e5289f51626') in 0.044462 seconds
  Import took 0.054932 seconds .

========================================================================
Received Prepare
Registering precompiled user dll's ...
Registered in 0.007320 seconds.
Begin MonoManager ReloadAssembly
Native extension for LinuxStandalone target not found
Native extension for WindowsStandalone target not found
Native extension for OSXStandalone target not found
Refreshing native plugins compatible for Editor in 0.99 ms, found 1 plugins.
Preloading 0 native plugins for Editor in 0.00 ms.
Mono: successfully reloaded assembly
- Completed reload, in  3.533 seconds
Platform modules already initialized, skipping
Refreshing native plugins compatible for Editor in 1.13 ms, found 1 plugins.
Preloading 0 native plugins for Editor in 0.00 ms.
Unloading 1815 Unused Serialized files (Serialized files now loaded: 0)
System memory in use before: 88.4 MB.
System memory in use after: 88.3 MB.

Unloading 12 unused Assets to reduce memory usage. Loaded Objects now: 2278.
Total: 9.268500 ms (FindLiveObjects: 2.369800 ms CreateObjectMapping: 0.345100 ms MarkObjects: 6.125200 ms  DeleteObjects: 0.423100 ms)

========================================================================
Received Prepare
Registering precompiled user dll's ...
Registered in 0.003766 seconds.
Begin MonoManager ReloadAssembly
Native extension for LinuxStandalone target not found
Native extension for WindowsStandalone target not found
Native extension for OSXStandalone target not found
Refreshing native plugins compatible for Editor in 1.09 ms, found 1 plugins.
Preloading 0 native plugins for Editor in 0.00 ms.
Mono: successfully reloaded assembly
- Completed reload, in  3.559 seconds
Platform modules already initialized, skipping
Refreshing native plugins compatible for Editor in 1.25 ms, found 1 plugins.
Preloading 0 native plugins for Editor in 0.00 ms.
Unloading 1815 Unused Serialized files (Serialized files now loaded: 0)
System memory in use before: 88.4 MB.
System memory in use after: 88.3 MB.

Unloading 12 unused Assets to reduce memory usage. Loaded Objects now: 2282.
Total: 6.225000 ms (FindLiveObjects: 0.496800 ms CreateObjectMapping: 0.147700 ms MarkObjects: 5.208000 ms  DeleteObjects: 0.368000 ms)

========================================================================
Received Import Request.
  Time since last request: 134.889057 seconds.
  path: Assets/Scripts/Player/ContactSpoler.cs
  artifactKey: Guid(a3eddcbc3311bb94d980ffda62204d13) Importer(815301076,1909f56bfc062723c751e8b465ee728b)
Start importing Assets/Scripts/Player/ContactSpoler.cs using Guid(a3eddcbc3311bb94d980ffda62204d13) Importer(815301076,1909f56bfc062723c751e8b465ee728b)  -> (artifact id: '89a39819782a795a2060d7b28a74ff3f') in 0.014651 seconds
  Import took 0.023179 seconds .

========================================================================
Received Import Request.
  Time since last request: 3.560575 seconds.
  path: Assets/Scripts/Player/ContactsPoler.cs
  artifactKey: Guid(a3eddcbc3311bb94d980ffda62204d13) Importer(815301076,1909f56bfc062723c751e8b465ee728b)
Start importing Assets/Scripts/Player/ContactsPoler.cs using Guid(a3eddcbc3311bb94d980ffda62204d13) Importer(815301076,1909f56bfc062723c751e8b465ee728b)  -> (artifact id: '64b3114a76114c586201f368f3aafbdd') in 0.020381 seconds
  Import took 0.041044 seconds .

========================================================================
Received Prepare
Registering precompiled user dll's ...
Registered in 0.006939 seconds.
Begin MonoManager ReloadAssembly
Native extension for LinuxStandalone target not found
Native extension for WindowsStandalone target not found
Native extension for OSXStandalone target not found
Refreshing native plugins compatible for Editor in 0.90 ms, found 1 plugins.
Preloading 0 native plugins for Editor in 0.00 ms.
Mono: successfully reloaded assembly
- Completed reload, in  3.446 seconds
Platform modules already initialized, skipping
Refreshing native plugins compatible for Editor in 0.87 ms, found 1 plugins.
Preloading 0 native plugins for Editor in 0.00 ms.
Unloading 1815 Unused Serialized files (Serialized files now loaded: 0)
System memory in use before: 88.4 MB.
System memory in use after: 88.4 MB.

Unloading 12 unused Assets to reduce memory usage. Loaded Objects now: 2286.
Total: 5.871300 ms (FindLiveObjects: 1.007100 ms CreateObjectMapping: 0.214500 ms MarkObjects: 4.220100 ms  DeleteObjects: 0.423600 ms)

========================================================================
Received Prepare
Registering precompiled user dll's ...
Registered in 0.057420 seconds.
Begin MonoManager ReloadAssembly
Native extension for LinuxStandalone target not found
Native extension for WindowsStandalone target not found
Native extension for OSXStandalone target not found
Refreshing native plugins compatible for Editor in 1.01 ms, found 1 plugins.
Preloading 0 native plugins for Editor in 0.00 ms.
Mono: successfully reloaded assembly
- Completed reload, in  5.853 seconds
Platform modules already initialized, skipping
Refreshing native plugins compatible for Editor in 3.32 ms, found 1 plugins.
Preloading 0 native plugins for Editor in 0.00 ms.
Unloading 1815 Unused Serialized files (Serialized files now loaded: 0)
System memory in use before: 88.4 MB.
System memory in use after: 88.4 MB.

Unloading 12 unused Assets to reduce memory usage. Loaded Objects now: 2290.
Total: 19.772200 ms (FindLiveObjects: 2.254900 ms CreateObjectMapping: 0.315500 ms MarkObjects: 16.116300 ms  DeleteObjects: 1.073400 ms)

========================================================================
Received Import Request.
  Time since last request: 8382.586064 seconds.
  path: Assets/PhysicMaterial/BlockPhysics Material 2D 1.physicsMaterial2D
  artifactKey: Guid(bdbe9dcb6b289074ba8594f4d85183e5) Importer(815301076,1909f56bfc062723c751e8b465ee728b)
Start importing Assets/PhysicMaterial/BlockPhysics Material 2D 1.physicsMaterial2D using Guid(bdbe9dcb6b289074ba8594f4d85183e5) Importer(815301076,1909f56bfc062723c751e8b465ee728b)  -> (artifact id: '98f2615da973d6cdbb6350fdca1957ed') in 0.268091 seconds
  Import took 0.404898 seconds .

========================================================================
Received Import Request.
  Time since last request: 0.001564 seconds.
  path: Assets/PhysicMaterial/Breach.physicsMaterial2D
  artifactKey: Guid(3d53c8ddf01c9174495e01261969536f) Importer(815301076,1909f56bfc062723c751e8b465ee728b)
Start importing Assets/PhysicMaterial/Breach.physicsMaterial2D using Guid(3d53c8ddf01c9174495e01261969536f) Importer(815301076,1909f56bfc062723c751e8b465ee728b)  -> (artifact id: 'ac02ceed944a4d4f615d832584316a89') in 0.012150 seconds
  Import took 0.019123 seconds .

========================================================================
Received Prepare
Registering precompiled user dll's ...
Registered in 0.064575 seconds.
Begin MonoManager ReloadAssembly
Native extension for LinuxStandalone target not found
Native extension for WindowsStandalone target not found
Native extension for OSXStandalone target not found
Refreshing native plugins compatible for Editor in 1.03 ms, found 1 plugins.
Preloading 0 native plugins for Editor in 0.00 ms.
Mono: successfully reloaded assembly
- Completed reload, in  3.197 seconds
Platform modules already initialized, skipping
Refreshing native plugins compatible for Editor in 0.83 ms, found 1 plugins.
Preloading 0 native plugins for Editor in 0.00 ms.
Unloading 1815 Unused Serialized files (Serialized files now loaded: 0)
System memory in use before: 88.4 MB.
System memory in use after: 88.4 MB.

Unloading 12 unused Assets to reduce memory usage. Loaded Objects now: 2294.
Total: 5.381800 ms (FindLiveObjects: 0.500300 ms CreateObjectMapping: 0.200400 ms MarkObjects: 4.330700 ms  DeleteObjects: 0.347400 ms)

========================================================================
Received Import Request.
  Time since last request: 71.511786 seconds.
  path: Assets/Scripts/Player/Controller/MainHeroPhysicWalker.cs
  artifactKey: Guid(3f82222bb6760ec439eabe34dac6c8c2) Importer(815301076,1909f56bfc062723c751e8b465ee728b)
Start importing Assets/Scripts/Player/Controller/MainHeroPhysicWalker.cs using Guid(3f82222bb6760ec439eabe34dac6c8c2) Importer(815301076,1909f56bfc062723c751e8b465ee728b)  -> (artifact id: '2707a4df60be52761e494da810bcf670') in 0.171013 seconds
  Import took 0.178838 seconds .

========================================================================
Received Prepare
Registering precompiled user dll's ...
Registered in 0.004763 seconds.
Begin MonoManager ReloadAssembly
Native extension for LinuxStandalone target not found
Native extension for WindowsStandalone target not found
Native extension for OSXStandalone target not found
Refreshing native plugins compatible for Editor in 1.72 ms, found 1 plugins.
Preloading 0 native plugins for Editor in 0.00 ms.
Mono: successfully reloaded assembly
- Completed reload, in  5.357 seconds
Platform modules already initialized, skipping
Refreshing native plugins compatible for Editor in 0.87 ms, found 1 plugins.
Preloading 0 native plugins for Editor in 0.00 ms.
Unloading 1816 Unused Serialized files (Serialized files now loaded: 0)
System memory in use before: 88.4 MB.
System memory in use after: 88.4 MB.

Unloading 12 unused Assets to reduce memory usage. Loaded Objects now: 2299.
Total: 5.033800 ms (FindLiveObjects: 0.487200 ms CreateObjectMapping: 0.169000 ms MarkObjects: 4.037400 ms  DeleteObjects: 0.336700 ms)

========================================================================
Received Prepare
Registering precompiled user dll's ...
Registered in 0.003014 seconds.
Begin MonoManager ReloadAssembly
Native extension for LinuxStandalone target not found
Native extension for WindowsStandalone target not found
Native extension for OSXStandalone target not found
Refreshing native plugins compatible for Editor in 1.76 ms, found 1 plugins.
Preloading 0 native plugins for Editor in 0.00 ms.
Mono: successfully reloaded assembly
- Completed reload, in  8.428 seconds
Platform modules already initialized, skipping
Refreshing native plugins compatible for Editor in 0.95 ms, found 1 plugins.
Preloading 0 native plugins for Editor in 0.00 ms.
Unloading 1816 Unused Serialized files (Serialized files now loaded: 0)
System memory in use before: 88.5 MB.
System memory in use after: 88.4 MB.

Unloading 12 unused Assets to reduce memory usage. Loaded Objects now: 2303.
Total: 5.271700 ms (FindLiveObjects: 0.516900 ms CreateObjectMapping: 0.167100 ms MarkObjects: 4.036700 ms  DeleteObjects: 0.546000 ms)

========================================================================
Received Import Request.
  Time since last request: 563.774613 seconds.
  path: Assets/Scripts/Player/Controller/MainHeroPhysicWalker.cs
  artifactKey: Guid(3f82222bb6760ec439eabe34dac6c8c2) Importer(815301076,1909f56bfc062723c751e8b465ee728b)
Start importing Assets/Scripts/Player/Controller/MainHeroPhysicWalker.cs using Guid(3f82222bb6760ec439eabe34dac6c8c2) Importer(815301076,1909f56bfc062723c751e8b465ee728b)  -> (artifact id: '0e1fae9ba66df36b799b716668c1b06a') in 0.018762 seconds
  Import took 0.031521 seconds .

========================================================================
Received Prepare
Registering precompiled user dll's ...
Registered in 0.077655 seconds.
Begin MonoManager ReloadAssembly
Native extension for LinuxStandalone target not found
Native extension for WindowsStandalone target not found
Native extension for OSXStandalone target not found
Refreshing native plugins compatible for Editor in 9.80 ms, found 1 plugins.
Preloading 0 native plugins for Editor in 0.00 ms.
Mono: successfully reloaded assembly
- Completed reload, in  7.116 seconds
Platform modules already initialized, skipping
Refreshing native plugins compatible for Editor in 2.28 ms, found 1 plugins.
Preloading 0 native plugins for Editor in 0.00 ms.
Unloading 1816 Unused Serialized files (Serialized files now loaded: 0)
System memory in use before: 88.5 MB.
System memory in use after: 88.4 MB.

Unloading 12 unused Assets to reduce memory usage. Loaded Objects now: 2307.
Total: 7.774700 ms (FindLiveObjects: 0.711800 ms CreateObjectMapping: 0.225800 ms MarkObjects: 5.789600 ms  DeleteObjects: 1.042200 ms)

========================================================================
Received Import Request.
  Time since last request: 70242.292623 seconds.
  path: Assets/Scripts/Player/Controller/MainHeroPhysicWalker.cs
  artifactKey: Guid(3f82222bb6760ec439eabe34dac6c8c2) Importer(815301076,1909f56bfc062723c751e8b465ee728b)
Start importing Assets/Scripts/Player/Controller/MainHeroPhysicWalker.cs using Guid(3f82222bb6760ec439eabe34dac6c8c2) Importer(815301076,1909f56bfc062723c751e8b465ee728b)  -> (artifact id: '19a45901495ae74dd3588efb5686209a') in 0.023992 seconds
  Import took 0.039093 seconds .

========================================================================
Received Prepare
Registering precompiled user dll's ...
Registered in 0.168368 seconds.
Begin MonoManager ReloadAssembly
Native extension for LinuxStandalone target not found
Native extension for WindowsStandalone target not found
Native extension for OSXStandalone target not found
Refreshing native plugins compatible for Editor in 1.53 ms, found 1 plugins.
Preloading 0 native plugins for Editor in 0.00 ms.
Mono: successfully reloaded assembly
- Completed reload, in  9.705 seconds
Platform modules already initialized, skipping
Refreshing native plugins compatible for Editor in 1.07 ms, found 1 plugins.
Preloading 0 native plugins for Editor in 0.00 ms.
Unloading 1816 Unused Serialized files (Serialized files now loaded: 0)
System memory in use before: 88.5 MB.
System memory in use after: 88.4 MB.

Unloading 12 unused Assets to reduce memory usage. Loaded Objects now: 2311.
Total: 7.345900 ms (FindLiveObjects: 0.545200 ms CreateObjectMapping: 0.200900 ms MarkObjects: 5.931200 ms  DeleteObjects: 0.664000 ms)

========================================================================
Received Import Request.
  Time since last request: 11616.694732 seconds.
  path: Assets/Scripts/Player/Controller/MainHeroPhysicWalker.cs
  artifactKey: Guid(3f82222bb6760ec439eabe34dac6c8c2) Importer(815301076,1909f56bfc062723c751e8b465ee728b)
Start importing Assets/Scripts/Player/Controller/MainHeroPhysicWalker.cs using Guid(3f82222bb6760ec439eabe34dac6c8c2) Importer(815301076,1909f56bfc062723c751e8b465ee728b)  -> (artifact id: 'd1db8de198af5f7a7f7f1aa4efa882ce') in 0.046536 seconds
  Import took 0.060530 seconds .

========================================================================
Received Prepare
Registering precompiled user dll's ...
Registered in 0.003396 seconds.
Begin MonoManager ReloadAssembly
Native extension for LinuxStandalone target not found
Native extension for WindowsStandalone target not found
Native extension for OSXStandalone target not found
Refreshing native plugins compatible for Editor in 1.02 ms, found 1 plugins.
Preloading 0 native plugins for Editor in 0.00 ms.
Mono: successfully reloaded assembly
- Completed reload, in  4.482 seconds
Platform modules already initialized, skipping
Refreshing native plugins compatible for Editor in 1.57 ms, found 1 plugins.
Preloading 0 native plugins for Editor in 0.00 ms.
Unloading 1816 Unused Serialized files (Serialized files now loaded: 0)
System memory in use before: 88.5 MB.
System memory in use after: 88.5 MB.

Unloading 12 unused Assets to reduce memory usage. Loaded Objects now: 2315.
Total: 9.828200 ms (FindLiveObjects: 0.992400 ms CreateObjectMapping: 0.932500 ms MarkObjects: 6.999800 ms  DeleteObjects: 0.897100 ms)

========================================================================
Received Prepare
Registering precompiled user dll's ...
Registered in 0.003443 seconds.
Begin MonoManager ReloadAssembly
Native extension for LinuxStandalone target not found
Native extension for WindowsStandalone target not found
Native extension for OSXStandalone target not found
Refreshing native plugins compatible for Editor in 0.98 ms, found 1 plugins.
Preloading 0 native plugins for Editor in 0.00 ms.
Mono: successfully reloaded assembly
- Completed reload, in  4.736 seconds
Platform modules already initialized, skipping
Refreshing native plugins compatible for Editor in 1.70 ms, found 1 plugins.
Preloading 0 native plugins for Editor in 0.00 ms.
Unloading 1816 Unused Serialized files (Serialized files now loaded: 0)
System memory in use before: 88.5 MB.
System memory in use after: 88.5 MB.

Unloading 12 unused Assets to reduce memory usage. Loaded Objects now: 2319.
Total: 5.706900 ms (FindLiveObjects: 0.544200 ms CreateObjectMapping: 0.162200 ms MarkObjects: 4.324900 ms  DeleteObjects: 0.672000 ms)

========================================================================
Received Prepare
Registering precompiled user dll's ...
Registered in 0.003049 seconds.
Begin MonoManager ReloadAssembly
Native extension for LinuxStandalone target not found
Native extension for WindowsStandalone target not found
Native extension for OSXStandalone target not found
Refreshing native plugins compatible for Editor in 1.02 ms, found 1 plugins.
Preloading 0 native plugins for Editor in 0.00 ms.
Mono: successfully reloaded assembly
- Completed reload, in  3.302 seconds
Platform modules already initialized, skipping
Refreshing native plugins compatible for Editor in 0.89 ms, found 1 plugins.
Preloading 0 native plugins for Editor in 0.00 ms.
Unloading 1816 Unused Serialized files (Serialized files now loaded: 0)
System memory in use before: 88.5 MB.
System memory in use after: 88.5 MB.

Unloading 12 unused Assets to reduce memory usage. Loaded Objects now: 2323.
Total: 5.301800 ms (FindLiveObjects: 0.489000 ms CreateObjectMapping: 0.151500 ms MarkObjects: 4.355100 ms  DeleteObjects: 0.303200 ms)

========================================================================
Received Prepare
Registering precompiled user dll's ...
Registered in 0.004114 seconds.
Begin MonoManager ReloadAssembly
Native extension for LinuxStandalone target not found
Native extension for WindowsStandalone target not found
Native extension for OSXStandalone target not found
Refreshing native plugins compatible for Editor in 1.51 ms, found 1 plugins.
Preloading 0 native plugins for Editor in 0.00 ms.
Mono: successfully reloaded assembly
- Completed reload, in  3.183 seconds
Platform modules already initialized, skipping
Refreshing native plugins compatible for Editor in 0.84 ms, found 1 plugins.
Preloading 0 native plugins for Editor in 0.00 ms.
Unloading 1816 Unused Serialized files (Serialized files now loaded: 0)
System memory in use before: 88.5 MB.
System memory in use after: 88.5 MB.

Unloading 12 unused Assets to reduce memory usage. Loaded Objects now: 2327.
Total: 5.464000 ms (FindLiveObjects: 0.514900 ms CreateObjectMapping: 0.231300 ms MarkObjects: 4.422500 ms  DeleteObjects: 0.291300 ms)

========================================================================
Received Prepare
Registering precompiled user dll's ...
Registered in 0.004275 seconds.
Begin MonoManager ReloadAssembly
Native extension for LinuxStandalone target not found
Native extension for WindowsStandalone target not found
Native extension for OSXStandalone target not found
Refreshing native plugins compatible for Editor in 0.94 ms, found 1 plugins.
Preloading 0 native plugins for Editor in 0.00 ms.
Mono: successfully reloaded assembly
- Completed reload, in  2.987 seconds
Platform modules already initialized, skipping
Refreshing native plugins compatible for Editor in 1.64 ms, found 1 plugins.
Preloading 0 native plugins for Editor in 0.00 ms.
Unloading 1816 Unused Serialized files (Serialized files now loaded: 0)
System memory in use before: 88.5 MB.
System memory in use after: 88.5 MB.

Unloading 12 unused Assets to reduce memory usage. Loaded Objects now: 2331.
Total: 7.631400 ms (FindLiveObjects: 0.724300 ms CreateObjectMapping: 0.182700 ms MarkObjects: 6.323300 ms  DeleteObjects: 0.396100 ms)

========================================================================
Received Prepare
Registering precompiled user dll's ...
Registered in 0.005730 seconds.
Begin MonoManager ReloadAssembly
Native extension for LinuxStandalone target not found
Native extension for WindowsStandalone target not found
Native extension for OSXStandalone target not found
Refreshing native plugins compatible for Editor in 0.86 ms, found 1 plugins.
Preloading 0 native plugins for Editor in 0.00 ms.
Mono: successfully reloaded assembly
- Completed reload, in  3.297 seconds
Platform modules already initialized, skipping
Refreshing native plugins compatible for Editor in 0.96 ms, found 1 plugins.
Preloading 0 native plugins for Editor in 0.00 ms.
Unloading 1816 Unused Serialized files (Serialized files now loaded: 0)
System memory in use before: 88.5 MB.
System memory in use after: 88.5 MB.

Unloading 12 unused Assets to reduce memory usage. Loaded Objects now: 2335.
Total: 6.377900 ms (FindLiveObjects: 0.547200 ms CreateObjectMapping: 0.173000 ms MarkObjects: 5.233400 ms  DeleteObjects: 0.420400 ms)

========================================================================
Received Prepare
Registering precompiled user dll's ...
Registered in 0.003701 seconds.
Begin MonoManager ReloadAssembly
Native extension for LinuxStandalone target not found
Native extension for WindowsStandalone target not found
Native extension for OSXStandalone target not found
Refreshing native plugins compatible for Editor in 1.05 ms, found 1 plugins.
Preloading 0 native plugins for Editor in 0.00 ms.
Mono: successfully reloaded assembly
- Completed reload, in  4.159 seconds
Platform modules already initialized, skipping
Refreshing native plugins compatible for Editor in 0.94 ms, found 1 plugins.
Preloading 0 native plugins for Editor in 0.00 ms.
Unloading 1816 Unused Serialized files (Serialized files now loaded: 0)
System memory in use before: 88.6 MB.
System memory in use after: 88.5 MB.

Unloading 12 unused Assets to reduce memory usage. Loaded Objects now: 2339.
Total: 6.006500 ms (FindLiveObjects: 0.499100 ms CreateObjectMapping: 0.129100 ms MarkObjects: 5.051700 ms  DeleteObjects: 0.322800 ms)

========================================================================
Received Prepare
Registering precompiled user dll's ...
Registered in 0.006273 seconds.
Begin MonoManager ReloadAssembly
Native extension for LinuxStandalone target not found
Native extension for WindowsStandalone target not found
Native extension for OSXStandalone target not found
Refreshing native plugins compatible for Editor in 0.92 ms, found 1 plugins.
Preloading 0 native plugins for Editor in 0.00 ms.
Mono: successfully reloaded assembly
- Completed reload, in  3.099 seconds
Platform modules already initialized, skipping
Refreshing native plugins compatible for Editor in 0.95 ms, found 1 plugins.
Preloading 0 native plugins for Editor in 0.00 ms.
Unloading 1816 Unused Serialized files (Serialized files now loaded: 0)
System memory in use before: 88.6 MB.
System memory in use after: 88.5 MB.

Unloading 12 unused Assets to reduce memory usage. Loaded Objects now: 2343.
Total: 5.043200 ms (FindLiveObjects: 0.583600 ms CreateObjectMapping: 0.151800 ms MarkObjects: 4.002600 ms  DeleteObjects: 0.302300 ms)

========================================================================
Received Prepare
Registering precompiled user dll's ...
Registered in 0.003452 seconds.
Begin MonoManager ReloadAssembly
Native extension for LinuxStandalone target not found
Native extension for WindowsStandalone target not found
Native extension for OSXStandalone target not found
Refreshing native plugins compatible for Editor in 1.67 ms, found 1 plugins.
Preloading 0 native plugins for Editor in 0.00 ms.
Mono: successfully reloaded assembly
- Completed reload, in  3.849 seconds
Platform modules already initialized, skipping
Refreshing native plugins compatible for Editor in 0.89 ms, found 1 plugins.
Preloading 0 native plugins for Editor in 0.00 ms.
Unloading 1816 Unused Serialized files (Serialized files now loaded: 0)
System memory in use before: 88.6 MB.
System memory in use after: 88.5 MB.

Unloading 12 unused Assets to reduce memory usage. Loaded Objects now: 2347.
Total: 5.992800 ms (FindLiveObjects: 0.529500 ms CreateObjectMapping: 0.142700 ms MarkObjects: 4.788600 ms  DeleteObjects: 0.526400 ms)

========================================================================
Received Prepare
Registering precompiled user dll's ...
Registered in 0.003723 seconds.
Begin MonoManager ReloadAssembly
Native extension for LinuxStandalone target not found
Native extension for WindowsStandalone target not found
Native extension for OSXStandalone target not found
Refreshing native plugins compatible for Editor in 0.93 ms, found 1 plugins.
Preloading 0 native plugins for Editor in 0.00 ms.
Mono: successfully reloaded assembly
- Completed reload, in  4.034 seconds
Platform modules already initialized, skipping
Refreshing native plugins compatible for Editor in 0.82 ms, found 1 plugins.
Preloading 0 native plugins for Editor in 0.00 ms.
Unloading 1816 Unused Serialized files (Serialized files now loaded: 0)
System memory in use before: 88.6 MB.
System memory in use after: 88.6 MB.

Unloading 12 unused Assets to reduce memory usage. Loaded Objects now: 2351.
Total: 5.908900 ms (FindLiveObjects: 0.593400 ms CreateObjectMapping: 0.170800 ms MarkObjects: 4.742500 ms  DeleteObjects: 0.398400 ms)

========================================================================
Received Prepare
Registering precompiled user dll's ...
Registered in 0.013126 seconds.
Begin MonoManager ReloadAssembly
Native extension for LinuxStandalone target not found
Native extension for WindowsStandalone target not found
Native extension for OSXStandalone target not found
Refreshing native plugins compatible for Editor in 0.98 ms, found 1 plugins.
Preloading 0 native plugins for Editor in 0.00 ms.
Mono: successfully reloaded assembly
- Completed reload, in  3.593 seconds
Platform modules already initialized, skipping
Refreshing native plugins compatible for Editor in 0.99 ms, found 1 plugins.
Preloading 0 native plugins for Editor in 0.00 ms.
Unloading 1816 Unused Serialized files (Serialized files now loaded: 0)
System memory in use before: 88.6 MB.
System memory in use after: 88.6 MB.

Unloading 12 unused Assets to reduce memory usage. Loaded Objects now: 2355.
Total: 7.042000 ms (FindLiveObjects: 0.695100 ms CreateObjectMapping: 0.218200 ms MarkObjects: 5.812000 ms  DeleteObjects: 0.312400 ms)

========================================================================
Received Prepare
Registering precompiled user dll's ...
Registered in 0.002949 seconds.
Begin MonoManager ReloadAssembly
Native extension for LinuxStandalone target not found
Native extension for WindowsStandalone target not found
Native extension for OSXStandalone target not found
Refreshing native plugins compatible for Editor in 1.05 ms, found 1 plugins.
Preloading 0 native plugins for Editor in 0.00 ms.
Mono: successfully reloaded assembly
- Completed reload, in  5.191 seconds
Platform modules already initialized, skipping
Refreshing native plugins compatible for Editor in 0.94 ms, found 1 plugins.
Preloading 0 native plugins for Editor in 0.00 ms.
Unloading 1816 Unused Serialized files (Serialized files now loaded: 0)
System memory in use before: 88.6 MB.
System memory in use after: 88.6 MB.

Unloading 12 unused Assets to reduce memory usage. Loaded Objects now: 2359.
Total: 5.260800 ms (FindLiveObjects: 0.592400 ms CreateObjectMapping: 0.179600 ms MarkObjects: 4.155300 ms  DeleteObjects: 0.330000 ms)

========================================================================
Received Prepare
Registering precompiled user dll's ...
Registered in 0.003416 seconds.
Begin MonoManager ReloadAssembly
Native extension for LinuxStandalone target not found
Native extension for WindowsStandalone target not found
Native extension for OSXStandalone target not found
Refreshing native plugins compatible for Editor in 0.99 ms, found 1 plugins.
Preloading 0 native plugins for Editor in 0.00 ms.
Mono: successfully reloaded assembly
- Completed reload, in  3.452 seconds
Platform modules already initialized, skipping
Refreshing native plugins compatible for Editor in 0.84 ms, found 1 plugins.
Preloading 0 native plugins for Editor in 0.00 ms.
Unloading 1816 Unused Serialized files (Serialized files now loaded: 0)
System memory in use before: 88.6 MB.
System memory in use after: 88.6 MB.

Unloading 12 unused Assets to reduce memory usage. Loaded Objects now: 2363.
Total: 6.016800 ms (FindLiveObjects: 0.506500 ms CreateObjectMapping: 0.150400 ms MarkObjects: 5.027800 ms  DeleteObjects: 0.329200 ms)

AssetImportWorkerClient::OnTransportError - code=2 error=End of file
