Using pre-set license
Built from '2020.3/staging' branch; Version is '2020.3.9f1 (108be757e447) revision 1084391'; Using compiler version '192528614'; Build Type 'Release'
OS: 'Windows 10 Home Single Language; OS build 19043.1586; Version 2009; 64bit' Language: 'ru' Physical Memory: 11663 MB
BatchMode: 1, IsHumanControllingUs: 0, StartBugReporterOnCrash: 0, Is64bit: 1, IsPro: 0

 COMMAND LINE ARGUMENTS:
C:\Program Files\Unity\Hub\Editor\2020.3.9f1\Editor\Unity.exe
-adb2
-batchMode
-noUpm
-name
AssetImportWorker2
-projectPath
D:/unityD/GB/2DShooting/2D_Shooting
-logFile
Logs/AssetImportWorker2.log
-srvPort
54973
Successfully changed project path to: D:/unityD/GB/2DShooting/2D_Shooting
D:/unityD/GB/2DShooting/2D_Shooting
Using Asset Import Pipeline V2.
Refreshing native plugins compatible for Editor in 141.36 ms, found 1 plugins.
Preloading 0 native plugins for Editor in 0.00 ms.
Initialize engine version: 2020.3.9f1 (108be757e447)
[Subsystems] Discovering subsystems at path C:/Program Files/Unity/Hub/Editor/2020.3.9f1/Editor/Data/Resources/UnitySubsystems
[Subsystems] Discovering subsystems at path D:/unityD/GB/2DShooting/2D_Shooting/Assets
GfxDevice: creating device client; threaded=0
Direct3D:
    Version:  Direct3D 11.0 [level 11.1]
    Renderer: AMD Radeon R5 Graphics (ID=0x9874)
    Vendor:   
    VRAM:     5831 MB
    Driver:   27.20.1034.6
Initialize mono
Mono path[0] = 'C:/Program Files/Unity/Hub/Editor/2020.3.9f1/Editor/Data/Managed'
Mono path[1] = 'C:/Program Files/Unity/Hub/Editor/2020.3.9f1/Editor/Data/MonoBleedingEdge/lib/mono/unityjit'
Mono config path = 'C:/Program Files/Unity/Hub/Editor/2020.3.9f1/Editor/Data/MonoBleedingEdge/etc'
Using monoOptions --debugger-agent=transport=dt_socket,embedding=1,server=y,suspend=n,address=127.0.0.1:56624
Begin MonoManager ReloadAssembly
Registering precompiled unity dll's ...
Register platform support module: C:/Program Files/Unity/Hub/Editor/2020.3.9f1/Editor/Data/PlaybackEngines/MacStandaloneSupport/UnityEditor.OSXStandalone.Extensions.dll
Register platform support module: C:/Program Files/Unity/Hub/Editor/2020.3.9f1/Editor/Data/PlaybackEngines/WindowsStandaloneSupport/UnityEditor.WindowsStandalone.Extensions.dll
Register platform support module: C:/Program Files/Unity/Hub/Editor/2020.3.9f1/Editor/Data/PlaybackEngines/LinuxStandaloneSupport/UnityEditor.LinuxStandalone.Extensions.dll
Registered in 0.009892 seconds.
Native extension for LinuxStandalone target not found
Native extension for WindowsStandalone target not found
Native extension for OSXStandalone target not found
Refreshing native plugins compatible for Editor in 90.87 ms, found 1 plugins.
Preloading 0 native plugins for Editor in 0.00 ms.
Mono: successfully reloaded assembly
- Completed reload, in  7.479 seconds
Platform modules already initialized, skipping
Registering precompiled user dll's ...
Registered in 0.002339 seconds.
Begin MonoManager ReloadAssembly
Native extension for LinuxStandalone target not found
Native extension for WindowsStandalone target not found
Native extension for OSXStandalone target not found
Refreshing native plugins compatible for Editor in 80.90 ms, found 1 plugins.
Preloading 0 native plugins for Editor in 0.00 ms.
Mono: successfully reloaded assembly
- Completed reload, in  4.100 seconds
Platform modules already initialized, skipping
========================================================================
Worker process is ready to serve import requests
Launched and connected shader compiler UnityShaderCompiler.exe after 0.18 seconds
Refreshing native plugins compatible for Editor in 0.92 ms, found 1 plugins.
Preloading 0 native plugins for Editor in 0.00 ms.
Unloading 1822 Unused Serialized files (Serialized files now loaded: 0)
System memory in use before: 85.3 MB.
System memory in use after: 85.3 MB.

Unloading 24 unused Assets to reduce memory usage. Loaded Objects now: 2265.
Total: 5.491800 ms (FindLiveObjects: 0.505600 ms CreateObjectMapping: 0.089900 ms MarkObjects: 4.573400 ms  DeleteObjects: 0.319400 ms)

========================================================================
Received Import Request.
  path: Assets/Scripts/AnimationScript/SpritesSequence.cs
  artifactKey: Guid(24a1fa9f427b18541bb17681f523045c) Importer(815301076,1909f56bfc062723c751e8b465ee728b)
Start importing Assets/Scripts/AnimationScript/SpritesSequence.cs using Guid(24a1fa9f427b18541bb17681f523045c) Importer(815301076,1909f56bfc062723c751e8b465ee728b)  -> (artifact id: 'abf3deac4043e897a4bc42282598b870') in 0.423794 seconds
  Import took 0.554680 seconds .

========================================================================
Received Import Request.
  Time since last request: 0.001112 seconds.
  path: Assets/Scripts/AnimationScript/Track.cs
  artifactKey: Guid(059991f0b49b9d248b505756a616555c) Importer(815301076,1909f56bfc062723c751e8b465ee728b)
Start importing Assets/Scripts/AnimationScript/Track.cs using Guid(059991f0b49b9d248b505756a616555c) Importer(815301076,1909f56bfc062723c751e8b465ee728b)  -> (artifact id: '582ece5be56d49d16003a8c95f5c6966') in 0.109986 seconds
  Import took 0.247559 seconds .

========================================================================
Received Import Request.
  Time since last request: 16.170977 seconds.
  path: Assets/Scripts/AnimationScript/SpriteAnimationEnemyConfig.cs
  artifactKey: Guid(0311e62ef864eeb42982f94daa755109) Importer(815301076,1909f56bfc062723c751e8b465ee728b)
Start importing Assets/Scripts/AnimationScript/SpriteAnimationEnemyConfig.cs using Guid(0311e62ef864eeb42982f94daa755109) Importer(815301076,1909f56bfc062723c751e8b465ee728b)  -> (artifact id: '8243a0e9749ca61457c4eedf818ce6c3') in 0.016594 seconds
  Import took 0.050313 seconds .

========================================================================
Received Prepare
Registering precompiled user dll's ...
Registered in 0.006978 seconds.
Begin MonoManager ReloadAssembly
Native extension for LinuxStandalone target not found
Native extension for WindowsStandalone target not found
Native extension for OSXStandalone target not found
Refreshing native plugins compatible for Editor in 0.97 ms, found 1 plugins.
Preloading 0 native plugins for Editor in 0.00 ms.
Mono: successfully reloaded assembly
- Completed reload, in  3.014 seconds
Platform modules already initialized, skipping
Refreshing native plugins compatible for Editor in 0.87 ms, found 1 plugins.
Preloading 0 native plugins for Editor in 0.00 ms.
Unloading 1818 Unused Serialized files (Serialized files now loaded: 0)
System memory in use before: 85.3 MB.
System memory in use after: 85.3 MB.

Unloading 12 unused Assets to reduce memory usage. Loaded Objects now: 2270.
Total: 6.115400 ms (FindLiveObjects: 1.023100 ms CreateObjectMapping: 0.415000 ms MarkObjects: 4.405600 ms  DeleteObjects: 0.268300 ms)

========================================================================
Received Import Request.
  Time since last request: 168.924670 seconds.
  path: Assets/Scripts/Enemy
  artifactKey: Guid(a03706b90e992c54b8507a48a9c312c2) Importer(815301076,1909f56bfc062723c751e8b465ee728b)
Start importing Assets/Scripts/Enemy using Guid(a03706b90e992c54b8507a48a9c312c2) Importer(815301076,1909f56bfc062723c751e8b465ee728b)  -> (artifact id: '47e72095e49c07da5dd818a5efacf637') in 8.632229 seconds
  Import took 8.650599 seconds .

========================================================================
Received Import Request.
  Time since last request: 0.000892 seconds.
  path: Assets/Scripts/Player/PlayerView.cs
  artifactKey: Guid(6ff52b36c78b51f45aa40926bc7664e1) Importer(815301076,1909f56bfc062723c751e8b465ee728b)
Start importing Assets/Scripts/Player/PlayerView.cs using Guid(6ff52b36c78b51f45aa40926bc7664e1) Importer(815301076,1909f56bfc062723c751e8b465ee728b)  -> (artifact id: '3f6999dc989c6d388023db2f7dee72e3') in 2.390552 seconds
  Import took 2.468578 seconds .

========================================================================
Received Import Request.
  Time since last request: 19.562509 seconds.
  path: Assets/Scripts/Enemy/EnemyView.cs
  artifactKey: Guid(e4b0f62e4d5ea71438792fe5fd7bb70c) Importer(815301076,1909f56bfc062723c751e8b465ee728b)
Start importing Assets/Scripts/Enemy/EnemyView.cs using Guid(e4b0f62e4d5ea71438792fe5fd7bb70c) Importer(815301076,1909f56bfc062723c751e8b465ee728b)  -> (artifact id: '7ea508df97740bda24a10fe31a745481') in 0.061979 seconds
  Import took 0.147871 seconds .

========================================================================
Received Prepare
Registering precompiled user dll's ...
Registered in 0.007100 seconds.
Begin MonoManager ReloadAssembly
Native extension for LinuxStandalone target not found
Native extension for WindowsStandalone target not found
Native extension for OSXStandalone target not found
Refreshing native plugins compatible for Editor in 1.05 ms, found 1 plugins.
Preloading 0 native plugins for Editor in 0.00 ms.
Mono: successfully reloaded assembly
- Completed reload, in  2.573 seconds
Platform modules already initialized, skipping
Refreshing native plugins compatible for Editor in 0.86 ms, found 1 plugins.
Preloading 0 native plugins for Editor in 0.00 ms.
Unloading 1819 Unused Serialized files (Serialized files now loaded: 0)
System memory in use before: 85.4 MB.
System memory in use after: 85.3 MB.

Unloading 12 unused Assets to reduce memory usage. Loaded Objects now: 2275.
Total: 5.855500 ms (FindLiveObjects: 0.460400 ms CreateObjectMapping: 0.113600 ms MarkObjects: 4.991700 ms  DeleteObjects: 0.285600 ms)

========================================================================
Received Prepare
Registering precompiled user dll's ...
Registered in 0.004814 seconds.
Begin MonoManager ReloadAssembly
Native extension for LinuxStandalone target not found
Native extension for WindowsStandalone target not found
Native extension for OSXStandalone target not found
Refreshing native plugins compatible for Editor in 1.06 ms, found 1 plugins.
Preloading 0 native plugins for Editor in 0.00 ms.
Mono: successfully reloaded assembly
- Completed reload, in  2.746 seconds
Platform modules already initialized, skipping
Refreshing native plugins compatible for Editor in 1.03 ms, found 1 plugins.
Preloading 0 native plugins for Editor in 0.00 ms.
Unloading 1819 Unused Serialized files (Serialized files now loaded: 0)
System memory in use before: 85.4 MB.
System memory in use after: 85.3 MB.

Unloading 12 unused Assets to reduce memory usage. Loaded Objects now: 2279.
Total: 5.948600 ms (FindLiveObjects: 0.518300 ms CreateObjectMapping: 0.164000 ms MarkObjects: 4.830600 ms  DeleteObjects: 0.431000 ms)

========================================================================
Received Import Request.
  Time since last request: 235.476458 seconds.
  path: Assets/Scripts/Enemy/EnemyView.cs
  artifactKey: Guid(e4b0f62e4d5ea71438792fe5fd7bb70c) Importer(815301076,1909f56bfc062723c751e8b465ee728b)
Start importing Assets/Scripts/Enemy/EnemyView.cs using Guid(e4b0f62e4d5ea71438792fe5fd7bb70c) Importer(815301076,1909f56bfc062723c751e8b465ee728b)  -> (artifact id: '346e544e1300b92ab552bd817a2e6470') in 0.014321 seconds
  Import took 0.022423 seconds .

========================================================================
Received Prepare
Registering precompiled user dll's ...
Registered in 0.003062 seconds.
Begin MonoManager ReloadAssembly
Native extension for LinuxStandalone target not found
Native extension for WindowsStandalone target not found
Native extension for OSXStandalone target not found
Refreshing native plugins compatible for Editor in 0.90 ms, found 1 plugins.
Preloading 0 native plugins for Editor in 0.00 ms.
Mono: successfully reloaded assembly
- Completed reload, in  4.906 seconds
Platform modules already initialized, skipping
Refreshing native plugins compatible for Editor in 0.87 ms, found 1 plugins.
Preloading 0 native plugins for Editor in 0.00 ms.
Unloading 1819 Unused Serialized files (Serialized files now loaded: 0)
System memory in use before: 85.4 MB.
System memory in use after: 85.4 MB.

Unloading 12 unused Assets to reduce memory usage. Loaded Objects now: 2283.
Total: 12.040300 ms (FindLiveObjects: 0.534600 ms CreateObjectMapping: 0.155600 ms MarkObjects: 10.589000 ms  DeleteObjects: 0.756900 ms)

========================================================================
Received Prepare
Registering precompiled user dll's ...
Registered in 0.002861 seconds.
Begin MonoManager ReloadAssembly
Native extension for LinuxStandalone target not found
Native extension for WindowsStandalone target not found
Native extension for OSXStandalone target not found
Refreshing native plugins compatible for Editor in 0.90 ms, found 1 plugins.
Preloading 0 native plugins for Editor in 0.00 ms.
Mono: successfully reloaded assembly
- Completed reload, in  3.204 seconds
Platform modules already initialized, skipping
Refreshing native plugins compatible for Editor in 0.85 ms, found 1 plugins.
Preloading 0 native plugins for Editor in 0.00 ms.
Unloading 1819 Unused Serialized files (Serialized files now loaded: 0)
System memory in use before: 85.4 MB.
System memory in use after: 85.4 MB.

Unloading 12 unused Assets to reduce memory usage. Loaded Objects now: 2287.
Total: 5.410300 ms (FindLiveObjects: 0.498700 ms CreateObjectMapping: 0.334600 ms MarkObjects: 4.293100 ms  DeleteObjects: 0.280900 ms)

========================================================================
Received Import Request.
  Time since last request: 635.935028 seconds.
  path: Assets/Data/SpriteAnimationEnemyConfig.asset
  artifactKey: Guid(d4d5e62bdae54624d8d5aa588eddff42) Importer(815301076,1909f56bfc062723c751e8b465ee728b)
Start importing Assets/Data/SpriteAnimationEnemyConfig.asset using Guid(d4d5e62bdae54624d8d5aa588eddff42) Importer(815301076,1909f56bfc062723c751e8b465ee728b)  -> (artifact id: '11d8186cf0e2639a6a7bdca95a36e2ff') in 0.058493 seconds
  Import took 0.066385 seconds .

========================================================================
Received Import Request.
  Time since last request: 265.959429 seconds.
  path: Assets/Image/Spite/Background/1620310745_20-phonoteka_org-p-sprait-fon-24.jpg
  artifactKey: Guid(98edf89f647824747b87f5fb62f8e63b) Importer(815301076,1909f56bfc062723c751e8b465ee728b)
Start importing Assets/Image/Spite/Background/1620310745_20-phonoteka_org-p-sprait-fon-24.jpg using Guid(98edf89f647824747b87f5fb62f8e63b) Importer(815301076,1909f56bfc062723c751e8b465ee728b)  -> (artifact id: '71841a1133445b61ec356a0c11c8aa3e') in 0.526736 seconds
  Import took 0.537007 seconds .

========================================================================
Received Import Request.
  Time since last request: 0.000720 seconds.
  path: Assets/Image/Spite/Background/rafael-fonseca-tilemap-forest128x.png
  artifactKey: Guid(36513800c7ba1bb41bc87b9d8f3d95ae) Importer(815301076,1909f56bfc062723c751e8b465ee728b)
Start importing Assets/Image/Spite/Background/rafael-fonseca-tilemap-forest128x.png using Guid(36513800c7ba1bb41bc87b9d8f3d95ae) Importer(815301076,1909f56bfc062723c751e8b465ee728b)  -> (artifact id: '6012d667ae0209d1e74669895e8f53bd') in 0.527205 seconds
  Import took 0.534283 seconds .

========================================================================
Received Import Request.
  Time since last request: 0.000882 seconds.
  path: Assets/Image/Spite/Background/1620310856_51-phonoteka_org-p-sprait-fon-59.png
  artifactKey: Guid(1c58deb23a534254d978f66d8221ca14) Importer(815301076,1909f56bfc062723c751e8b465ee728b)
Start importing Assets/Image/Spite/Background/1620310856_51-phonoteka_org-p-sprait-fon-59.png using Guid(1c58deb23a534254d978f66d8221ca14) Importer(815301076,1909f56bfc062723c751e8b465ee728b)  -> (artifact id: '4d85635edfd0c104f1862e02bfcd01cd') in 2.040271 seconds
  Import took 2.048829 seconds .

========================================================================
Received Prepare
Registering precompiled user dll's ...
Registered in 0.002655 seconds.
Begin MonoManager ReloadAssembly
Native extension for LinuxStandalone target not found
Native extension for WindowsStandalone target not found
Native extension for OSXStandalone target not found
Refreshing native plugins compatible for Editor in 2.25 ms, found 1 plugins.
Preloading 0 native plugins for Editor in 0.00 ms.
Mono: successfully reloaded assembly
- Completed reload, in  3.689 seconds
Platform modules already initialized, skipping
Refreshing native plugins compatible for Editor in 1.23 ms, found 1 plugins.
Preloading 0 native plugins for Editor in 0.00 ms.
Unloading 1819 Unused Serialized files (Serialized files now loaded: 0)
System memory in use before: 88.8 MB.
System memory in use after: 88.8 MB.

Unloading 12 unused Assets to reduce memory usage. Loaded Objects now: 2513.
Total: 5.556000 ms (FindLiveObjects: 0.754700 ms CreateObjectMapping: 0.230000 ms MarkObjects: 4.310400 ms  DeleteObjects: 0.257300 ms)

========================================================================
Received Import Request.
  Time since last request: 436.411304 seconds.
  path: Assets/Image/Spite/Character/Neo Geo NGCD - Metal Slug 3 - Locust.png
  artifactKey: Guid(38f9738d4d9318348aced6fd36da7f31) Importer(815301076,1909f56bfc062723c751e8b465ee728b)
Start importing Assets/Image/Spite/Character/Neo Geo NGCD - Metal Slug 3 - Locust.png using Guid(38f9738d4d9318348aced6fd36da7f31) Importer(815301076,1909f56bfc062723c751e8b465ee728b)  -> (artifact id: 'caab1f187405156ea482de3e9cc23fc0') in 2.318047 seconds
  Import took 2.328921 seconds .

========================================================================
Received Prepare
Registering precompiled user dll's ...
Registered in 0.005811 seconds.
Begin MonoManager ReloadAssembly
Native extension for LinuxStandalone target not found
Native extension for WindowsStandalone target not found
Native extension for OSXStandalone target not found
Refreshing native plugins compatible for Editor in 1.34 ms, found 1 plugins.
Preloading 0 native plugins for Editor in 0.00 ms.
Mono: successfully reloaded assembly
- Completed reload, in  3.794 seconds
Platform modules already initialized, skipping
Refreshing native plugins compatible for Editor in 1.04 ms, found 1 plugins.
Preloading 0 native plugins for Editor in 0.00 ms.
Unloading 1819 Unused Serialized files (Serialized files now loaded: 0)
System memory in use before: 89.5 MB.
System memory in use after: 89.6 MB.

Unloading 12 unused Assets to reduce memory usage. Loaded Objects now: 2931.
Total: 9.313700 ms (FindLiveObjects: 0.951500 ms CreateObjectMapping: 0.205300 ms MarkObjects: 7.828200 ms  DeleteObjects: 0.323900 ms)

========================================================================
Received Prepare
Registering precompiled user dll's ...
Registered in 0.006175 seconds.
Begin MonoManager ReloadAssembly
Native extension for LinuxStandalone target not found
Native extension for WindowsStandalone target not found
Native extension for OSXStandalone target not found
Refreshing native plugins compatible for Editor in 1.07 ms, found 1 plugins.
Preloading 0 native plugins for Editor in 0.00 ms.
Mono: successfully reloaded assembly
- Completed reload, in  3.062 seconds
Platform modules already initialized, skipping
Refreshing native plugins compatible for Editor in 0.96 ms, found 1 plugins.
Preloading 0 native plugins for Editor in 0.00 ms.
Unloading 1819 Unused Serialized files (Serialized files now loaded: 0)
System memory in use before: 89.6 MB.
System memory in use after: 89.6 MB.

Unloading 12 unused Assets to reduce memory usage. Loaded Objects now: 2935.
Total: 5.297600 ms (FindLiveObjects: 0.656000 ms CreateObjectMapping: 0.242700 ms MarkObjects: 4.115700 ms  DeleteObjects: 0.280300 ms)

========================================================================
Received Import Request.
  Time since last request: 185.128975 seconds.
  path: Assets/Data/SpriteAnimationEnemyConfig.asset
  artifactKey: Guid(d4d5e62bdae54624d8d5aa588eddff42) Importer(815301076,1909f56bfc062723c751e8b465ee728b)
Start importing Assets/Data/SpriteAnimationEnemyConfig.asset using Guid(d4d5e62bdae54624d8d5aa588eddff42) Importer(815301076,1909f56bfc062723c751e8b465ee728b)  -> (artifact id: '8b4d7c705fb25b9046dbc9e364252930') in 0.104064 seconds
  Import took 0.130915 seconds .

========================================================================
Received Prepare
Registering precompiled user dll's ...
Registered in 0.004636 seconds.
Begin MonoManager ReloadAssembly
Native extension for LinuxStandalone target not found
Native extension for WindowsStandalone target not found
Native extension for OSXStandalone target not found
Refreshing native plugins compatible for Editor in 0.88 ms, found 1 plugins.
Preloading 0 native plugins for Editor in 0.00 ms.
Mono: successfully reloaded assembly
- Completed reload, in  3.567 seconds
Platform modules already initialized, skipping
Refreshing native plugins compatible for Editor in 0.89 ms, found 1 plugins.
Preloading 0 native plugins for Editor in 0.00 ms.
Unloading 1819 Unused Serialized files (Serialized files now loaded: 0)
System memory in use before: 89.6 MB.
System memory in use after: 89.7 MB.

Unloading 12 unused Assets to reduce memory usage. Loaded Objects now: 2939.
Total: 9.247700 ms (FindLiveObjects: 0.740700 ms CreateObjectMapping: 0.429900 ms MarkObjects: 7.251800 ms  DeleteObjects: 0.820900 ms)

========================================================================
Received Prepare
Registering precompiled user dll's ...
Registered in 0.002574 seconds.
Begin MonoManager ReloadAssembly
Native extension for LinuxStandalone target not found
Native extension for WindowsStandalone target not found
Native extension for OSXStandalone target not found
Refreshing native plugins compatible for Editor in 0.92 ms, found 1 plugins.
Preloading 0 native plugins for Editor in 0.00 ms.
Mono: successfully reloaded assembly
- Completed reload, in  3.269 seconds
Platform modules already initialized, skipping
Refreshing native plugins compatible for Editor in 0.85 ms, found 1 plugins.
Preloading 0 native plugins for Editor in 0.00 ms.
Unloading 1819 Unused Serialized files (Serialized files now loaded: 0)
System memory in use before: 89.6 MB.
System memory in use after: 89.7 MB.

Unloading 12 unused Assets to reduce memory usage. Loaded Objects now: 2943.
Total: 8.382400 ms (FindLiveObjects: 1.384400 ms CreateObjectMapping: 0.342000 ms MarkObjects: 6.078400 ms  DeleteObjects: 0.573500 ms)

========================================================================
Received Prepare
Registering precompiled user dll's ...
Registered in 0.002502 seconds.
Begin MonoManager ReloadAssembly
Native extension for LinuxStandalone target not found
Native extension for WindowsStandalone target not found
Native extension for OSXStandalone target not found
Refreshing native plugins compatible for Editor in 0.87 ms, found 1 plugins.
Preloading 0 native plugins for Editor in 0.00 ms.
Mono: successfully reloaded assembly
- Completed reload, in  3.178 seconds
Platform modules already initialized, skipping
Refreshing native plugins compatible for Editor in 0.85 ms, found 1 plugins.
Preloading 0 native plugins for Editor in 0.00 ms.
Unloading 1819 Unused Serialized files (Serialized files now loaded: 0)
System memory in use before: 89.6 MB.
System memory in use after: 89.7 MB.

Unloading 12 unused Assets to reduce memory usage. Loaded Objects now: 2947.
Total: 5.276100 ms (FindLiveObjects: 0.646500 ms CreateObjectMapping: 0.144900 ms MarkObjects: 4.193900 ms  DeleteObjects: 0.287900 ms)

========================================================================
Received Prepare
Registering precompiled user dll's ...
Registered in 0.004076 seconds.
Begin MonoManager ReloadAssembly
Native extension for LinuxStandalone target not found
Native extension for WindowsStandalone target not found
Native extension for OSXStandalone target not found
Refreshing native plugins compatible for Editor in 1.22 ms, found 1 plugins.
Preloading 0 native plugins for Editor in 0.00 ms.
Mono: successfully reloaded assembly
- Completed reload, in  3.443 seconds
Platform modules already initialized, skipping
Refreshing native plugins compatible for Editor in 0.91 ms, found 1 plugins.
Preloading 0 native plugins for Editor in 0.00 ms.
Unloading 1819 Unused Serialized files (Serialized files now loaded: 0)
System memory in use before: 89.6 MB.
System memory in use after: 89.7 MB.

Unloading 12 unused Assets to reduce memory usage. Loaded Objects now: 2951.
Total: 22.741600 ms (FindLiveObjects: 1.750000 ms CreateObjectMapping: 0.416400 ms MarkObjects: 17.968300 ms  DeleteObjects: 2.602100 ms)

AssetImportWorkerClient::OnTransportError - code=2 error=End of file
