Using pre-set license
Built from '2020.3/staging' branch; Version is '2020.3.9f1 (108be757e447) revision 1084391'; Using compiler version '192528614'; Build Type 'Release'
OS: 'Windows 10 Home Single Language; OS build 19043.1586; Version 2009; 64bit' Language: 'ru' Physical Memory: 11663 MB
BatchMode: 1, IsHumanControllingUs: 0, StartBugReporterOnCrash: 0, Is64bit: 1, IsPro: 0

 COMMAND LINE ARGUMENTS:
C:\Program Files\Unity\Hub\Editor\2020.3.9f1\Editor\Unity.exe
-adb2
-batchMode
-noUpm
-name
AssetImportWorker8
-projectPath
D:/unityD/GB/2DShooting/2D_Shooting
-logFile
Logs/AssetImportWorker8.log
-srvPort
57208
Successfully changed project path to: D:/unityD/GB/2DShooting/2D_Shooting
D:/unityD/GB/2DShooting/2D_Shooting
Using Asset Import Pipeline V2.
Refreshing native plugins compatible for Editor in 159.95 ms, found 1 plugins.
Preloading 0 native plugins for Editor in 0.00 ms.
Initialize engine version: 2020.3.9f1 (108be757e447)
[Subsystems] Discovering subsystems at path C:/Program Files/Unity/Hub/Editor/2020.3.9f1/Editor/Data/Resources/UnitySubsystems
[Subsystems] Discovering subsystems at path D:/unityD/GB/2DShooting/2D_Shooting/Assets
GfxDevice: creating device client; threaded=0
Direct3D:
    Version:  Direct3D 11.0 [level 11.1]
    Renderer: AMD Radeon R5 Graphics (ID=0x9874)
    Vendor:   
    VRAM:     5831 MB
    Driver:   27.20.1034.6
Initialize mono
Mono path[0] = 'C:/Program Files/Unity/Hub/Editor/2020.3.9f1/Editor/Data/Managed'
Mono path[1] = 'C:/Program Files/Unity/Hub/Editor/2020.3.9f1/Editor/Data/MonoBleedingEdge/lib/mono/unityjit'
Mono config path = 'C:/Program Files/Unity/Hub/Editor/2020.3.9f1/Editor/Data/MonoBleedingEdge/etc'
Using monoOptions --debugger-agent=transport=dt_socket,embedding=1,server=y,suspend=n,address=127.0.0.1:56076
Begin MonoManager ReloadAssembly
Registering precompiled unity dll's ...
Register platform support module: C:/Program Files/Unity/Hub/Editor/2020.3.9f1/Editor/Data/PlaybackEngines/MacStandaloneSupport/UnityEditor.OSXStandalone.Extensions.dll
Register platform support module: C:/Program Files/Unity/Hub/Editor/2020.3.9f1/Editor/Data/PlaybackEngines/WindowsStandaloneSupport/UnityEditor.WindowsStandalone.Extensions.dll
Register platform support module: C:/Program Files/Unity/Hub/Editor/2020.3.9f1/Editor/Data/PlaybackEngines/LinuxStandaloneSupport/UnityEditor.LinuxStandalone.Extensions.dll
Registered in 0.011441 seconds.
Native extension for LinuxStandalone target not found
Native extension for WindowsStandalone target not found
Native extension for OSXStandalone target not found
Refreshing native plugins compatible for Editor in 139.62 ms, found 1 plugins.
Preloading 0 native plugins for Editor in 0.00 ms.
Mono: successfully reloaded assembly
- Completed reload, in 11.073 seconds
Platform modules already initialized, skipping
Registering precompiled user dll's ...
Registered in 0.003077 seconds.
Begin MonoManager ReloadAssembly
Native extension for LinuxStandalone target not found
Native extension for WindowsStandalone target not found
Native extension for OSXStandalone target not found
Refreshing native plugins compatible for Editor in 158.81 ms, found 1 plugins.
Preloading 0 native plugins for Editor in 0.00 ms.
Mono: successfully reloaded assembly
- Completed reload, in  5.028 seconds
Platform modules already initialized, skipping
========================================================================
Worker process is ready to serve import requests
Launched and connected shader compiler UnityShaderCompiler.exe after 0.24 seconds
Refreshing native plugins compatible for Editor in 1.14 ms, found 1 plugins.
Preloading 0 native plugins for Editor in 0.00 ms.
Unloading 1824 Unused Serialized files (Serialized files now loaded: 0)
System memory in use before: 85.4 MB.
System memory in use after: 85.3 MB.

Unloading 24 unused Assets to reduce memory usage. Loaded Objects now: 2267.
Total: 5.734300 ms (FindLiveObjects: 0.492200 ms CreateObjectMapping: 0.135400 ms MarkObjects: 4.716700 ms  DeleteObjects: 0.386300 ms)

========================================================================
Received Import Request.
  path: Assets/Scripts/AI
  artifactKey: Guid(c5632e79b8f60384a8d0a5f1e4068102) Importer(815301076,1909f56bfc062723c751e8b465ee728b)
Start importing Assets/Scripts/AI using Guid(c5632e79b8f60384a8d0a5f1e4068102) Importer(815301076,1909f56bfc062723c751e8b465ee728b)  -> (artifact id: 'd8c9ff1f21472e51372e541139f53c43') in 0.054849 seconds
  Import took 0.082516 seconds .

========================================================================
Received Import Request.
  Time since last request: 544.635125 seconds.
  path: Assets/Scripts/AI/AiConfig.cs
  artifactKey: Guid(4a79407768fbe69478c3c15d58bbca82) Importer(815301076,1909f56bfc062723c751e8b465ee728b)
Start importing Assets/Scripts/AI/AiConfig.cs using Guid(4a79407768fbe69478c3c15d58bbca82) Importer(815301076,1909f56bfc062723c751e8b465ee728b)  -> (artifact id: '5d0457c8d8786993c9c27e57a21c4b76') in 0.275761 seconds
  Import took 0.295258 seconds .

========================================================================
Received Prepare
Registering precompiled user dll's ...
Registered in 0.005029 seconds.
Begin MonoManager ReloadAssembly
Native extension for LinuxStandalone target not found
Native extension for WindowsStandalone target not found
Native extension for OSXStandalone target not found
Refreshing native plugins compatible for Editor in 0.98 ms, found 1 plugins.
Preloading 0 native plugins for Editor in 0.00 ms.
Mono: successfully reloaded assembly
- Completed reload, in  3.637 seconds
Platform modules already initialized, skipping
Refreshing native plugins compatible for Editor in 0.92 ms, found 1 plugins.
Preloading 0 native plugins for Editor in 0.00 ms.
Unloading 1820 Unused Serialized files (Serialized files now loaded: 0)
System memory in use before: 85.4 MB.
System memory in use after: 85.3 MB.

Unloading 12 unused Assets to reduce memory usage. Loaded Objects now: 2272.
Total: 7.580500 ms (FindLiveObjects: 0.712200 ms CreateObjectMapping: 0.195800 ms MarkObjects: 6.365700 ms  DeleteObjects: 0.301700 ms)

========================================================================
Received Prepare
Registering precompiled user dll's ...
Registered in 0.010868 seconds.
Begin MonoManager ReloadAssembly
Native extension for LinuxStandalone target not found
Native extension for WindowsStandalone target not found
Native extension for OSXStandalone target not found
Refreshing native plugins compatible for Editor in 0.87 ms, found 1 plugins.
Preloading 0 native plugins for Editor in 0.00 ms.
Mono: successfully reloaded assembly
- Completed reload, in  4.842 seconds
Platform modules already initialized, skipping
Refreshing native plugins compatible for Editor in 1.07 ms, found 1 plugins.
Preloading 0 native plugins for Editor in 0.00 ms.
Unloading 1820 Unused Serialized files (Serialized files now loaded: 0)
System memory in use before: 85.4 MB.
System memory in use after: 85.4 MB.

Unloading 12 unused Assets to reduce memory usage. Loaded Objects now: 2276.
Total: 5.934000 ms (FindLiveObjects: 0.597000 ms CreateObjectMapping: 0.535300 ms MarkObjects: 4.489400 ms  DeleteObjects: 0.308200 ms)

========================================================================
Received Import Request.
  Time since last request: 468.652358 seconds.
  path: Assets/Scripts/AI/AiConfig.cs
  artifactKey: Guid(4a79407768fbe69478c3c15d58bbca82) Importer(815301076,1909f56bfc062723c751e8b465ee728b)
Start importing Assets/Scripts/AI/AiConfig.cs using Guid(4a79407768fbe69478c3c15d58bbca82) Importer(815301076,1909f56bfc062723c751e8b465ee728b)  -> (artifact id: '6162ae5c6f0286add9eb3427048bdb36') in 0.016782 seconds
  Import took 0.024098 seconds .

========================================================================
Received Import Request.
  Time since last request: 43.773543 seconds.
  path: Assets/Scripts/AI/SimpalPatrolAiModel.cs
  artifactKey: Guid(31b11bf5112dfd34aacefd64c36ead70) Importer(815301076,1909f56bfc062723c751e8b465ee728b)
Start importing Assets/Scripts/AI/SimpalPatrolAiModel.cs using Guid(31b11bf5112dfd34aacefd64c36ead70) Importer(815301076,1909f56bfc062723c751e8b465ee728b)  -> (artifact id: '95af955d4a6c53090692d39feb5829bb') in 0.017442 seconds
  Import took 0.097792 seconds .

========================================================================
Received Prepare
Registering precompiled user dll's ...
Registered in 0.006740 seconds.
Begin MonoManager ReloadAssembly
Native extension for LinuxStandalone target not found
Native extension for WindowsStandalone target not found
Native extension for OSXStandalone target not found
Refreshing native plugins compatible for Editor in 3.89 ms, found 1 plugins.
Preloading 0 native plugins for Editor in 0.00 ms.
Mono: successfully reloaded assembly
- Completed reload, in  6.779 seconds
Platform modules already initialized, skipping
Refreshing native plugins compatible for Editor in 1.32 ms, found 1 plugins.
Preloading 0 native plugins for Editor in 0.00 ms.
Unloading 1821 Unused Serialized files (Serialized files now loaded: 0)
System memory in use before: 85.4 MB.
System memory in use after: 85.4 MB.

Unloading 12 unused Assets to reduce memory usage. Loaded Objects now: 2281.
Total: 11.416000 ms (FindLiveObjects: 0.591700 ms CreateObjectMapping: 0.226300 ms MarkObjects: 10.122100 ms  DeleteObjects: 0.470300 ms)

========================================================================
Received Prepare
Registering precompiled user dll's ...
Registered in 0.055910 seconds.
Begin MonoManager ReloadAssembly
Native extension for LinuxStandalone target not found
Native extension for WindowsStandalone target not found
Native extension for OSXStandalone target not found
Refreshing native plugins compatible for Editor in 1.14 ms, found 1 plugins.
Preloading 0 native plugins for Editor in 0.00 ms.
Mono: successfully reloaded assembly
- Completed reload, in  5.101 seconds
Platform modules already initialized, skipping
Refreshing native plugins compatible for Editor in 1.18 ms, found 1 plugins.
Preloading 0 native plugins for Editor in 0.00 ms.
Unloading 1821 Unused Serialized files (Serialized files now loaded: 0)
System memory in use before: 85.5 MB.
System memory in use after: 85.4 MB.

Unloading 12 unused Assets to reduce memory usage. Loaded Objects now: 2285.
Total: 54.900700 ms (FindLiveObjects: 1.678100 ms CreateObjectMapping: 0.888700 ms MarkObjects: 51.356000 ms  DeleteObjects: 0.972500 ms)

========================================================================
Received Prepare
Registering precompiled user dll's ...
Registered in 0.005552 seconds.
Begin MonoManager ReloadAssembly
Native extension for LinuxStandalone target not found
Native extension for WindowsStandalone target not found
Native extension for OSXStandalone target not found
Refreshing native plugins compatible for Editor in 1.10 ms, found 1 plugins.
Preloading 0 native plugins for Editor in 0.00 ms.
Mono: successfully reloaded assembly
- Completed reload, in  3.689 seconds
Platform modules already initialized, skipping
Refreshing native plugins compatible for Editor in 1.63 ms, found 1 plugins.
Preloading 0 native plugins for Editor in 0.00 ms.
Unloading 1822 Unused Serialized files (Serialized files now loaded: 0)
System memory in use before: 85.5 MB.
System memory in use after: 85.5 MB.

Unloading 12 unused Assets to reduce memory usage. Loaded Objects now: 2290.
Total: 7.978300 ms (FindLiveObjects: 1.385200 ms CreateObjectMapping: 0.512100 ms MarkObjects: 5.717800 ms  DeleteObjects: 0.358800 ms)

========================================================================
Received Import Request.
  Time since last request: 3861.487573 seconds.
  path: Assets/Scripts/AI/SimplePatrolAi.cs
  artifactKey: Guid(3871bc0a2763cb749916600d4d9281d7) Importer(815301076,1909f56bfc062723c751e8b465ee728b)
Start importing Assets/Scripts/AI/SimplePatrolAi.cs using Guid(3871bc0a2763cb749916600d4d9281d7) Importer(815301076,1909f56bfc062723c751e8b465ee728b)  -> (artifact id: '012ca56305c7c3fd05ff69c732c2ab78') in 0.030987 seconds
  Import took 0.055198 seconds .

========================================================================
Received Prepare
Registering precompiled user dll's ...
Registered in 0.005546 seconds.
Begin MonoManager ReloadAssembly
Native extension for LinuxStandalone target not found
Native extension for WindowsStandalone target not found
Native extension for OSXStandalone target not found
Refreshing native plugins compatible for Editor in 1.35 ms, found 1 plugins.
Preloading 0 native plugins for Editor in 0.00 ms.
Mono: successfully reloaded assembly
- Completed reload, in  3.896 seconds
Platform modules already initialized, skipping
Refreshing native plugins compatible for Editor in 1.11 ms, found 1 plugins.
Preloading 0 native plugins for Editor in 0.00 ms.
Unloading 1822 Unused Serialized files (Serialized files now loaded: 0)
System memory in use before: 85.5 MB.
System memory in use after: 85.5 MB.

Unloading 12 unused Assets to reduce memory usage. Loaded Objects now: 2294.
Total: 12.774400 ms (FindLiveObjects: 0.660100 ms CreateObjectMapping: 0.271200 ms MarkObjects: 11.399200 ms  DeleteObjects: 0.440000 ms)

========================================================================
Received Import Request.
  Time since last request: 1026.305682 seconds.
  path: Assets/Scripts/AI/SimplePatrolAi.cs
  artifactKey: Guid(3871bc0a2763cb749916600d4d9281d7) Importer(815301076,1909f56bfc062723c751e8b465ee728b)
Start importing Assets/Scripts/AI/SimplePatrolAi.cs using Guid(3871bc0a2763cb749916600d4d9281d7) Importer(815301076,1909f56bfc062723c751e8b465ee728b)  -> (artifact id: 'd2d974c8afa0a5e114161d9cd4059183') in 0.022106 seconds
  Import took 0.046608 seconds .

========================================================================
Received Prepare
Registering precompiled user dll's ...
Registered in 0.008108 seconds.
Begin MonoManager ReloadAssembly
Native extension for LinuxStandalone target not found
Native extension for WindowsStandalone target not found
Native extension for OSXStandalone target not found
Refreshing native plugins compatible for Editor in 1.30 ms, found 1 plugins.
Preloading 0 native plugins for Editor in 0.00 ms.
Mono: successfully reloaded assembly
- Completed reload, in  4.196 seconds
Platform modules already initialized, skipping
Refreshing native plugins compatible for Editor in 0.98 ms, found 1 plugins.
Preloading 0 native plugins for Editor in 0.00 ms.
Unloading 1822 Unused Serialized files (Serialized files now loaded: 0)
System memory in use before: 85.5 MB.
System memory in use after: 85.5 MB.

Unloading 12 unused Assets to reduce memory usage. Loaded Objects now: 2298.
Total: 17.944500 ms (FindLiveObjects: 0.609600 ms CreateObjectMapping: 0.257400 ms MarkObjects: 16.708300 ms  DeleteObjects: 0.365300 ms)

========================================================================
Received Prepare
Registering precompiled user dll's ...
Registered in 0.005044 seconds.
Begin MonoManager ReloadAssembly
Native extension for LinuxStandalone target not found
Native extension for WindowsStandalone target not found
Native extension for OSXStandalone target not found
Refreshing native plugins compatible for Editor in 1.13 ms, found 1 plugins.
Preloading 0 native plugins for Editor in 0.00 ms.
Mono: successfully reloaded assembly
- Completed reload, in  4.053 seconds
Platform modules already initialized, skipping
Refreshing native plugins compatible for Editor in 1.13 ms, found 1 plugins.
Preloading 0 native plugins for Editor in 0.00 ms.
Unloading 1822 Unused Serialized files (Serialized files now loaded: 0)
System memory in use before: 85.5 MB.
System memory in use after: 85.5 MB.

Unloading 12 unused Assets to reduce memory usage. Loaded Objects now: 2302.
Total: 8.323500 ms (FindLiveObjects: 0.461400 ms CreateObjectMapping: 0.126400 ms MarkObjects: 7.352100 ms  DeleteObjects: 0.379800 ms)

========================================================================
Received Prepare
Registering precompiled user dll's ...
Registered in 0.002969 seconds.
Begin MonoManager ReloadAssembly
Native extension for LinuxStandalone target not found
Native extension for WindowsStandalone target not found
Native extension for OSXStandalone target not found
Refreshing native plugins compatible for Editor in 1.04 ms, found 1 plugins.
Preloading 0 native plugins for Editor in 0.00 ms.
Mono: successfully reloaded assembly
- Completed reload, in  4.732 seconds
Platform modules already initialized, skipping
Refreshing native plugins compatible for Editor in 0.98 ms, found 1 plugins.
Preloading 0 native plugins for Editor in 0.00 ms.
Unloading 1822 Unused Serialized files (Serialized files now loaded: 0)
System memory in use before: 85.5 MB.
System memory in use after: 85.5 MB.

Unloading 12 unused Assets to reduce memory usage. Loaded Objects now: 2306.
Total: 8.280500 ms (FindLiveObjects: 0.502200 ms CreateObjectMapping: 0.144400 ms MarkObjects: 7.277300 ms  DeleteObjects: 0.351600 ms)

========================================================================
Received Prepare
Registering precompiled user dll's ...
Registered in 0.003161 seconds.
Begin MonoManager ReloadAssembly
Native extension for LinuxStandalone target not found
Native extension for WindowsStandalone target not found
Native extension for OSXStandalone target not found
Refreshing native plugins compatible for Editor in 1.03 ms, found 1 plugins.
Preloading 0 native plugins for Editor in 0.00 ms.
Mono: successfully reloaded assembly
- Completed reload, in  6.628 seconds
Platform modules already initialized, skipping
Refreshing native plugins compatible for Editor in 0.97 ms, found 1 plugins.
Preloading 0 native plugins for Editor in 0.00 ms.
Unloading 1822 Unused Serialized files (Serialized files now loaded: 0)
System memory in use before: 85.5 MB.
System memory in use after: 85.5 MB.

Unloading 12 unused Assets to reduce memory usage. Loaded Objects now: 2310.
Total: 14.644100 ms (FindLiveObjects: 1.285100 ms CreateObjectMapping: 0.304300 ms MarkObjects: 11.627600 ms  DeleteObjects: 1.422000 ms)

========================================================================
Received Prepare
Registering precompiled user dll's ...
Registered in 0.017240 seconds.
Begin MonoManager ReloadAssembly
Native extension for LinuxStandalone target not found
Native extension for WindowsStandalone target not found
Native extension for OSXStandalone target not found
Refreshing native plugins compatible for Editor in 1.37 ms, found 1 plugins.
Preloading 0 native plugins for Editor in 0.00 ms.
Mono: successfully reloaded assembly
- Completed reload, in 28.371 seconds
Platform modules already initialized, skipping
Refreshing native plugins compatible for Editor in 1.23 ms, found 1 plugins.
Preloading 0 native plugins for Editor in 0.00 ms.
Unloading 1822 Unused Serialized files (Serialized files now loaded: 0)
System memory in use before: 85.5 MB.
System memory in use after: 85.5 MB.

Unloading 12 unused Assets to reduce memory usage. Loaded Objects now: 2314.
Total: 7.078700 ms (FindLiveObjects: 0.517100 ms CreateObjectMapping: 0.146400 ms MarkObjects: 6.108800 ms  DeleteObjects: 0.302900 ms)

========================================================================
Received Prepare
Registering precompiled user dll's ...
Registered in 0.086659 seconds.
Begin MonoManager ReloadAssembly
Native extension for LinuxStandalone target not found
Native extension for WindowsStandalone target not found
Native extension for OSXStandalone target not found
Refreshing native plugins compatible for Editor in 1.00 ms, found 1 plugins.
Preloading 0 native plugins for Editor in 0.00 ms.
Mono: successfully reloaded assembly
- Completed reload, in  2.915 seconds
Platform modules already initialized, skipping
Refreshing native plugins compatible for Editor in 1.27 ms, found 1 plugins.
Preloading 0 native plugins for Editor in 0.00 ms.
Unloading 1959 Unused Serialized files (Serialized files now loaded: 0)
System memory in use before: 91.1 MB.
System memory in use after: 90.6 MB.

Unloading 17 unused Assets to reduce memory usage. Loaded Objects now: 2450.
Total: 6.379600 ms (FindLiveObjects: 0.511600 ms CreateObjectMapping: 0.107900 ms MarkObjects: 4.917800 ms  DeleteObjects: 0.839500 ms)

========================================================================
Received Import Request.
  Time since last request: 12217.808684 seconds.
  path: ProjectSettings/TagManager.asset
  artifactKey: Guid(00000000000000003000000000000000) Importer(815301076,1909f56bfc062723c751e8b465ee728b)
Start importing ProjectSettings/TagManager.asset using Guid(00000000000000003000000000000000) Importer(815301076,1909f56bfc062723c751e8b465ee728b)  -> (artifact id: '95df672b4aaba54310d34c83eef51bb8') in 0.179245 seconds
  Import took 0.188175 seconds .

========================================================================
Received Import Request.
  Time since last request: 44.313674 seconds.
  path: Assets/Prefabs/StaticObj/Blocks/rafael-fonseca-tilemap-forest128x_1.prefab
  artifactKey: Guid(41ad97c3c85ca1547afe89aa8235a729) Importer(815301076,1909f56bfc062723c751e8b465ee728b)
Start importing Assets/Prefabs/StaticObj/Blocks/rafael-fonseca-tilemap-forest128x_1.prefab using Guid(41ad97c3c85ca1547afe89aa8235a729) Importer(815301076,1909f56bfc062723c751e8b465ee728b)  -> (artifact id: '4f1b9de48be5385d65443ceb3f5584a8') in 1.504082 seconds
  Import took 1.518020 seconds .

========================================================================
Received Import Request.
  Time since last request: 0.000529 seconds.
  path: Assets/Prefabs/StaticObj/Blocks/rafael-fonseca-tilemap-forest128x_36.prefab
  artifactKey: Guid(fdea8da476e95274885e15adf3208f89) Importer(815301076,1909f56bfc062723c751e8b465ee728b)
Start importing Assets/Prefabs/StaticObj/Blocks/rafael-fonseca-tilemap-forest128x_36.prefab using Guid(fdea8da476e95274885e15adf3208f89) Importer(815301076,1909f56bfc062723c751e8b465ee728b)  -> (artifact id: 'ded76b1e665186572cf10561d23aeb29') in 0.031199 seconds
  Import took 0.110565 seconds .

========================================================================
Received Import Request.
  Time since last request: 0.000544 seconds.
  path: Assets/Prefabs/StaticObj/Blocks/rafael-fonseca-tilemap-forest128x_4.prefab
  artifactKey: Guid(f8772a8396ed22441b21aa4a731414b9) Importer(815301076,1909f56bfc062723c751e8b465ee728b)
Start importing Assets/Prefabs/StaticObj/Blocks/rafael-fonseca-tilemap-forest128x_4.prefab using Guid(f8772a8396ed22441b21aa4a731414b9) Importer(815301076,1909f56bfc062723c751e8b465ee728b)  -> (artifact id: 'f6edb767a274ccb3c45a7b2401cba903') in 0.025838 seconds
  Import took 0.033105 seconds .

========================================================================
Received Import Request.
  Time since last request: 0.000660 seconds.
  path: Assets/Prefabs/StaticObj/Blocks/rafael-fonseca-tilemap-forest128x_11.prefab
  artifactKey: Guid(ade6fade8ca3fd6449a7d2bb602a1961) Importer(815301076,1909f56bfc062723c751e8b465ee728b)
Start importing Assets/Prefabs/StaticObj/Blocks/rafael-fonseca-tilemap-forest128x_11.prefab using Guid(ade6fade8ca3fd6449a7d2bb602a1961) Importer(815301076,1909f56bfc062723c751e8b465ee728b)  -> (artifact id: '0a1cf8a88598c1c6ea903f42c15db5a6') in 0.032972 seconds
  Import took 0.041284 seconds .

========================================================================
Received Import Request.
  Time since last request: 0.000469 seconds.
  path: Assets/Prefabs/StaticObj/Blocks/rafael-fonseca-tilemap-forest128x_23.prefab
  artifactKey: Guid(d79831e25b75ace4e91c0ab023966a19) Importer(815301076,1909f56bfc062723c751e8b465ee728b)
Start importing Assets/Prefabs/StaticObj/Blocks/rafael-fonseca-tilemap-forest128x_23.prefab using Guid(d79831e25b75ace4e91c0ab023966a19) Importer(815301076,1909f56bfc062723c751e8b465ee728b)  -> (artifact id: '3efef612101ab30e3b9abd58a8b42e02') in 0.050688 seconds
  Import took 0.061114 seconds .

========================================================================
Received Import Request.
  Time since last request: 0.000724 seconds.
  path: Assets/Prefabs/StaticObj/Blocks/rafael-fonseca-tilemap-forest128x_3.prefab
  artifactKey: Guid(ad18e63c8fe4a2d48aa79a5d5c4ea135) Importer(815301076,1909f56bfc062723c751e8b465ee728b)
Start importing Assets/Prefabs/StaticObj/Blocks/rafael-fonseca-tilemap-forest128x_3.prefab using Guid(ad18e63c8fe4a2d48aa79a5d5c4ea135) Importer(815301076,1909f56bfc062723c751e8b465ee728b)  -> (artifact id: '937e2a8d5ab86f7d5f60079287aa810d') in 0.052223 seconds
  Import took 0.082750 seconds .

========================================================================
Received Import Request.
  Time since last request: 0.000909 seconds.
  path: Assets/Prefabs/StaticObj/Blocks/rafael-fonseca-tilemap-forest128x_5.prefab
  artifactKey: Guid(5617be08824d3d04fb19caf83fd11e63) Importer(815301076,1909f56bfc062723c751e8b465ee728b)
Start importing Assets/Prefabs/StaticObj/Blocks/rafael-fonseca-tilemap-forest128x_5.prefab using Guid(5617be08824d3d04fb19caf83fd11e63) Importer(815301076,1909f56bfc062723c751e8b465ee728b)  -> (artifact id: 'a9e4bbe85ab4fafdd57c926c01c3e001') in 0.082999 seconds
  Import took 0.099498 seconds .

========================================================================
Received Import Request.
  Time since last request: 0.000544 seconds.
  path: Assets/Prefabs/StaticObj/Blocks/rafael-fonseca-tilemap-forest128x_42 (1).prefab
  artifactKey: Guid(38d984ebbbc5e954fa9b511a3d97e355) Importer(815301076,1909f56bfc062723c751e8b465ee728b)
Start importing Assets/Prefabs/StaticObj/Blocks/rafael-fonseca-tilemap-forest128x_42 (1).prefab using Guid(38d984ebbbc5e954fa9b511a3d97e355) Importer(815301076,1909f56bfc062723c751e8b465ee728b)  -> (artifact id: '4f15cd3ed85460b98c5c22ef2e323f4e') in 0.340694 seconds
  Import took 0.368093 seconds .

========================================================================
Received Import Request.
  Time since last request: 0.001588 seconds.
  path: Assets/Prefabs/StaticObj/Blocks/rafael-fonseca-tilemap-forest128x_41 (1).prefab
  artifactKey: Guid(b868aac6db04dd44f9feba1d8f309146) Importer(815301076,1909f56bfc062723c751e8b465ee728b)
Start importing Assets/Prefabs/StaticObj/Blocks/rafael-fonseca-tilemap-forest128x_41 (1).prefab using Guid(b868aac6db04dd44f9feba1d8f309146) Importer(815301076,1909f56bfc062723c751e8b465ee728b)  -> (artifact id: '5aca2c5d39a3e74a919b64fe19a0f84e') in 0.084946 seconds
  Import took 0.102020 seconds .

========================================================================
Received Import Request.
  Time since last request: 0.000713 seconds.
  path: Assets/Prefabs/StaticObj/Blocks/rafael-fonseca-tilemap-forest128x_10.prefab
  artifactKey: Guid(29f51448aa1170a4f938198de7bd2cb1) Importer(815301076,1909f56bfc062723c751e8b465ee728b)
Start importing Assets/Prefabs/StaticObj/Blocks/rafael-fonseca-tilemap-forest128x_10.prefab using Guid(29f51448aa1170a4f938198de7bd2cb1) Importer(815301076,1909f56bfc062723c751e8b465ee728b)  -> (artifact id: 'cffec031289dddf8d274312bcf9e8d9e') in 0.038696 seconds
  Import took 0.049633 seconds .

========================================================================
Received Import Request.
  Time since last request: 0.001252 seconds.
  path: Assets/Prefabs/StaticObj/Blocks/rafael-fonseca-tilemap-forest128x_38.prefab
  artifactKey: Guid(06bcb814960c73e4c9a4c9a30e2c92c4) Importer(815301076,1909f56bfc062723c751e8b465ee728b)
Start importing Assets/Prefabs/StaticObj/Blocks/rafael-fonseca-tilemap-forest128x_38.prefab using Guid(06bcb814960c73e4c9a4c9a30e2c92c4) Importer(815301076,1909f56bfc062723c751e8b465ee728b)  -> (artifact id: '50a5bdfa60f7bbac69adfa307e04366f') in 0.134170 seconds
  Import took 0.170071 seconds .

========================================================================
Received Import Request.
  Time since last request: 0.000624 seconds.
  path: Assets/Prefabs/StaticObj/Blocks/rafael-fonseca-tilemap-forest128x_14.prefab
  artifactKey: Guid(4ede5e04a76af984695e5143633de8f8) Importer(815301076,1909f56bfc062723c751e8b465ee728b)
Start importing Assets/Prefabs/StaticObj/Blocks/rafael-fonseca-tilemap-forest128x_14.prefab using Guid(4ede5e04a76af984695e5143633de8f8) Importer(815301076,1909f56bfc062723c751e8b465ee728b)  -> (artifact id: '6cf2e23a3f99f44aed11c8358dad3c3d') in 0.033409 seconds
  Import took 0.042525 seconds .

========================================================================
Received Import Request.
  Time since last request: 0.000456 seconds.
  path: Assets/Prefabs/StaticObj/Blocks/rafael-fonseca-tilemap-forest128x_9.prefab
  artifactKey: Guid(7c050d1e41691f6448a8b5ba0eb1dce8) Importer(815301076,1909f56bfc062723c751e8b465ee728b)
Start importing Assets/Prefabs/StaticObj/Blocks/rafael-fonseca-tilemap-forest128x_9.prefab using Guid(7c050d1e41691f6448a8b5ba0eb1dce8) Importer(815301076,1909f56bfc062723c751e8b465ee728b)  -> (artifact id: '8cf9759545aa64d9584fff08b25b10d1') in 0.044586 seconds
  Import took 0.070458 seconds .

========================================================================
Received Import Request.
  Time since last request: 0.001335 seconds.
  path: Assets/Prefabs/StaticObj/Blocks/rafael-fonseca-tilemap-forest128x_13.prefab
  artifactKey: Guid(dc26e4711be28f1418dd6f2b9c17d2a6) Importer(815301076,1909f56bfc062723c751e8b465ee728b)
Start importing Assets/Prefabs/StaticObj/Blocks/rafael-fonseca-tilemap-forest128x_13.prefab using Guid(dc26e4711be28f1418dd6f2b9c17d2a6) Importer(815301076,1909f56bfc062723c751e8b465ee728b)  -> (artifact id: 'cc9728d0d90c967faa168b51fb3ea82a') in 0.182913 seconds
  Import took 0.228167 seconds .

========================================================================
Received Import Request.
  Time since last request: 0.000509 seconds.
  path: Assets/Prefabs/StaticObj/Blocks/rafael-fonseca-tilemap-forest128x_8.prefab
  artifactKey: Guid(c3025a755d13c1b4abd52833ee51bb38) Importer(815301076,1909f56bfc062723c751e8b465ee728b)
Start importing Assets/Prefabs/StaticObj/Blocks/rafael-fonseca-tilemap-forest128x_8.prefab using Guid(c3025a755d13c1b4abd52833ee51bb38) Importer(815301076,1909f56bfc062723c751e8b465ee728b)  -> (artifact id: 'cc5014969e735569d4703cc9073c8d73') in 0.081873 seconds
  Import took 0.102329 seconds .

========================================================================
Received Import Request.
  Time since last request: 0.001118 seconds.
  path: Assets/Prefabs/StaticObj/Blocks/rafael-fonseca-tilemap-forest128x_12.prefab
  artifactKey: Guid(44b6b0f46131beb45b36f3194364c09f) Importer(815301076,1909f56bfc062723c751e8b465ee728b)
Start importing Assets/Prefabs/StaticObj/Blocks/rafael-fonseca-tilemap-forest128x_12.prefab using Guid(44b6b0f46131beb45b36f3194364c09f) Importer(815301076,1909f56bfc062723c751e8b465ee728b)  -> (artifact id: 'b9755bcc616a90a2c1736fba56621d7e') in 0.258220 seconds
  Import took 0.292384 seconds .

========================================================================
Received Import Request.
  Time since last request: 0.007335 seconds.
  path: Assets/Prefabs/StaticObj/Blocks/rafael-fonseca-tilemap-forest128x_43 (1).prefab
  artifactKey: Guid(13e6683dd3e80b44083755da09f89091) Importer(815301076,1909f56bfc062723c751e8b465ee728b)
Start importing Assets/Prefabs/StaticObj/Blocks/rafael-fonseca-tilemap-forest128x_43 (1).prefab using Guid(13e6683dd3e80b44083755da09f89091) Importer(815301076,1909f56bfc062723c751e8b465ee728b)  -> (artifact id: '27ad625ffa30837e1f463c5a0863ded8') in 0.354947 seconds
  Import took 0.367940 seconds .

========================================================================
Received Import Request.
  Time since last request: 0.000669 seconds.
  path: Assets/Prefabs/StaticObj/Blocks/rafael-fonseca-tilemap-forest128x_37.prefab
  artifactKey: Guid(4a5304ed8f552df4ab56e879bb188d19) Importer(815301076,1909f56bfc062723c751e8b465ee728b)
Start importing Assets/Prefabs/StaticObj/Blocks/rafael-fonseca-tilemap-forest128x_37.prefab using Guid(4a5304ed8f552df4ab56e879bb188d19) Importer(815301076,1909f56bfc062723c751e8b465ee728b)  -> (artifact id: 'f1e11424f57201b0f286df4bd7d1e1a7') in 0.395043 seconds
  Import took 0.411178 seconds .

========================================================================
Received Import Request.
  Time since last request: 0.000742 seconds.
  path: Assets/Prefabs/StaticObj/Blocks/rafael-fonseca-tilemap-forest128x_24.prefab
  artifactKey: Guid(56aa447b8b61b0f46bd86f2434f29308) Importer(815301076,1909f56bfc062723c751e8b465ee728b)
Start importing Assets/Prefabs/StaticObj/Blocks/rafael-fonseca-tilemap-forest128x_24.prefab using Guid(56aa447b8b61b0f46bd86f2434f29308) Importer(815301076,1909f56bfc062723c751e8b465ee728b)  -> (artifact id: '1b44f75caf671e6a95d4aa3c8c80e2bd') in 0.065943 seconds
  Import took 0.170377 seconds .

========================================================================
Received Import Request.
  Time since last request: 0.000696 seconds.
  path: Assets/Prefabs/StaticObj/Blocks/rafael-fonseca-tilemap-forest128x_15 1.prefab
  artifactKey: Guid(1ad2c1df48346fd4b9ab07b0bbb86300) Importer(815301076,1909f56bfc062723c751e8b465ee728b)
Start importing Assets/Prefabs/StaticObj/Blocks/rafael-fonseca-tilemap-forest128x_15 1.prefab using Guid(1ad2c1df48346fd4b9ab07b0bbb86300) Importer(815301076,1909f56bfc062723c751e8b465ee728b)  -> (artifact id: '8e52f067a9cbe8496bfbc7fbe61726e4') in 0.094498 seconds
  Import took 0.111955 seconds .

========================================================================
Received Import Request.
  Time since last request: 0.000634 seconds.
  path: Assets/Prefabs/StaticObj/Blocks/rafael-fonseca-tilemap-forest128x_35.prefab
  artifactKey: Guid(cdee09c6d69cfce43ac157212261fa63) Importer(815301076,1909f56bfc062723c751e8b465ee728b)
Start importing Assets/Prefabs/StaticObj/Blocks/rafael-fonseca-tilemap-forest128x_35.prefab using Guid(cdee09c6d69cfce43ac157212261fa63) Importer(815301076,1909f56bfc062723c751e8b465ee728b)  -> (artifact id: '7cdd3e1bca87f78e91fb09dd5856b67c') in 0.046822 seconds
  Import took 0.065208 seconds .

========================================================================
Received Import Request.
  Time since last request: 0.001222 seconds.
  path: Assets/Prefabs/StaticObj/Blocks/rafael-fonseca-tilemap-forest128x_28.prefab
  artifactKey: Guid(9ab54df5cffa1f94d8162f5e33ace9e1) Importer(815301076,1909f56bfc062723c751e8b465ee728b)
Start importing Assets/Prefabs/StaticObj/Blocks/rafael-fonseca-tilemap-forest128x_28.prefab using Guid(9ab54df5cffa1f94d8162f5e33ace9e1) Importer(815301076,1909f56bfc062723c751e8b465ee728b)  -> (artifact id: '846179facbc14b5b7e2a38b4b5d42ede') in 0.166539 seconds
  Import took 0.227857 seconds .

========================================================================
Received Import Request.
  Time since last request: 0.000563 seconds.
  path: Assets/Prefabs/StaticObj/Blocks/rafael-fonseca-tilemap-forest128x_26.prefab
  artifactKey: Guid(1029626f79dbfa44e9ca40c8a0f4b9a1) Importer(815301076,1909f56bfc062723c751e8b465ee728b)
Start importing Assets/Prefabs/StaticObj/Blocks/rafael-fonseca-tilemap-forest128x_26.prefab using Guid(1029626f79dbfa44e9ca40c8a0f4b9a1) Importer(815301076,1909f56bfc062723c751e8b465ee728b)  -> (artifact id: 'f1b6b0045b8e827f913e639760f20742') in 0.030825 seconds
  Import took 0.041394 seconds .

========================================================================
Received Import Request.
  Time since last request: 0.000634 seconds.
  path: Assets/Prefabs/StaticObj/Blocks/rafael-fonseca-tilemap-forest128x_25.prefab
  artifactKey: Guid(5e16dbf946517634494ff5b4c25ad49d) Importer(815301076,1909f56bfc062723c751e8b465ee728b)
Start importing Assets/Prefabs/StaticObj/Blocks/rafael-fonseca-tilemap-forest128x_25.prefab using Guid(5e16dbf946517634494ff5b4c25ad49d) Importer(815301076,1909f56bfc062723c751e8b465ee728b)  -> (artifact id: 'a3677996d1d7c701bfb47853a4086d24') in 0.051130 seconds
  Import took 0.065475 seconds .

========================================================================
Received Import Request.
  Time since last request: 0.000207 seconds.
  path: Assets/Prefabs/StaticObj/Blocks/rafael-fonseca-tilemap-forest128x_15.prefab
  artifactKey: Guid(7828eb5767aff76468114aaa5b4db44f) Importer(815301076,1909f56bfc062723c751e8b465ee728b)
Start importing Assets/Prefabs/StaticObj/Blocks/rafael-fonseca-tilemap-forest128x_15.prefab using Guid(7828eb5767aff76468114aaa5b4db44f) Importer(815301076,1909f56bfc062723c751e8b465ee728b)  -> (artifact id: 'bdc94dca85c78a6b58b6eebc171f8ae6') in 0.033138 seconds
  Import took 0.044308 seconds .

========================================================================
Received Import Request.
  Time since last request: 0.000180 seconds.
  path: Assets/Prefabs/StaticObj/Blocks/rafael-fonseca-tilemap-forest128x_6.prefab
  artifactKey: Guid(a3831221af29b7d43aebaea32c8ffffc) Importer(815301076,1909f56bfc062723c751e8b465ee728b)
Start importing Assets/Prefabs/StaticObj/Blocks/rafael-fonseca-tilemap-forest128x_6.prefab using Guid(a3831221af29b7d43aebaea32c8ffffc) Importer(815301076,1909f56bfc062723c751e8b465ee728b)  -> (artifact id: 'ef47b128f173982e0592b02524bad278') in 0.042499 seconds
  Import took 0.055921 seconds .

========================================================================
Received Import Request.
  Time since last request: 0.000763 seconds.
  path: Assets/Prefabs/StaticObj/Blocks/rafael-fonseca-tilemap-forest128x_27.prefab
  artifactKey: Guid(174b6e7e712e71641a76a7932e893c0d) Importer(815301076,1909f56bfc062723c751e8b465ee728b)
Start importing Assets/Prefabs/StaticObj/Blocks/rafael-fonseca-tilemap-forest128x_27.prefab using Guid(174b6e7e712e71641a76a7932e893c0d) Importer(815301076,1909f56bfc062723c751e8b465ee728b)  -> (artifact id: '28cb3c16aa6a74fd99974896923d65d9') in 0.040951 seconds
  Import took 0.052354 seconds .

========================================================================
Received Import Request.
  Time since last request: 0.000836 seconds.
  path: Assets/Prefabs/StaticObj/Blocks/rafael-fonseca-tilemap-forest128x_2.prefab
  artifactKey: Guid(bf62e4435d76b1c4b846a08729d5ae10) Importer(815301076,1909f56bfc062723c751e8b465ee728b)
Start importing Assets/Prefabs/StaticObj/Blocks/rafael-fonseca-tilemap-forest128x_2.prefab using Guid(bf62e4435d76b1c4b846a08729d5ae10) Importer(815301076,1909f56bfc062723c751e8b465ee728b)  -> (artifact id: '7a769594af24212b412cfe777ab43c0e') in 0.038665 seconds
  Import took 0.047050 seconds .

========================================================================
Received Prepare
Registering precompiled user dll's ...
Registered in 0.030610 seconds.
Begin MonoManager ReloadAssembly
Native extension for LinuxStandalone target not found
Native extension for WindowsStandalone target not found
Native extension for OSXStandalone target not found
Refreshing native plugins compatible for Editor in 1.31 ms, found 1 plugins.
Preloading 0 native plugins for Editor in 0.00 ms.
Mono: successfully reloaded assembly
- Completed reload, in  3.327 seconds
Platform modules already initialized, skipping
Refreshing native plugins compatible for Editor in 1.06 ms, found 1 plugins.
Preloading 0 native plugins for Editor in 0.00 ms.
Unloading 1958 Unused Serialized files (Serialized files now loaded: 0)
System memory in use before: 94.1 MB.
System memory in use after: 93.7 MB.

Unloading 18 unused Assets to reduce memory usage. Loaded Objects now: 2461.
Total: 8.103600 ms (FindLiveObjects: 0.682300 ms CreateObjectMapping: 0.177100 ms MarkObjects: 6.292400 ms  DeleteObjects: 0.946300 ms)

AssetImportWorkerClient::OnTransportError - code=2 error=End of file
