Using pre-set license
Built from '2020.3/staging' branch; Version is '2020.3.9f1 (108be757e447) revision 1084391'; Using compiler version '192528614'; Build Type 'Release'
OS: 'Windows 10 Home Single Language; OS build 19043.1586; Version 2009; 64bit' Language: 'ru' Physical Memory: 11663 MB
BatchMode: 1, IsHumanControllingUs: 0, StartBugReporterOnCrash: 0, Is64bit: 1, IsPro: 0

 COMMAND LINE ARGUMENTS:
C:\Program Files\Unity\Hub\Editor\2020.3.9f1\Editor\Unity.exe
-adb2
-batchMode
-noUpm
-name
AssetImportWorker9
-projectPath
D:/unityD/GB/2DShooting/2D_Shooting
-logFile
Logs/AssetImportWorker9.log
-srvPort
51024
Successfully changed project path to: D:/unityD/GB/2DShooting/2D_Shooting
D:/unityD/GB/2DShooting/2D_Shooting
Using Asset Import Pipeline V2.
Refreshing native plugins compatible for Editor in 610.88 ms, found 1 plugins.
Preloading 0 native plugins for Editor in 0.00 ms.
Initialize engine version: 2020.3.9f1 (108be757e447)
[Subsystems] Discovering subsystems at path C:/Program Files/Unity/Hub/Editor/2020.3.9f1/Editor/Data/Resources/UnitySubsystems
[Subsystems] Discovering subsystems at path D:/unityD/GB/2DShooting/2D_Shooting/Assets
GfxDevice: creating device client; threaded=0
Direct3D:
    Version:  Direct3D 11.0 [level 11.1]
    Renderer: AMD Radeon R5 Graphics (ID=0x9874)
    Vendor:   
    VRAM:     5831 MB
    Driver:   27.20.1034.6
Initialize mono
Mono path[0] = 'C:/Program Files/Unity/Hub/Editor/2020.3.9f1/Editor/Data/Managed'
Mono path[1] = 'C:/Program Files/Unity/Hub/Editor/2020.3.9f1/Editor/Data/MonoBleedingEdge/lib/mono/unityjit'
Mono config path = 'C:/Program Files/Unity/Hub/Editor/2020.3.9f1/Editor/Data/MonoBleedingEdge/etc'
Using monoOptions --debugger-agent=transport=dt_socket,embedding=1,server=y,suspend=n,address=127.0.0.1:56092
Begin MonoManager ReloadAssembly
Registering precompiled unity dll's ...
Register platform support module: C:/Program Files/Unity/Hub/Editor/2020.3.9f1/Editor/Data/PlaybackEngines/MacStandaloneSupport/UnityEditor.OSXStandalone.Extensions.dll
Register platform support module: C:/Program Files/Unity/Hub/Editor/2020.3.9f1/Editor/Data/PlaybackEngines/WindowsStandaloneSupport/UnityEditor.WindowsStandalone.Extensions.dll
Register platform support module: C:/Program Files/Unity/Hub/Editor/2020.3.9f1/Editor/Data/PlaybackEngines/LinuxStandaloneSupport/UnityEditor.LinuxStandalone.Extensions.dll
Registered in 0.011461 seconds.
Native extension for LinuxStandalone target not found
Native extension for WindowsStandalone target not found
Native extension for OSXStandalone target not found
Refreshing native plugins compatible for Editor in 235.33 ms, found 1 plugins.
Preloading 0 native plugins for Editor in 0.00 ms.
Mono: successfully reloaded assembly
- Completed reload, in 11.950 seconds
Platform modules already initialized, skipping
Registering precompiled user dll's ...
Registered in 0.005844 seconds.
Begin MonoManager ReloadAssembly
Native extension for LinuxStandalone target not found
Native extension for WindowsStandalone target not found
Native extension for OSXStandalone target not found
Refreshing native plugins compatible for Editor in 121.53 ms, found 1 plugins.
Preloading 0 native plugins for Editor in 0.00 ms.
Mono: successfully reloaded assembly
- Completed reload, in  4.540 seconds
Platform modules already initialized, skipping
========================================================================
Worker process is ready to serve import requests
Launched and connected shader compiler UnityShaderCompiler.exe after 0.44 seconds
Refreshing native plugins compatible for Editor in 1.09 ms, found 1 plugins.
Preloading 0 native plugins for Editor in 0.00 ms.
Unloading 1964 Unused Serialized files (Serialized files now loaded: 0)
System memory in use before: 91.2 MB.
System memory in use after: 91.1 MB.

Unloading 25 unused Assets to reduce memory usage. Loaded Objects now: 2407.
Total: 5.785500 ms (FindLiveObjects: 0.557800 ms CreateObjectMapping: 0.157100 ms MarkObjects: 4.707300 ms  DeleteObjects: 0.359800 ms)

========================================================================
Received Import Request.
  path: Assets/Scripts/Quest/QuestConfig.cs
  artifactKey: Guid(e2b7e9665c119034090a331eae4d3bcb) Importer(815301076,1909f56bfc062723c751e8b465ee728b)
Start importing Assets/Scripts/Quest/QuestConfig.cs using Guid(e2b7e9665c119034090a331eae4d3bcb) Importer(815301076,1909f56bfc062723c751e8b465ee728b)  -> (artifact id: 'fa227406349da5051df3833038627fe2') in 0.090488 seconds
  Import took 0.097473 seconds .

========================================================================
Received Import Request.
  Time since last request: 60.251019 seconds.
  path: Assets/Scripts/Quest/QuestConfig.cs
  artifactKey: Guid(e2b7e9665c119034090a331eae4d3bcb) Importer(815301076,1909f56bfc062723c751e8b465ee728b)
Start importing Assets/Scripts/Quest/QuestConfig.cs using Guid(e2b7e9665c119034090a331eae4d3bcb) Importer(815301076,1909f56bfc062723c751e8b465ee728b)  -> (artifact id: 'd058c47d6c78319d0613c809ab076a1c') in 0.018515 seconds
  Import took 0.035917 seconds .

========================================================================
Received Import Request.
  Time since last request: 0.825327 seconds.
  path: Assets/Scripts/Quest/QuestConfig.cs
  artifactKey: Guid(e2b7e9665c119034090a331eae4d3bcb) Importer(815301076,1909f56bfc062723c751e8b465ee728b)
Start importing Assets/Scripts/Quest/QuestConfig.cs using Guid(e2b7e9665c119034090a331eae4d3bcb) Importer(815301076,1909f56bfc062723c751e8b465ee728b)  -> (artifact id: 'd058c47d6c78319d0613c809ab076a1c') in 0.057273 seconds
  Import took 0.096054 seconds .

========================================================================
Received Prepare
Registering precompiled user dll's ...
Registered in 0.022269 seconds.
Begin MonoManager ReloadAssembly
Native extension for LinuxStandalone target not found
Native extension for WindowsStandalone target not found
Native extension for OSXStandalone target not found
Refreshing native plugins compatible for Editor in 1.14 ms, found 1 plugins.
Preloading 0 native plugins for Editor in 0.00 ms.
Mono: successfully reloaded assembly
- Completed reload, in  5.997 seconds
Platform modules already initialized, skipping
Refreshing native plugins compatible for Editor in 1.06 ms, found 1 plugins.
Preloading 0 native plugins for Editor in 0.00 ms.
Unloading 1955 Unused Serialized files (Serialized files now loaded: 0)
System memory in use before: 90.7 MB.
System memory in use after: 90.7 MB.

Unloading 13 unused Assets to reduce memory usage. Loaded Objects now: 2411.
Total: 6.160000 ms (FindLiveObjects: 0.488400 ms CreateObjectMapping: 0.273000 ms MarkObjects: 5.117500 ms  DeleteObjects: 0.277700 ms)

========================================================================
Received Prepare
Registering precompiled user dll's ...
Registered in 0.006476 seconds.
Begin MonoManager ReloadAssembly
Native extension for LinuxStandalone target not found
Native extension for WindowsStandalone target not found
Native extension for OSXStandalone target not found
Refreshing native plugins compatible for Editor in 1.04 ms, found 1 plugins.
Preloading 0 native plugins for Editor in 0.00 ms.
Mono: successfully reloaded assembly
- Completed reload, in  4.601 seconds
Platform modules already initialized, skipping
Refreshing native plugins compatible for Editor in 1.39 ms, found 1 plugins.
Preloading 0 native plugins for Editor in 0.00 ms.
Unloading 1955 Unused Serialized files (Serialized files now loaded: 0)
System memory in use before: 90.8 MB.
System memory in use after: 90.7 MB.

Unloading 13 unused Assets to reduce memory usage. Loaded Objects now: 2415.
Total: 6.849500 ms (FindLiveObjects: 0.504700 ms CreateObjectMapping: 0.212300 ms MarkObjects: 5.833700 ms  DeleteObjects: 0.295300 ms)

========================================================================
Received Import Request.
  Time since last request: 34.298802 seconds.
  path: Assets/Scripts/Quest/QuestConfig.cs
  artifactKey: Guid(e2b7e9665c119034090a331eae4d3bcb) Importer(815301076,1909f56bfc062723c751e8b465ee728b)
Start importing Assets/Scripts/Quest/QuestConfig.cs using Guid(e2b7e9665c119034090a331eae4d3bcb) Importer(815301076,1909f56bfc062723c751e8b465ee728b)  -> (artifact id: 'e2f5836c56daa465bb0a56bc53b76be9') in 0.015329 seconds
  Import took 0.022600 seconds .

========================================================================
Received Prepare
Registering precompiled user dll's ...
Registered in 0.009037 seconds.
Begin MonoManager ReloadAssembly
Native extension for LinuxStandalone target not found
Native extension for WindowsStandalone target not found
Native extension for OSXStandalone target not found
Refreshing native plugins compatible for Editor in 2.72 ms, found 1 plugins.
Preloading 0 native plugins for Editor in 0.00 ms.
Mono: successfully reloaded assembly
- Completed reload, in  6.916 seconds
Platform modules already initialized, skipping
Refreshing native plugins compatible for Editor in 3.03 ms, found 1 plugins.
Preloading 0 native plugins for Editor in 0.00 ms.
Unloading 1955 Unused Serialized files (Serialized files now loaded: 0)
System memory in use before: 90.8 MB.
System memory in use after: 90.8 MB.

Unloading 13 unused Assets to reduce memory usage. Loaded Objects now: 2419.
Total: 5.700100 ms (FindLiveObjects: 0.529200 ms CreateObjectMapping: 0.152500 ms MarkObjects: 4.702500 ms  DeleteObjects: 0.311000 ms)

========================================================================
Received Import Request.
  Time since last request: 508.003436 seconds.
  path: Assets/Scripts/Quest/QuestConfig.cs
  artifactKey: Guid(e2b7e9665c119034090a331eae4d3bcb) Importer(815301076,1909f56bfc062723c751e8b465ee728b)
Start importing Assets/Scripts/Quest/QuestConfig.cs using Guid(e2b7e9665c119034090a331eae4d3bcb) Importer(815301076,1909f56bfc062723c751e8b465ee728b)  -> (artifact id: '23029cb232817f73586c181dcfdcf8ba') in 0.023766 seconds
  Import took 0.033711 seconds .

========================================================================
Received Import Request.
  Time since last request: 0.000619 seconds.
  path: Assets/Scripts/Quest
  artifactKey: Guid(30ffeab7a33668f4b93607dcd104bdd3) Importer(815301076,1909f56bfc062723c751e8b465ee728b)
Start importing Assets/Scripts/Quest using Guid(30ffeab7a33668f4b93607dcd104bdd3) Importer(815301076,1909f56bfc062723c751e8b465ee728b)  -> (artifact id: '4be9b0f6a72f43a60ac91ad45dc3136e') in 0.020373 seconds
  Import took 0.039485 seconds .

========================================================================
Received Import Request.
  Time since last request: 22.697027 seconds.
  path: Assets/Scripts/Quest/QuestStoryConfig.cs
  artifactKey: Guid(abd2735ad47a42d44a9c9de41a4ec5af) Importer(815301076,1909f56bfc062723c751e8b465ee728b)
Start importing Assets/Scripts/Quest/QuestStoryConfig.cs using Guid(abd2735ad47a42d44a9c9de41a4ec5af) Importer(815301076,1909f56bfc062723c751e8b465ee728b)  -> (artifact id: '57d9c906d4411820953d9fad21b4e262') in 0.168928 seconds
  Import took 0.210386 seconds .

========================================================================
Received Prepare
Registering precompiled user dll's ...
Registered in 0.005183 seconds.
Begin MonoManager ReloadAssembly
Native extension for LinuxStandalone target not found
Native extension for WindowsStandalone target not found
Native extension for OSXStandalone target not found
Refreshing native plugins compatible for Editor in 2.20 ms, found 1 plugins.
Preloading 0 native plugins for Editor in 0.00 ms.
Mono: successfully reloaded assembly
- Completed reload, in  5.656 seconds
Platform modules already initialized, skipping
Refreshing native plugins compatible for Editor in 1.32 ms, found 1 plugins.
Preloading 0 native plugins for Editor in 0.00 ms.
Unloading 1956 Unused Serialized files (Serialized files now loaded: 0)
System memory in use before: 90.9 MB.
System memory in use after: 90.8 MB.

Unloading 13 unused Assets to reduce memory usage. Loaded Objects now: 2424.
Total: 14.070500 ms (FindLiveObjects: 0.627600 ms CreateObjectMapping: 0.511800 ms MarkObjects: 8.542500 ms  DeleteObjects: 4.384100 ms)

========================================================================
Received Prepare
Registering precompiled user dll's ...
Registered in 0.030380 seconds.
Begin MonoManager ReloadAssembly
Native extension for LinuxStandalone target not found
Native extension for WindowsStandalone target not found
Native extension for OSXStandalone target not found
Refreshing native plugins compatible for Editor in 1.00 ms, found 1 plugins.
Preloading 0 native plugins for Editor in 0.00 ms.
Mono: successfully reloaded assembly
- Completed reload, in  2.537 seconds
Platform modules already initialized, skipping
Refreshing native plugins compatible for Editor in 1.17 ms, found 1 plugins.
Preloading 0 native plugins for Editor in 0.00 ms.
Unloading 1956 Unused Serialized files (Serialized files now loaded: 0)
System memory in use before: 90.9 MB.
System memory in use after: 90.9 MB.

Unloading 13 unused Assets to reduce memory usage. Loaded Objects now: 2428.
Total: 7.251100 ms (FindLiveObjects: 0.536500 ms CreateObjectMapping: 0.147800 ms MarkObjects: 6.150100 ms  DeleteObjects: 0.412700 ms)

========================================================================
Received Import Request.
  Time since last request: 1496.868792 seconds.
  path: Assets/Scripts/Quest/QuestStoryConfig.cs
  artifactKey: Guid(abd2735ad47a42d44a9c9de41a4ec5af) Importer(815301076,1909f56bfc062723c751e8b465ee728b)
Start importing Assets/Scripts/Quest/QuestStoryConfig.cs using Guid(abd2735ad47a42d44a9c9de41a4ec5af) Importer(815301076,1909f56bfc062723c751e8b465ee728b)  -> (artifact id: 'acc7e075e9be3affae6bdd802ae8a7bf') in 0.048113 seconds
  Import took 0.058725 seconds .

========================================================================
Received Prepare
Registering precompiled user dll's ...
Registered in 0.005969 seconds.
Begin MonoManager ReloadAssembly
Native extension for LinuxStandalone target not found
Native extension for WindowsStandalone target not found
Native extension for OSXStandalone target not found
Refreshing native plugins compatible for Editor in 1.03 ms, found 1 plugins.
Preloading 0 native plugins for Editor in 0.00 ms.
Mono: successfully reloaded assembly
- Completed reload, in  3.083 seconds
Platform modules already initialized, skipping
Refreshing native plugins compatible for Editor in 1.24 ms, found 1 plugins.
Preloading 0 native plugins for Editor in 0.00 ms.
Unloading 1956 Unused Serialized files (Serialized files now loaded: 0)
System memory in use before: 90.9 MB.
System memory in use after: 90.9 MB.

Unloading 13 unused Assets to reduce memory usage. Loaded Objects now: 2432.
Total: 8.063700 ms (FindLiveObjects: 0.636400 ms CreateObjectMapping: 0.266800 ms MarkObjects: 6.762400 ms  DeleteObjects: 0.393800 ms)

========================================================================
Received Import Request.
  Time since last request: 342.130495 seconds.
  path: Assets/Data/Quests
  artifactKey: Guid(9716f2f700a7d8f458202d373cf2adb6) Importer(815301076,1909f56bfc062723c751e8b465ee728b)
Start importing Assets/Data/Quests using Guid(9716f2f700a7d8f458202d373cf2adb6) Importer(815301076,1909f56bfc062723c751e8b465ee728b)  -> (artifact id: 'b24763d453b36e7b2fac506bcac72b09') in 0.021008 seconds
  Import took 0.030355 seconds .

========================================================================
Received Prepare
Registering precompiled user dll's ...
Registered in 0.004126 seconds.
Begin MonoManager ReloadAssembly
Native extension for LinuxStandalone target not found
Native extension for WindowsStandalone target not found
Native extension for OSXStandalone target not found
Refreshing native plugins compatible for Editor in 1.08 ms, found 1 plugins.
Preloading 0 native plugins for Editor in 0.00 ms.
Mono: successfully reloaded assembly
- Completed reload, in  2.571 seconds
Platform modules already initialized, skipping
Refreshing native plugins compatible for Editor in 1.09 ms, found 1 plugins.
Preloading 0 native plugins for Editor in 0.00 ms.
Unloading 1956 Unused Serialized files (Serialized files now loaded: 0)
System memory in use before: 90.9 MB.
System memory in use after: 90.9 MB.

Unloading 13 unused Assets to reduce memory usage. Loaded Objects now: 2436.
Total: 5.317000 ms (FindLiveObjects: 0.603000 ms CreateObjectMapping: 0.156400 ms MarkObjects: 4.283400 ms  DeleteObjects: 0.270500 ms)

========================================================================
Received Import Request.
  Time since last request: 358.683008 seconds.
  path: Assets/Data/Quests/QuestSwich1.asset
  artifactKey: Guid(64535458e9891f34c933da65102f41fc) Importer(815301076,1909f56bfc062723c751e8b465ee728b)
Start importing Assets/Data/Quests/QuestSwich1.asset using Guid(64535458e9891f34c933da65102f41fc) Importer(815301076,1909f56bfc062723c751e8b465ee728b)  -> (artifact id: '4a9e1e424679bfd1cefc270fe394b93a') in 0.057168 seconds
  Import took 0.065170 seconds .

========================================================================
Received Import Request.
  Time since last request: 92.479691 seconds.
  path: Assets/Data/Quests/QuestSwich1 1.asset
  artifactKey: Guid(7211ec9aa33e79a4f99642a993627f8c) Importer(815301076,1909f56bfc062723c751e8b465ee728b)
Start importing Assets/Data/Quests/QuestSwich1 1.asset using Guid(7211ec9aa33e79a4f99642a993627f8c) Importer(815301076,1909f56bfc062723c751e8b465ee728b)  -> (artifact id: 'dd13d2349756b05de6815f8166fb118a') in 0.026024 seconds
  Import took 0.033472 seconds .

========================================================================
Received Import Request.
  Time since last request: 0.001037 seconds.
  path: Assets/Data/Quests/QuestSwich1 1.asset
  artifactKey: Guid(7211ec9aa33e79a4f99642a993627f8c) Importer(815301076,1909f56bfc062723c751e8b465ee728b)
Start importing Assets/Data/Quests/QuestSwich1 1.asset using Guid(7211ec9aa33e79a4f99642a993627f8c) Importer(815301076,1909f56bfc062723c751e8b465ee728b)  -> (artifact id: 'dd13d2349756b05de6815f8166fb118a') in 0.021716 seconds
  Import took 0.030650 seconds .

========================================================================
Received Import Request.
  Time since last request: 8.517791 seconds.
  path: Assets/Data/Quests/QuestSwich2.asset
  artifactKey: Guid(64535458e9891f34c933da65102f41fc) Importer(815301076,1909f56bfc062723c751e8b465ee728b)
Start importing Assets/Data/Quests/QuestSwich2.asset using Guid(64535458e9891f34c933da65102f41fc) Importer(815301076,1909f56bfc062723c751e8b465ee728b)  -> (artifact id: '707e3edd2845e8a94fd8c02aff929a47') in 0.018341 seconds
  Import took 0.026600 seconds .

========================================================================
Received Import Request.
  Time since last request: 0.001678 seconds.
  path: Assets/Data/Quests/QuestSwich2.asset
  artifactKey: Guid(64535458e9891f34c933da65102f41fc) Importer(815301076,1909f56bfc062723c751e8b465ee728b)
Start importing Assets/Data/Quests/QuestSwich2.asset using Guid(64535458e9891f34c933da65102f41fc) Importer(815301076,1909f56bfc062723c751e8b465ee728b)  -> (artifact id: '707e3edd2845e8a94fd8c02aff929a47') in 0.011872 seconds
  Import took 0.018990 seconds .

========================================================================
Received Import Request.
  Time since last request: 18.721161 seconds.
  path: Assets/Data/Quests/QuestStoryConfig.asset
  artifactKey: Guid(f4f32f641ed7f7342a5dfe8e4d20c277) Importer(815301076,1909f56bfc062723c751e8b465ee728b)
Start importing Assets/Data/Quests/QuestStoryConfig.asset using Guid(f4f32f641ed7f7342a5dfe8e4d20c277) Importer(815301076,1909f56bfc062723c751e8b465ee728b)  -> (artifact id: '8a1a7a1d11f2212179cd6445cb19e058') in 0.028938 seconds
  Import took 0.038053 seconds .

========================================================================
Received Import Request.
  Time since last request: 44.000628 seconds.
  path: Assets/Data/Quests/SwichStoryConfig.asset
  artifactKey: Guid(f4f32f641ed7f7342a5dfe8e4d20c277) Importer(815301076,1909f56bfc062723c751e8b465ee728b)
Start importing Assets/Data/Quests/SwichStoryConfig.asset using Guid(f4f32f641ed7f7342a5dfe8e4d20c277) Importer(815301076,1909f56bfc062723c751e8b465ee728b)  -> (artifact id: '8b3b62f62c9844e0ee8d08707177ee82') in 0.022381 seconds
  Import took 0.031096 seconds .

========================================================================
Received Import Request.
  Time since last request: 221.473246 seconds.
  path: Assets/Scripts/Quest/IQuest.cs
  artifactKey: Guid(a235406fb76260d4e807db72049cdf39) Importer(815301076,1909f56bfc062723c751e8b465ee728b)
Start importing Assets/Scripts/Quest/IQuest.cs using Guid(a235406fb76260d4e807db72049cdf39) Importer(815301076,1909f56bfc062723c751e8b465ee728b)  -> (artifact id: 'fa9f64b1e8dd2fa479fb1dfc4da48702') in 0.013120 seconds
  Import took 0.030935 seconds .

========================================================================
Received Prepare
Registering precompiled user dll's ...
Registered in 0.004687 seconds.
Begin MonoManager ReloadAssembly
Native extension for LinuxStandalone target not found
Native extension for WindowsStandalone target not found
Native extension for OSXStandalone target not found
Refreshing native plugins compatible for Editor in 2.74 ms, found 1 plugins.
Preloading 0 native plugins for Editor in 0.00 ms.
Mono: successfully reloaded assembly
- Completed reload, in  3.175 seconds
Platform modules already initialized, skipping
Refreshing native plugins compatible for Editor in 1.64 ms, found 1 plugins.
Preloading 0 native plugins for Editor in 0.00 ms.
Unloading 1957 Unused Serialized files (Serialized files now loaded: 0)
System memory in use before: 90.9 MB.
System memory in use after: 90.9 MB.

Unloading 13 unused Assets to reduce memory usage. Loaded Objects now: 2441.
Total: 6.859200 ms (FindLiveObjects: 0.635700 ms CreateObjectMapping: 0.189400 ms MarkObjects: 4.236300 ms  DeleteObjects: 1.782400 ms)

========================================================================
Received Prepare
Registering precompiled user dll's ...
Registered in 0.004077 seconds.
Begin MonoManager ReloadAssembly
Native extension for LinuxStandalone target not found
Native extension for WindowsStandalone target not found
Native extension for OSXStandalone target not found
Refreshing native plugins compatible for Editor in 1.07 ms, found 1 plugins.
Preloading 0 native plugins for Editor in 0.00 ms.
Mono: successfully reloaded assembly
- Completed reload, in  2.803 seconds
Platform modules already initialized, skipping
Refreshing native plugins compatible for Editor in 1.15 ms, found 1 plugins.
Preloading 0 native plugins for Editor in 0.00 ms.
Unloading 1957 Unused Serialized files (Serialized files now loaded: 0)
System memory in use before: 90.9 MB.
System memory in use after: 90.9 MB.

Unloading 13 unused Assets to reduce memory usage. Loaded Objects now: 2445.
Total: 5.441200 ms (FindLiveObjects: 0.543800 ms CreateObjectMapping: 0.165900 ms MarkObjects: 4.213000 ms  DeleteObjects: 0.515400 ms)

========================================================================
Received Import Request.
  Time since last request: 471.383358 seconds.
  path: Assets/Scripts/Quest/IQuest.cs
  artifactKey: Guid(a235406fb76260d4e807db72049cdf39) Importer(815301076,1909f56bfc062723c751e8b465ee728b)
Start importing Assets/Scripts/Quest/IQuest.cs using Guid(a235406fb76260d4e807db72049cdf39) Importer(815301076,1909f56bfc062723c751e8b465ee728b)  -> (artifact id: 'cd9a8e9c7c03905fd595cc3820afa17a') in 0.068467 seconds
  Import took 0.074854 seconds .

========================================================================
Received Import Request.
  Time since last request: 14.575621 seconds.
  path: Assets/Scripts/Quest/IQuestModel.cs
  artifactKey: Guid(818828cc49e87bc458bef5b58243e1c2) Importer(815301076,1909f56bfc062723c751e8b465ee728b)
Start importing Assets/Scripts/Quest/IQuestModel.cs using Guid(818828cc49e87bc458bef5b58243e1c2) Importer(815301076,1909f56bfc062723c751e8b465ee728b)  -> (artifact id: '7696d1409b3cae365903d3324de85d65') in 0.023343 seconds
  Import took 0.175484 seconds .

========================================================================
Received Prepare
Registering precompiled user dll's ...
Registered in 0.005913 seconds.
Begin MonoManager ReloadAssembly
Native extension for LinuxStandalone target not found
Native extension for WindowsStandalone target not found
Native extension for OSXStandalone target not found
Refreshing native plugins compatible for Editor in 1.04 ms, found 1 plugins.
Preloading 0 native plugins for Editor in 0.00 ms.
Mono: successfully reloaded assembly
- Completed reload, in  3.098 seconds
Platform modules already initialized, skipping
Refreshing native plugins compatible for Editor in 1.29 ms, found 1 plugins.
Preloading 0 native plugins for Editor in 0.00 ms.
Unloading 1958 Unused Serialized files (Serialized files now loaded: 0)
System memory in use before: 91.0 MB.
System memory in use after: 91.0 MB.

Unloading 13 unused Assets to reduce memory usage. Loaded Objects now: 2450.
Total: 10.996300 ms (FindLiveObjects: 0.837300 ms CreateObjectMapping: 0.312000 ms MarkObjects: 6.495900 ms  DeleteObjects: 3.346200 ms)

========================================================================
Received Prepare
Registering precompiled user dll's ...
Registered in 0.006208 seconds.
Begin MonoManager ReloadAssembly
Native extension for LinuxStandalone target not found
Native extension for WindowsStandalone target not found
Native extension for OSXStandalone target not found
Refreshing native plugins compatible for Editor in 1.01 ms, found 1 plugins.
Preloading 0 native plugins for Editor in 0.00 ms.
Mono: successfully reloaded assembly
- Completed reload, in  2.827 seconds
Platform modules already initialized, skipping
Refreshing native plugins compatible for Editor in 0.97 ms, found 1 plugins.
Preloading 0 native plugins for Editor in 0.00 ms.
Unloading 1958 Unused Serialized files (Serialized files now loaded: 0)
System memory in use before: 91.0 MB.
System memory in use after: 91.0 MB.

Unloading 13 unused Assets to reduce memory usage. Loaded Objects now: 2454.
Total: 5.292800 ms (FindLiveObjects: 0.494200 ms CreateObjectMapping: 0.139000 ms MarkObjects: 4.109700 ms  DeleteObjects: 0.546400 ms)

========================================================================
Received Import Request.
  Time since last request: 352.419569 seconds.
  path: Assets/Scripts/Quest/IQuestModel.cs
  artifactKey: Guid(818828cc49e87bc458bef5b58243e1c2) Importer(815301076,1909f56bfc062723c751e8b465ee728b)
Start importing Assets/Scripts/Quest/IQuestModel.cs using Guid(818828cc49e87bc458bef5b58243e1c2) Importer(815301076,1909f56bfc062723c751e8b465ee728b)  -> (artifact id: '9f75566228d5ec4b055f4ff0a72a9b53') in 0.014560 seconds
  Import took 0.021620 seconds .

========================================================================
Received Import Request.
  Time since last request: 4085.046797 seconds.
  path: Assets/Scripts/Quest/QuestObjectView.cs
  artifactKey: Guid(5e7ba538ac7acbc488d3185f78849ad3) Importer(815301076,1909f56bfc062723c751e8b465ee728b)
Start importing Assets/Scripts/Quest/QuestObjectView.cs using Guid(5e7ba538ac7acbc488d3185f78849ad3) Importer(815301076,1909f56bfc062723c751e8b465ee728b)  -> (artifact id: '7f6f4fde90b787e5bdd98c785f5af6cc') in 0.070021 seconds
  Import took 0.099957 seconds .

========================================================================
Received Import Request.
  Time since last request: 0.003929 seconds.
  path: Assets/Scripts/Quest/QuestObjectView.cs
  artifactKey: Guid(5e7ba538ac7acbc488d3185f78849ad3) Importer(815301076,1909f56bfc062723c751e8b465ee728b)
Start importing Assets/Scripts/Quest/QuestObjectView.cs using Guid(5e7ba538ac7acbc488d3185f78849ad3) Importer(815301076,1909f56bfc062723c751e8b465ee728b)  -> (artifact id: '7f6f4fde90b787e5bdd98c785f5af6cc') in 0.123137 seconds
  Import took 0.190724 seconds .

========================================================================
Received Prepare
Registering precompiled user dll's ...
Registered in 0.007166 seconds.
Begin MonoManager ReloadAssembly
Native extension for LinuxStandalone target not found
Native extension for WindowsStandalone target not found
Native extension for OSXStandalone target not found
Refreshing native plugins compatible for Editor in 1.06 ms, found 1 plugins.
Preloading 0 native plugins for Editor in 0.00 ms.
Mono: successfully reloaded assembly
- Completed reload, in  2.654 seconds
Platform modules already initialized, skipping
Refreshing native plugins compatible for Editor in 1.30 ms, found 1 plugins.
Preloading 0 native plugins for Editor in 0.00 ms.
Unloading 1959 Unused Serialized files (Serialized files now loaded: 0)
System memory in use before: 91.0 MB.
System memory in use after: 91.0 MB.

Unloading 13 unused Assets to reduce memory usage. Loaded Objects now: 2459.
Total: 6.047600 ms (FindLiveObjects: 0.564700 ms CreateObjectMapping: 0.256500 ms MarkObjects: 4.854500 ms  DeleteObjects: 0.367300 ms)

========================================================================
Received Prepare
Registering precompiled user dll's ...
Registered in 0.004781 seconds.
Begin MonoManager ReloadAssembly
Native extension for LinuxStandalone target not found
Native extension for WindowsStandalone target not found
Native extension for OSXStandalone target not found
Refreshing native plugins compatible for Editor in 1.06 ms, found 1 plugins.
Preloading 0 native plugins for Editor in 0.00 ms.
Mono: successfully reloaded assembly
- Completed reload, in  3.378 seconds
Platform modules already initialized, skipping
Refreshing native plugins compatible for Editor in 1.10 ms, found 1 plugins.
Preloading 0 native plugins for Editor in 0.00 ms.
Unloading 1959 Unused Serialized files (Serialized files now loaded: 0)
System memory in use before: 91.0 MB.
System memory in use after: 91.0 MB.

Unloading 13 unused Assets to reduce memory usage. Loaded Objects now: 2463.
Total: 14.291900 ms (FindLiveObjects: 0.664300 ms CreateObjectMapping: 0.336900 ms MarkObjects: 12.558800 ms  DeleteObjects: 0.726400 ms)

========================================================================
Received Import Request.
  Time since last request: 1198.965764 seconds.
  path: Assets/Scripts/Quest/QuestObjectView.cs
  artifactKey: Guid(5e7ba538ac7acbc488d3185f78849ad3) Importer(815301076,1909f56bfc062723c751e8b465ee728b)
Start importing Assets/Scripts/Quest/QuestObjectView.cs using Guid(5e7ba538ac7acbc488d3185f78849ad3) Importer(815301076,1909f56bfc062723c751e8b465ee728b)  -> (artifact id: '822fdc971b47aed7e4c152eda98806cf') in 0.020663 seconds
  Import took 0.032239 seconds .

========================================================================
Received Import Request.
  Time since last request: 17.150841 seconds.
  path: Assets/Scripts/Quest/Quest.cs
  artifactKey: Guid(6bea02b5b3b033541865d94131276968) Importer(815301076,1909f56bfc062723c751e8b465ee728b)
Start importing Assets/Scripts/Quest/Quest.cs using Guid(6bea02b5b3b033541865d94131276968) Importer(815301076,1909f56bfc062723c751e8b465ee728b)  -> (artifact id: 'b8070f993dc0a8ac3d92ff3c6db91d33') in 0.124644 seconds
  Import took 0.137659 seconds .

========================================================================
Received Prepare
Registering precompiled user dll's ...
Registered in 0.006153 seconds.
Begin MonoManager ReloadAssembly
Native extension for LinuxStandalone target not found
Native extension for WindowsStandalone target not found
Native extension for OSXStandalone target not found
Refreshing native plugins compatible for Editor in 1.02 ms, found 1 plugins.
Preloading 0 native plugins for Editor in 0.00 ms.
Mono: successfully reloaded assembly
- Completed reload, in  3.553 seconds
Platform modules already initialized, skipping
Refreshing native plugins compatible for Editor in 0.90 ms, found 1 plugins.
Preloading 0 native plugins for Editor in 0.00 ms.
Unloading 1960 Unused Serialized files (Serialized files now loaded: 0)
System memory in use before: 91.0 MB.
System memory in use after: 91.0 MB.

Unloading 13 unused Assets to reduce memory usage. Loaded Objects now: 2468.
Total: 5.761800 ms (FindLiveObjects: 0.655400 ms CreateObjectMapping: 0.179900 ms MarkObjects: 4.416300 ms  DeleteObjects: 0.507600 ms)

========================================================================
Received Prepare
Registering precompiled user dll's ...
Registered in 0.005807 seconds.
Begin MonoManager ReloadAssembly
Native extension for LinuxStandalone target not found
Native extension for WindowsStandalone target not found
Native extension for OSXStandalone target not found
Refreshing native plugins compatible for Editor in 1.00 ms, found 1 plugins.
Preloading 0 native plugins for Editor in 0.00 ms.
Mono: successfully reloaded assembly
- Completed reload, in  4.521 seconds
Platform modules already initialized, skipping
Refreshing native plugins compatible for Editor in 0.95 ms, found 1 plugins.
Preloading 0 native plugins for Editor in 0.00 ms.
Unloading 1960 Unused Serialized files (Serialized files now loaded: 0)
System memory in use before: 91.1 MB.
System memory in use after: 91.0 MB.

Unloading 13 unused Assets to reduce memory usage. Loaded Objects now: 2472.
Total: 7.388900 ms (FindLiveObjects: 0.518000 ms CreateObjectMapping: 0.147400 ms MarkObjects: 5.901500 ms  DeleteObjects: 0.818000 ms)

========================================================================
Received Import Request.
  Time since last request: 1291.380532 seconds.
  path: Assets/Scripts/Quest/Quest.cs
  artifactKey: Guid(6bea02b5b3b033541865d94131276968) Importer(815301076,1909f56bfc062723c751e8b465ee728b)
Start importing Assets/Scripts/Quest/Quest.cs using Guid(6bea02b5b3b033541865d94131276968) Importer(815301076,1909f56bfc062723c751e8b465ee728b)  -> (artifact id: '968967a4f7c035028fa0f1ef6f883be1') in 0.056429 seconds
  Import took 0.065969 seconds .

========================================================================
Received Import Request.
  Time since last request: 4.611257 seconds.
  path: Assets/Scripts/Quest/IDisposable.cs
  artifactKey: Guid(768f2194743660c4a925a99968f113f7) Importer(815301076,1909f56bfc062723c751e8b465ee728b)
Start importing Assets/Scripts/Quest/IDisposable.cs using Guid(768f2194743660c4a925a99968f113f7) Importer(815301076,1909f56bfc062723c751e8b465ee728b)  -> (artifact id: '38f7a98ec4527f2c52fc1b79243daa82') in 0.022265 seconds
  Import took 0.062066 seconds .

========================================================================
Received Prepare
Registering precompiled user dll's ...
Registered in 0.050161 seconds.
Begin MonoManager ReloadAssembly
Native extension for LinuxStandalone target not found
Native extension for WindowsStandalone target not found
Native extension for OSXStandalone target not found
Refreshing native plugins compatible for Editor in 0.99 ms, found 1 plugins.
Preloading 0 native plugins for Editor in 0.00 ms.
Mono: successfully reloaded assembly
- Completed reload, in  3.935 seconds
Platform modules already initialized, skipping
Refreshing native plugins compatible for Editor in 1.24 ms, found 1 plugins.
Preloading 0 native plugins for Editor in 0.00 ms.
Unloading 1960 Unused Serialized files (Serialized files now loaded: 0)
System memory in use before: 91.1 MB.
System memory in use after: 91.0 MB.

Unloading 13 unused Assets to reduce memory usage. Loaded Objects now: 2476.
Total: 5.974200 ms (FindLiveObjects: 0.738600 ms CreateObjectMapping: 0.254500 ms MarkObjects: 4.661400 ms  DeleteObjects: 0.315300 ms)

========================================================================
Received Import Request.
  Time since last request: 9383.600369 seconds.
  path: Assets/Scripts/Quest/SwichQuestModel.cs
  artifactKey: Guid(00ffd66ed5b7e1142b8f9f8eab131586) Importer(815301076,1909f56bfc062723c751e8b465ee728b)
Start importing Assets/Scripts/Quest/SwichQuestModel.cs using Guid(00ffd66ed5b7e1142b8f9f8eab131586) Importer(815301076,1909f56bfc062723c751e8b465ee728b)  -> (artifact id: 'c32aa0e75b071ce496d7f4a83f52ee5a') in 0.017721 seconds
  Import took 0.098149 seconds .

========================================================================
Received Prepare
Registering precompiled user dll's ...
Registered in 0.011846 seconds.
Begin MonoManager ReloadAssembly
Native extension for LinuxStandalone target not found
Native extension for WindowsStandalone target not found
Native extension for OSXStandalone target not found
Refreshing native plugins compatible for Editor in 1.00 ms, found 1 plugins.
Preloading 0 native plugins for Editor in 0.00 ms.
Mono: successfully reloaded assembly
- Completed reload, in  3.994 seconds
Platform modules already initialized, skipping
Refreshing native plugins compatible for Editor in 2.38 ms, found 1 plugins.
Preloading 0 native plugins for Editor in 0.00 ms.
Unloading 1961 Unused Serialized files (Serialized files now loaded: 0)
System memory in use before: 91.1 MB.
System memory in use after: 91.1 MB.

Unloading 13 unused Assets to reduce memory usage. Loaded Objects now: 2481.
Total: 5.676400 ms (FindLiveObjects: 1.093900 ms CreateObjectMapping: 0.254500 ms MarkObjects: 4.046200 ms  DeleteObjects: 0.276400 ms)

========================================================================
Received Prepare
Registering precompiled user dll's ...
Registered in 0.013343 seconds.
Begin MonoManager ReloadAssembly
Native extension for LinuxStandalone target not found
Native extension for WindowsStandalone target not found
Native extension for OSXStandalone target not found
Refreshing native plugins compatible for Editor in 1.59 ms, found 1 plugins.
Preloading 0 native plugins for Editor in 0.00 ms.
Mono: successfully reloaded assembly
- Completed reload, in  5.531 seconds
Platform modules already initialized, skipping
Refreshing native plugins compatible for Editor in 2.63 ms, found 1 plugins.
Preloading 0 native plugins for Editor in 0.00 ms.
Unloading 1961 Unused Serialized files (Serialized files now loaded: 0)
System memory in use before: 91.1 MB.
System memory in use after: 91.1 MB.

Unloading 13 unused Assets to reduce memory usage. Loaded Objects now: 2485.
Total: 9.454100 ms (FindLiveObjects: 0.991100 ms CreateObjectMapping: 0.489300 ms MarkObjects: 7.550600 ms  DeleteObjects: 0.416700 ms)

========================================================================
Received Import Request.
  Time since last request: 292.993676 seconds.
  path: Assets/Scripts/Quest/SwichQuestModel.cs
  artifactKey: Guid(00ffd66ed5b7e1142b8f9f8eab131586) Importer(815301076,1909f56bfc062723c751e8b465ee728b)
Start importing Assets/Scripts/Quest/SwichQuestModel.cs using Guid(00ffd66ed5b7e1142b8f9f8eab131586) Importer(815301076,1909f56bfc062723c751e8b465ee728b)  -> (artifact id: 'cd17ea3f51744b55f17cb38a691f0d09') in 0.035153 seconds
  Import took 0.046974 seconds .

========================================================================
Received Import Request.
  Time since last request: 89.398902 seconds.
  path: Assets/Scripts/Quest/QuestConfigurator.cs
  artifactKey: Guid(ded71853b59ba294b8c6c3842c81a78a) Importer(815301076,1909f56bfc062723c751e8b465ee728b)
Start importing Assets/Scripts/Quest/QuestConfigurator.cs using Guid(ded71853b59ba294b8c6c3842c81a78a) Importer(815301076,1909f56bfc062723c751e8b465ee728b)  -> (artifact id: '3bf9e456bf7c495025d9a135cedac18a') in 0.132970 seconds
  Import took 0.145461 seconds .

========================================================================
Received Prepare
Registering precompiled user dll's ...
Registered in 0.005476 seconds.
Begin MonoManager ReloadAssembly
Native extension for LinuxStandalone target not found
Native extension for WindowsStandalone target not found
Native extension for OSXStandalone target not found
Refreshing native plugins compatible for Editor in 1.22 ms, found 1 plugins.
Preloading 0 native plugins for Editor in 0.00 ms.
Mono: successfully reloaded assembly
- Completed reload, in  2.819 seconds
Platform modules already initialized, skipping
Refreshing native plugins compatible for Editor in 1.24 ms, found 1 plugins.
Preloading 0 native plugins for Editor in 0.00 ms.
Unloading 1962 Unused Serialized files (Serialized files now loaded: 0)
System memory in use before: 91.1 MB.
System memory in use after: 91.1 MB.

Unloading 13 unused Assets to reduce memory usage. Loaded Objects now: 2490.
Total: 5.906200 ms (FindLiveObjects: 0.808500 ms CreateObjectMapping: 0.284900 ms MarkObjects: 4.486000 ms  DeleteObjects: 0.323700 ms)

========================================================================
Received Import Request.
  Time since last request: 560.318504 seconds.
  path: Assets/Scripts/Quest/QuestConfigurator.cs
  artifactKey: Guid(ded71853b59ba294b8c6c3842c81a78a) Importer(815301076,1909f56bfc062723c751e8b465ee728b)
Start importing Assets/Scripts/Quest/QuestConfigurator.cs using Guid(ded71853b59ba294b8c6c3842c81a78a) Importer(815301076,1909f56bfc062723c751e8b465ee728b)  -> (artifact id: 'af712ff3ce61c90b5333ebc63f6c40ec') in 0.133018 seconds
  Import took 0.152945 seconds .

========================================================================
Received Import Request.
  Time since last request: 8.246346 seconds.
  path: Assets/Scripts/Quest/IQuestStory.cs
  artifactKey: Guid(6a764a94799a5a049995da3c899b4bac) Importer(815301076,1909f56bfc062723c751e8b465ee728b)
Start importing Assets/Scripts/Quest/IQuestStory.cs using Guid(6a764a94799a5a049995da3c899b4bac) Importer(815301076,1909f56bfc062723c751e8b465ee728b)  -> (artifact id: 'ae0b2aa661727036116b0ccc647d85f0') in 0.164266 seconds
  Import took 0.187735 seconds .

========================================================================
Received Prepare
Registering precompiled user dll's ...
Registered in 0.009287 seconds.
Begin MonoManager ReloadAssembly
Native extension for LinuxStandalone target not found
Native extension for WindowsStandalone target not found
Native extension for OSXStandalone target not found
Refreshing native plugins compatible for Editor in 1.03 ms, found 1 plugins.
Preloading 0 native plugins for Editor in 0.00 ms.
Mono: successfully reloaded assembly
- Completed reload, in  3.313 seconds
Platform modules already initialized, skipping
Refreshing native plugins compatible for Editor in 1.24 ms, found 1 plugins.
Preloading 0 native plugins for Editor in 0.00 ms.
Unloading 1963 Unused Serialized files (Serialized files now loaded: 0)
System memory in use before: 91.2 MB.
System memory in use after: 91.1 MB.

Unloading 13 unused Assets to reduce memory usage. Loaded Objects now: 2495.
Total: 8.887300 ms (FindLiveObjects: 1.167900 ms CreateObjectMapping: 0.260600 ms MarkObjects: 6.119500 ms  DeleteObjects: 1.315600 ms)

========================================================================
Received Import Request.
  Time since last request: 626.571918 seconds.
  path: Assets/Scripts/Quest/SwichQuestModel.cs
  artifactKey: Guid(00ffd66ed5b7e1142b8f9f8eab131586) Importer(815301076,1909f56bfc062723c751e8b465ee728b)
Start importing Assets/Scripts/Quest/SwichQuestModel.cs using Guid(00ffd66ed5b7e1142b8f9f8eab131586) Importer(815301076,1909f56bfc062723c751e8b465ee728b)  -> (artifact id: '17ea2ec0cc97fe5581bf16fef9417682') in 0.015155 seconds
  Import took 0.022677 seconds .

========================================================================
Received Import Request.
  Time since last request: 0.000819 seconds.
  path: Assets/Scripts/Quest/IQuestStory.cs
  artifactKey: Guid(6a764a94799a5a049995da3c899b4bac) Importer(815301076,1909f56bfc062723c751e8b465ee728b)
Start importing Assets/Scripts/Quest/IQuestStory.cs using Guid(6a764a94799a5a049995da3c899b4bac) Importer(815301076,1909f56bfc062723c751e8b465ee728b)  -> (artifact id: 'a5077e1598f08d5ecb816f6316764eab') in 0.028288 seconds
  Import took 0.039031 seconds .

========================================================================
Received Prepare
Registering precompiled user dll's ...
Registered in 0.007070 seconds.
Begin MonoManager ReloadAssembly
Native extension for LinuxStandalone target not found
Native extension for WindowsStandalone target not found
Native extension for OSXStandalone target not found
Refreshing native plugins compatible for Editor in 1.07 ms, found 1 plugins.
Preloading 0 native plugins for Editor in 0.00 ms.
Mono: successfully reloaded assembly
- Completed reload, in  3.443 seconds
Platform modules already initialized, skipping
Refreshing native plugins compatible for Editor in 1.03 ms, found 1 plugins.
Preloading 0 native plugins for Editor in 0.00 ms.
Unloading 1963 Unused Serialized files (Serialized files now loaded: 0)
System memory in use before: 91.2 MB.
System memory in use after: 91.2 MB.

Unloading 13 unused Assets to reduce memory usage. Loaded Objects now: 2499.
Total: 6.248400 ms (FindLiveObjects: 0.719800 ms CreateObjectMapping: 0.275900 ms MarkObjects: 4.945300 ms  DeleteObjects: 0.304300 ms)

========================================================================
Received Import Request.
  Time since last request: 33.520908 seconds.
  path: Assets/Scripts/Quest/public class SwitchQuestModel  IQuestModel.cs
  artifactKey: Guid(00ffd66ed5b7e1142b8f9f8eab131586) Importer(815301076,1909f56bfc062723c751e8b465ee728b)
Start importing Assets/Scripts/Quest/public class SwitchQuestModel  IQuestModel.cs using Guid(00ffd66ed5b7e1142b8f9f8eab131586) Importer(815301076,1909f56bfc062723c751e8b465ee728b)  -> (artifact id: '79c0c7df969b87d741732f71afcfde8c') in 0.021313 seconds
  Import took 0.028564 seconds .

========================================================================
Received Import Request.
  Time since last request: 0.005666 seconds.
  path: Assets/Scripts/Quest/public class SwitchQuestModel  IQuestModel.cs
  artifactKey: Guid(00ffd66ed5b7e1142b8f9f8eab131586) Importer(815301076,1909f56bfc062723c751e8b465ee728b)
Start importing Assets/Scripts/Quest/public class SwitchQuestModel  IQuestModel.cs using Guid(00ffd66ed5b7e1142b8f9f8eab131586) Importer(815301076,1909f56bfc062723c751e8b465ee728b)  -> (artifact id: '79c0c7df969b87d741732f71afcfde8c') in 0.015873 seconds
  Import took 0.025901 seconds .

========================================================================
Received Import Request.
  Time since last request: 16.070342 seconds.
  path: Assets/Scripts/Quest/SwitchQuestModel.cs
  artifactKey: Guid(00ffd66ed5b7e1142b8f9f8eab131586) Importer(815301076,1909f56bfc062723c751e8b465ee728b)
Start importing Assets/Scripts/Quest/SwitchQuestModel.cs using Guid(00ffd66ed5b7e1142b8f9f8eab131586) Importer(815301076,1909f56bfc062723c751e8b465ee728b)  -> (artifact id: 'e50845808b96961739ef41a934c2d904') in 0.060546 seconds
  Import took 0.080753 seconds .

========================================================================
Received Prepare
Registering precompiled user dll's ...
Registered in 0.005705 seconds.
Begin MonoManager ReloadAssembly
Native extension for LinuxStandalone target not found
Native extension for WindowsStandalone target not found
Native extension for OSXStandalone target not found
Refreshing native plugins compatible for Editor in 1.10 ms, found 1 plugins.
Preloading 0 native plugins for Editor in 0.00 ms.
Mono: successfully reloaded assembly
- Completed reload, in  4.049 seconds
Platform modules already initialized, skipping
Refreshing native plugins compatible for Editor in 1.15 ms, found 1 plugins.
Preloading 0 native plugins for Editor in 0.00 ms.
Unloading 1963 Unused Serialized files (Serialized files now loaded: 0)
System memory in use before: 91.2 MB.
System memory in use after: 91.2 MB.

Unloading 13 unused Assets to reduce memory usage. Loaded Objects now: 2503.
Total: 6.391100 ms (FindLiveObjects: 0.599100 ms CreateObjectMapping: 0.195300 ms MarkObjects: 5.242100 ms  DeleteObjects: 0.351000 ms)

========================================================================
Received Import Request.
  Time since last request: 386.692992 seconds.
  path: Assets/Scripts/Quest/QuestConfigurator.cs
  artifactKey: Guid(ded71853b59ba294b8c6c3842c81a78a) Importer(815301076,1909f56bfc062723c751e8b465ee728b)
Start importing Assets/Scripts/Quest/QuestConfigurator.cs using Guid(ded71853b59ba294b8c6c3842c81a78a) Importer(815301076,1909f56bfc062723c751e8b465ee728b)  -> (artifact id: '606b02de7cec718dd9686980e7b98ce5') in 0.044595 seconds
  Import took 0.055315 seconds .

========================================================================
Received Import Request.
  Time since last request: 0.019195 seconds.
  path: Assets/Scripts/Quest/QuestConfigurator.cs
  artifactKey: Guid(ded71853b59ba294b8c6c3842c81a78a) Importer(815301076,1909f56bfc062723c751e8b465ee728b)
Start importing Assets/Scripts/Quest/QuestConfigurator.cs using Guid(ded71853b59ba294b8c6c3842c81a78a) Importer(815301076,1909f56bfc062723c751e8b465ee728b)  -> (artifact id: '606b02de7cec718dd9686980e7b98ce5') in 0.018290 seconds
  Import took 0.029551 seconds .

========================================================================
Received Prepare
Registering precompiled user dll's ...
Registered in 0.004870 seconds.
Begin MonoManager ReloadAssembly
Native extension for LinuxStandalone target not found
Native extension for WindowsStandalone target not found
Native extension for OSXStandalone target not found
Refreshing native plugins compatible for Editor in 1.64 ms, found 1 plugins.
Preloading 0 native plugins for Editor in 0.00 ms.
Mono: successfully reloaded assembly
- Completed reload, in  8.203 seconds
Platform modules already initialized, skipping
Refreshing native plugins compatible for Editor in 2.87 ms, found 1 plugins.
Preloading 0 native plugins for Editor in 0.00 ms.
Unloading 1963 Unused Serialized files (Serialized files now loaded: 0)
System memory in use before: 91.2 MB.
System memory in use after: 91.2 MB.

Unloading 13 unused Assets to reduce memory usage. Loaded Objects now: 2507.
Total: 10.198500 ms (FindLiveObjects: 1.455600 ms CreateObjectMapping: 0.565100 ms MarkObjects: 7.334900 ms  DeleteObjects: 0.838200 ms)

========================================================================
Received Prepare
Registering precompiled user dll's ...
Registered in 0.004574 seconds.
Begin MonoManager ReloadAssembly
Native extension for LinuxStandalone target not found
Native extension for WindowsStandalone target not found
Native extension for OSXStandalone target not found
Refreshing native plugins compatible for Editor in 1.12 ms, found 1 plugins.
Preloading 0 native plugins for Editor in 0.00 ms.
Mono: successfully reloaded assembly
- Completed reload, in  3.533 seconds
Platform modules already initialized, skipping
Refreshing native plugins compatible for Editor in 1.06 ms, found 1 plugins.
Preloading 0 native plugins for Editor in 0.00 ms.
Unloading 1963 Unused Serialized files (Serialized files now loaded: 0)
System memory in use before: 91.2 MB.
System memory in use after: 91.2 MB.

Unloading 13 unused Assets to reduce memory usage. Loaded Objects now: 2511.
Total: 7.877100 ms (FindLiveObjects: 0.933100 ms CreateObjectMapping: 0.325300 ms MarkObjects: 5.965900 ms  DeleteObjects: 0.648400 ms)

========================================================================
Received Prepare
Registering precompiled user dll's ...
Registered in 0.004007 seconds.
Begin MonoManager ReloadAssembly
Native extension for LinuxStandalone target not found
Native extension for WindowsStandalone target not found
Native extension for OSXStandalone target not found
Refreshing native plugins compatible for Editor in 1.23 ms, found 1 plugins.
Preloading 0 native plugins for Editor in 0.00 ms.
Mono: successfully reloaded assembly
- Completed reload, in  4.270 seconds
Platform modules already initialized, skipping
Refreshing native plugins compatible for Editor in 1.13 ms, found 1 plugins.
Preloading 0 native plugins for Editor in 0.00 ms.
Unloading 1963 Unused Serialized files (Serialized files now loaded: 0)
System memory in use before: 91.2 MB.
System memory in use after: 91.2 MB.

Unloading 13 unused Assets to reduce memory usage. Loaded Objects now: 2515.
Total: 5.609700 ms (FindLiveObjects: 0.619900 ms CreateObjectMapping: 0.182100 ms MarkObjects: 4.475700 ms  DeleteObjects: 0.328200 ms)

========================================================================
Received Prepare
Registering precompiled user dll's ...
Registered in 0.004655 seconds.
Begin MonoManager ReloadAssembly
Native extension for LinuxStandalone target not found
Native extension for WindowsStandalone target not found
Native extension for OSXStandalone target not found
Refreshing native plugins compatible for Editor in 0.97 ms, found 1 plugins.
Preloading 0 native plugins for Editor in 0.00 ms.
Mono: successfully reloaded assembly
- Completed reload, in  3.123 seconds
Platform modules already initialized, skipping
Refreshing native plugins compatible for Editor in 1.33 ms, found 1 plugins.
Preloading 0 native plugins for Editor in 0.00 ms.
Unloading 1963 Unused Serialized files (Serialized files now loaded: 0)
System memory in use before: 91.2 MB.
System memory in use after: 91.2 MB.

Unloading 13 unused Assets to reduce memory usage. Loaded Objects now: 2519.
Total: 7.834900 ms (FindLiveObjects: 0.861800 ms CreateObjectMapping: 0.230100 ms MarkObjects: 6.129100 ms  DeleteObjects: 0.609400 ms)

========================================================================
Received Import Request.
  Time since last request: 605.825031 seconds.
  path: Assets/Scripts/Quest/QuestStoryConfig.cs
  artifactKey: Guid(abd2735ad47a42d44a9c9de41a4ec5af) Importer(815301076,1909f56bfc062723c751e8b465ee728b)
Start importing Assets/Scripts/Quest/QuestStoryConfig.cs using Guid(abd2735ad47a42d44a9c9de41a4ec5af) Importer(815301076,1909f56bfc062723c751e8b465ee728b)  -> (artifact id: '48d4efddda8b071f1f3af4a64f1f0637') in 0.023765 seconds
  Import took 0.033744 seconds .

========================================================================
Received Import Request.
  Time since last request: 13.083694 seconds.
  path: Assets/Scripts/Quest/QuestStory.cs
  artifactKey: Guid(e3d939a825a459144b4402dc01ecd473) Importer(815301076,1909f56bfc062723c751e8b465ee728b)
Start importing Assets/Scripts/Quest/QuestStory.cs using Guid(e3d939a825a459144b4402dc01ecd473) Importer(815301076,1909f56bfc062723c751e8b465ee728b)  -> (artifact id: 'caa11022fbf14e50a8ee76d1ca0443bd') in 0.079189 seconds
  Import took 0.182105 seconds .

========================================================================
Received Prepare
Registering precompiled user dll's ...
Registered in 0.007688 seconds.
Begin MonoManager ReloadAssembly
Native extension for LinuxStandalone target not found
Native extension for WindowsStandalone target not found
Native extension for OSXStandalone target not found
Refreshing native plugins compatible for Editor in 0.96 ms, found 1 plugins.
Preloading 0 native plugins for Editor in 0.00 ms.
Mono: successfully reloaded assembly
- Completed reload, in  3.374 seconds
Platform modules already initialized, skipping
Refreshing native plugins compatible for Editor in 1.27 ms, found 1 plugins.
Preloading 0 native plugins for Editor in 0.00 ms.
Unloading 1964 Unused Serialized files (Serialized files now loaded: 0)
System memory in use before: 91.3 MB.
System memory in use after: 91.2 MB.

Unloading 13 unused Assets to reduce memory usage. Loaded Objects now: 2524.
Total: 7.647400 ms (FindLiveObjects: 0.733800 ms CreateObjectMapping: 0.169800 ms MarkObjects: 6.434300 ms  DeleteObjects: 0.300000 ms)

========================================================================
Received Prepare
Registering precompiled user dll's ...
Registered in 0.008801 seconds.
Begin MonoManager ReloadAssembly
Native extension for LinuxStandalone target not found
Native extension for WindowsStandalone target not found
Native extension for OSXStandalone target not found
Refreshing native plugins compatible for Editor in 1.05 ms, found 1 plugins.
Preloading 0 native plugins for Editor in 0.00 ms.
Mono: successfully reloaded assembly
- Completed reload, in  2.933 seconds
Platform modules already initialized, skipping
Refreshing native plugins compatible for Editor in 1.05 ms, found 1 plugins.
Preloading 0 native plugins for Editor in 0.00 ms.
Unloading 1964 Unused Serialized files (Serialized files now loaded: 0)
System memory in use before: 91.3 MB.
System memory in use after: 91.3 MB.

Unloading 13 unused Assets to reduce memory usage. Loaded Objects now: 2528.
Total: 7.565700 ms (FindLiveObjects: 0.533000 ms CreateObjectMapping: 0.220800 ms MarkObjects: 6.265900 ms  DeleteObjects: 0.542200 ms)

========================================================================
Received Import Request.
  Time since last request: 2062.256589 seconds.
  path: Assets/Scripts/Quest/QuestStory.cs
  artifactKey: Guid(e3d939a825a459144b4402dc01ecd473) Importer(815301076,1909f56bfc062723c751e8b465ee728b)
Start importing Assets/Scripts/Quest/QuestStory.cs using Guid(e3d939a825a459144b4402dc01ecd473) Importer(815301076,1909f56bfc062723c751e8b465ee728b)  -> (artifact id: 'bade25f047d7f581cf9d11fc8d32b305') in 0.017767 seconds
  Import took 0.026817 seconds .

========================================================================
Received Prepare
Registering precompiled user dll's ...
Registered in 0.009427 seconds.
Begin MonoManager ReloadAssembly
Native extension for LinuxStandalone target not found
Native extension for WindowsStandalone target not found
Native extension for OSXStandalone target not found
Refreshing native plugins compatible for Editor in 1.23 ms, found 1 plugins.
Preloading 0 native plugins for Editor in 0.00 ms.
Mono: successfully reloaded assembly
- Completed reload, in  9.226 seconds
Platform modules already initialized, skipping
Refreshing native plugins compatible for Editor in 3.00 ms, found 1 plugins.
Preloading 0 native plugins for Editor in 0.00 ms.
Unloading 1964 Unused Serialized files (Serialized files now loaded: 0)
System memory in use before: 91.3 MB.
System memory in use after: 91.3 MB.

Unloading 13 unused Assets to reduce memory usage. Loaded Objects now: 2532.
Total: 25.547500 ms (FindLiveObjects: 0.818100 ms CreateObjectMapping: 0.375700 ms MarkObjects: 23.891800 ms  DeleteObjects: 0.456500 ms)

========================================================================
Received Prepare
Registering precompiled user dll's ...
Registered in 0.026351 seconds.
Begin MonoManager ReloadAssembly
Native extension for LinuxStandalone target not found
Native extension for WindowsStandalone target not found
Native extension for OSXStandalone target not found
Refreshing native plugins compatible for Editor in 1.37 ms, found 1 plugins.
Preloading 0 native plugins for Editor in 0.00 ms.
Mono: successfully reloaded assembly
- Completed reload, in  8.048 seconds
Platform modules already initialized, skipping
Refreshing native plugins compatible for Editor in 0.99 ms, found 1 plugins.
Preloading 0 native plugins for Editor in 0.00 ms.
Unloading 1964 Unused Serialized files (Serialized files now loaded: 0)
System memory in use before: 91.3 MB.
System memory in use after: 91.3 MB.

Unloading 13 unused Assets to reduce memory usage. Loaded Objects now: 2536.
Total: 6.733900 ms (FindLiveObjects: 0.541300 ms CreateObjectMapping: 0.300500 ms MarkObjects: 5.315800 ms  DeleteObjects: 0.572600 ms)

========================================================================
Received Import Request.
  Time since last request: 407.058653 seconds.
  path: Assets/Data/Quests/QuestSwich1 1.asset
  artifactKey: Guid(7211ec9aa33e79a4f99642a993627f8c) Importer(815301076,1909f56bfc062723c751e8b465ee728b)
Start importing Assets/Data/Quests/QuestSwich1 1.asset using Guid(7211ec9aa33e79a4f99642a993627f8c) Importer(815301076,1909f56bfc062723c751e8b465ee728b)  -> (artifact id: 'd84deed7e4ae46b3a284306464991da1') in 0.037267 seconds
  Import took 0.043954 seconds .

========================================================================
Received Import Request.
  Time since last request: 0.000666 seconds.
  path: Assets/Data/Quests/QuestSwich2.asset
  artifactKey: Guid(64535458e9891f34c933da65102f41fc) Importer(815301076,1909f56bfc062723c751e8b465ee728b)
Start importing Assets/Data/Quests/QuestSwich2.asset using Guid(64535458e9891f34c933da65102f41fc) Importer(815301076,1909f56bfc062723c751e8b465ee728b)  -> (artifact id: '4ef43204d8a89015421d0867d31634f5') in 0.014299 seconds
  Import took 0.022062 seconds .

========================================================================
Received Import Request.
  Time since last request: 0.000481 seconds.
  path: Assets/Data/Quests/SwichStoryConfig.asset
  artifactKey: Guid(f4f32f641ed7f7342a5dfe8e4d20c277) Importer(815301076,1909f56bfc062723c751e8b465ee728b)
Start importing Assets/Data/Quests/SwichStoryConfig.asset using Guid(f4f32f641ed7f7342a5dfe8e4d20c277) Importer(815301076,1909f56bfc062723c751e8b465ee728b)  -> (artifact id: 'f909d2bb2a472dba32f4eb7f63315703') in 0.016581 seconds
  Import took 0.026420 seconds .

========================================================================
Received Prepare
Registering precompiled user dll's ...
Registered in 0.005925 seconds.
Begin MonoManager ReloadAssembly
Native extension for LinuxStandalone target not found
Native extension for WindowsStandalone target not found
Native extension for OSXStandalone target not found
Refreshing native plugins compatible for Editor in 1.00 ms, found 1 plugins.
Preloading 0 native plugins for Editor in 0.00 ms.
Mono: successfully reloaded assembly
- Completed reload, in  2.898 seconds
Platform modules already initialized, skipping
Refreshing native plugins compatible for Editor in 0.98 ms, found 1 plugins.
Preloading 0 native plugins for Editor in 0.00 ms.
Unloading 1964 Unused Serialized files (Serialized files now loaded: 0)
System memory in use before: 91.3 MB.
System memory in use after: 91.3 MB.

Unloading 13 unused Assets to reduce memory usage. Loaded Objects now: 2540.
Total: 5.710000 ms (FindLiveObjects: 0.533500 ms CreateObjectMapping: 0.158900 ms MarkObjects: 4.722000 ms  DeleteObjects: 0.291800 ms)

========================================================================
Received Import Request.
  Time since last request: 164.353619 seconds.
  path: Assets/Data/Quests/QuestSwich2 1.asset
  artifactKey: Guid(499e1d0b39760f54da79403baf160466) Importer(815301076,1909f56bfc062723c751e8b465ee728b)
Start importing Assets/Data/Quests/QuestSwich2 1.asset using Guid(499e1d0b39760f54da79403baf160466) Importer(815301076,1909f56bfc062723c751e8b465ee728b)  -> (artifact id: '2ab5c1ec633b6377381b9b4107b8ebd6') in 0.050957 seconds
  Import took 0.059103 seconds .

========================================================================
Received Import Request.
  Time since last request: 7.940715 seconds.
  path: Assets/Data/Quests/QuestSwich3.asset
  artifactKey: Guid(499e1d0b39760f54da79403baf160466) Importer(815301076,1909f56bfc062723c751e8b465ee728b)
Start importing Assets/Data/Quests/QuestSwich3.asset using Guid(499e1d0b39760f54da79403baf160466) Importer(815301076,1909f56bfc062723c751e8b465ee728b)  -> (artifact id: '79fcd2c401f2b8ca51083c21257b3039') in 0.023808 seconds
  Import took 0.035789 seconds .

========================================================================
Received Import Request.
  Time since last request: 15.085228 seconds.
  path: Assets/Data/Quests/QuestSwich3.asset
  artifactKey: Guid(499e1d0b39760f54da79403baf160466) Importer(815301076,1909f56bfc062723c751e8b465ee728b)
Start importing Assets/Data/Quests/QuestSwich3.asset using Guid(499e1d0b39760f54da79403baf160466) Importer(815301076,1909f56bfc062723c751e8b465ee728b)  -> (artifact id: '2804455b58648946ac07dbb9e82398e2') in 0.048106 seconds
  Import took 0.055972 seconds .

========================================================================
Received Import Request.
  Time since last request: 0.000652 seconds.
  path: Assets/Data/Quests/SwichStoryConfig.asset
  artifactKey: Guid(f4f32f641ed7f7342a5dfe8e4d20c277) Importer(815301076,1909f56bfc062723c751e8b465ee728b)
Start importing Assets/Data/Quests/SwichStoryConfig.asset using Guid(f4f32f641ed7f7342a5dfe8e4d20c277) Importer(815301076,1909f56bfc062723c751e8b465ee728b)  -> (artifact id: 'c429b209c79976b0975def3e755f7112') in 0.062402 seconds
  Import took 0.076108 seconds .

========================================================================
Received Prepare
Registering precompiled user dll's ...
Registered in 0.006803 seconds.
Begin MonoManager ReloadAssembly
Native extension for LinuxStandalone target not found
Native extension for WindowsStandalone target not found
Native extension for OSXStandalone target not found
Refreshing native plugins compatible for Editor in 1.54 ms, found 1 plugins.
Preloading 0 native plugins for Editor in 0.00 ms.
Mono: successfully reloaded assembly
- Completed reload, in 10.002 seconds
Platform modules already initialized, skipping
Refreshing native plugins compatible for Editor in 1.47 ms, found 1 plugins.
Preloading 0 native plugins for Editor in 0.00 ms.
Unloading 1964 Unused Serialized files (Serialized files now loaded: 0)
System memory in use before: 91.3 MB.
System memory in use after: 91.3 MB.

Unloading 13 unused Assets to reduce memory usage. Loaded Objects now: 2544.
Total: 13.160700 ms (FindLiveObjects: 1.222100 ms CreateObjectMapping: 0.392500 ms MarkObjects: 8.151900 ms  DeleteObjects: 3.385800 ms)

AssetImportWorkerClient::OnTransportError - code=2 error=End of file
